<?xml version="1.0" encoding="utf-8"?>
<testsuites>
	<testsuite name="LDES-feeds-marineinfo" timestamp="2026-06-09T14:05:19.747711+00:00" tests="36" errors="0" failures="4" skipped="0" time="7.595701694488525">
		<testcase name="ldes_harvest [https://marineinfo.org/feed/institute]" classname="LDES-feeds-marineinfo" time="1.8666071891784668">
			<system-out>Fetching RDF graph from: https://marineinfo.org/feed/institute
HTTP 200, Content-Type: 'text/turtle; charset=utf-8;', format: turtle
Successfully parsed 217 triple(s)
</system-out>
		</testcase>
		<testcase name="ldes_event_stream [https://marineinfo.org/feed/institute]" classname="LDES-feeds-marineinfo" time="7.915496826171875e-05">
			<system-out>Found 1 ldes:EventStream declaration(s)
  EventStream: https://marineinfo.org/feed/institute
</system-out>
		</testcase>
		<testcase name="ldes_tree_view [https://marineinfo.org/feed/institute]" classname="LDES-feeds-marineinfo" time="2.0742416381835938e-05">
			<system-out>Found 1 tree:view relation(s)
  tree:view: https://marineinfo.org/feed/institute?fragment=2026-06-05T14%3A00%3A00Z%2F2026-06-05T15%3A00%3A00Z
</system-out>
		</testcase>
		<testcase name="ldes_min_members [https://marineinfo.org/feed/institute]" classname="LDES-feeds-marineinfo" time="0.0005710124969482422">
			<system-out>Traversing LDES feed from: https://marineinfo.org/feed/institute
Fetching LDES fragment: https://marineinfo.org/feed/institute?fragment=2026-06-05T14%3A00%3A00Z%2F2026-06-05T15%3A00%3A00Z
HTTP 200, Content-Type: 'text/turtle; charset=utf-8;', format: turtle
Fetching LDES fragment: https://marineinfo.org/feed/institute?fragment=2026-06-04T20%3A00%3A00Z%2F2026-06-04T21%3A00%3A00Z
HTTP 200, Content-Type: 'text/turtle; charset=utf-8;', format: turtle
Fetching LDES fragment: https://marineinfo.org/feed/institute?fragment=2026-05-28T20%3A00%3A00Z%2F2026-05-28T21%3A00%3A00Z
HTTP 200, Content-Type: 'text/turtle; charset=utf-8;', format: turtle
Fetching LDES fragment: https://marineinfo.org/feed/institute?fragment=2026-05-28T13%3A00%3A00Z%2F2026-05-28T14%3A00%3A00Z
HTTP 200, Content-Type: 'text/turtle; charset=utf-8;', format: turtle
Fetching LDES fragment: https://marineinfo.org/feed/institute?fragment=2026-05-28T12%3A00%3A00Z%2F2026-05-28T13%3A00%3A00Z
HTTP 200, Content-Type: 'text/turtle; charset=utf-8;', format: turtle
Fetching LDES fragment: https://marineinfo.org/feed/institute?fragment=2026-05-21T08%3A00%3A00Z%2F2026-05-21T09%3A00%3A00Z
HTTP 200, Content-Type: 'text/turtle; charset=utf-8;', format: turtle
Fetching LDES fragment: https://marineinfo.org/feed/institute?fragment=2026-05-15T14%3A00%3A00Z%2F2026-05-15T15%3A00%3A00Z
HTTP 200, Content-Type: 'text/turtle; charset=utf-8;', format: turtle
Fetching LDES fragment: https://marineinfo.org/feed/institute?fragment=2026-05-13T14%3A00%3A00Z%2F2026-05-13T15%3A00%3A00Z
HTTP 200, Content-Type: 'text/turtle; charset=utf-8;', format: turtle
Fetching LDES fragment: https://marineinfo.org/feed/institute?fragment=2026-05-13T11%3A00%3A00Z%2F2026-05-13T12%3A00%3A00Z
HTTP 200, Content-Type: 'text/turtle; charset=utf-8;', format: turtle
Traversal complete: 10 fragment(s) fetched, 5148 total triple(s)
Found 500 tree:member(s) across 10 traversed fragment(s); required minimum: 20
</system-out>
		</testcase>
		<testcase name="ldes_min_fragments [https://marineinfo.org/feed/institute]" classname="LDES-feeds-marineinfo" time="3.24249267578125e-05">
			<system-out>Traversing LDES feed from: https://marineinfo.org/feed/institute
Fetching LDES fragment: https://marineinfo.org/feed/institute?fragment=2026-06-05T14%3A00%3A00Z%2F2026-06-05T15%3A00%3A00Z
HTTP 200, Content-Type: 'text/turtle; charset=utf-8;', format: turtle
Fetching LDES fragment: https://marineinfo.org/feed/institute?fragment=2026-06-04T20%3A00%3A00Z%2F2026-06-04T21%3A00%3A00Z
HTTP 200, Content-Type: 'text/turtle; charset=utf-8;', format: turtle
Fetching LDES fragment: https://marineinfo.org/feed/institute?fragment=2026-05-28T20%3A00%3A00Z%2F2026-05-28T21%3A00%3A00Z
HTTP 200, Content-Type: 'text/turtle; charset=utf-8;', format: turtle
Fetching LDES fragment: https://marineinfo.org/feed/institute?fragment=2026-05-28T13%3A00%3A00Z%2F2026-05-28T14%3A00%3A00Z
HTTP 200, Content-Type: 'text/turtle; charset=utf-8;', format: turtle
Fetching LDES fragment: https://marineinfo.org/feed/institute?fragment=2026-05-28T12%3A00%3A00Z%2F2026-05-28T13%3A00%3A00Z
HTTP 200, Content-Type: 'text/turtle; charset=utf-8;', format: turtle
Fetching LDES fragment: https://marineinfo.org/feed/institute?fragment=2026-05-21T08%3A00%3A00Z%2F2026-05-21T09%3A00%3A00Z
HTTP 200, Content-Type: 'text/turtle; charset=utf-8;', format: turtle
Fetching LDES fragment: https://marineinfo.org/feed/institute?fragment=2026-05-15T14%3A00%3A00Z%2F2026-05-15T15%3A00%3A00Z
HTTP 200, Content-Type: 'text/turtle; charset=utf-8;', format: turtle
Fetching LDES fragment: https://marineinfo.org/feed/institute?fragment=2026-05-13T14%3A00%3A00Z%2F2026-05-13T15%3A00%3A00Z
HTTP 200, Content-Type: 'text/turtle; charset=utf-8;', format: turtle
Fetching LDES fragment: https://marineinfo.org/feed/institute?fragment=2026-05-13T11%3A00%3A00Z%2F2026-05-13T12%3A00%3A00Z
HTTP 200, Content-Type: 'text/turtle; charset=utf-8;', format: turtle
Traversal complete: 10 fragment(s) fetched, 5148 total triple(s)
Traversed 10 LDES fragment(s) (following tree:Relation → tree:node links); required minimum: 10
  fragment: https://marineinfo.org/feed/institute
  fragment: https://marineinfo.org/feed/institute?fragment=2026-05-13T11%3A00%3A00Z%2F2026-05-13T12%3A00%3A00Z
  fragment: https://marineinfo.org/feed/institute?fragment=2026-05-13T14%3A00%3A00Z%2F2026-05-13T15%3A00%3A00Z
  fragment: https://marineinfo.org/feed/institute?fragment=2026-05-15T14%3A00%3A00Z%2F2026-05-15T15%3A00%3A00Z
  fragment: https://marineinfo.org/feed/institute?fragment=2026-05-21T08%3A00%3A00Z%2F2026-05-21T09%3A00%3A00Z
  fragment: https://marineinfo.org/feed/institute?fragment=2026-05-28T12%3A00%3A00Z%2F2026-05-28T13%3A00%3A00Z
  fragment: https://marineinfo.org/feed/institute?fragment=2026-05-28T13%3A00%3A00Z%2F2026-05-28T14%3A00%3A00Z
  fragment: https://marineinfo.org/feed/institute?fragment=2026-05-28T20%3A00%3A00Z%2F2026-05-28T21%3A00%3A00Z
  fragment: https://marineinfo.org/feed/institute?fragment=2026-06-04T20%3A00%3A00Z%2F2026-06-04T21%3A00%3A00Z
  fragment: https://marineinfo.org/feed/institute?fragment=2026-06-05T14%3A00%3A00Z%2F2026-06-05T15%3A00%3A00Z
</system-out>
		</testcase>
		<testcase name="ldes_max_age_youngest_member [https://marineinfo.org/feed/institute]" classname="LDES-feeds-marineinfo" time="0.0037043094635009766">
			<system-out>Traversing LDES feed from: https://marineinfo.org/feed/institute
Fetching LDES fragment: https://marineinfo.org/feed/institute?fragment=2026-06-05T14%3A00%3A00Z%2F2026-06-05T15%3A00%3A00Z
HTTP 200, Content-Type: 'text/turtle; charset=utf-8;', format: turtle
Fetching LDES fragment: https://marineinfo.org/feed/institute?fragment=2026-06-04T20%3A00%3A00Z%2F2026-06-04T21%3A00%3A00Z
HTTP 200, Content-Type: 'text/turtle; charset=utf-8;', format: turtle
Fetching LDES fragment: https://marineinfo.org/feed/institute?fragment=2026-05-28T20%3A00%3A00Z%2F2026-05-28T21%3A00%3A00Z
HTTP 200, Content-Type: 'text/turtle; charset=utf-8;', format: turtle
Fetching LDES fragment: https://marineinfo.org/feed/institute?fragment=2026-05-28T13%3A00%3A00Z%2F2026-05-28T14%3A00%3A00Z
HTTP 200, Content-Type: 'text/turtle; charset=utf-8;', format: turtle
Fetching LDES fragment: https://marineinfo.org/feed/institute?fragment=2026-05-28T12%3A00%3A00Z%2F2026-05-28T13%3A00%3A00Z
HTTP 200, Content-Type: 'text/turtle; charset=utf-8;', format: turtle
Fetching LDES fragment: https://marineinfo.org/feed/institute?fragment=2026-05-21T08%3A00%3A00Z%2F2026-05-21T09%3A00%3A00Z
HTTP 200, Content-Type: 'text/turtle; charset=utf-8;', format: turtle
Fetching LDES fragment: https://marineinfo.org/feed/institute?fragment=2026-05-15T14%3A00%3A00Z%2F2026-05-15T15%3A00%3A00Z
HTTP 200, Content-Type: 'text/turtle; charset=utf-8;', format: turtle
Fetching LDES fragment: https://marineinfo.org/feed/institute?fragment=2026-05-13T14%3A00%3A00Z%2F2026-05-13T15%3A00%3A00Z
HTTP 200, Content-Type: 'text/turtle; charset=utf-8;', format: turtle
Fetching LDES fragment: https://marineinfo.org/feed/institute?fragment=2026-05-13T11%3A00%3A00Z%2F2026-05-13T12%3A00%3A00Z
HTTP 200, Content-Type: 'text/turtle; charset=utf-8;', format: turtle
Traversal complete: 10 fragment(s) fetched, 5148 total triple(s)
Checking age of youngest tree:member across 10 traversed fragment(s) of: https://marineinfo.org/feed/institute
Using ldes:timestampPath predicate(s): http://purl.org/dc/elements/1.1/modified
Youngest member timestamp: 2026-06-05T16:06:45+02:00; age: 95.93 hour(s); maximum allowed: 730 hour(s)
</system-out>
		</testcase>
		<testcase name="ldes_harvest [https://marineinfo.org/feed/dataset]" classname="LDES-feeds-marineinfo" time="1.2050001621246338">
			<system-out>Fetching RDF graph from: https://marineinfo.org/feed/dataset
HTTP 200, Content-Type: 'text/turtle; charset=utf-8;', format: turtle
Successfully parsed 215 triple(s)
</system-out>
		</testcase>
		<testcase name="ldes_event_stream [https://marineinfo.org/feed/dataset]" classname="LDES-feeds-marineinfo" time="4.863739013671875e-05">
			<system-out>Found 1 ldes:EventStream declaration(s)
  EventStream: https://marineinfo.org/feed/dataset
</system-out>
		</testcase>
		<testcase name="ldes_tree_view [https://marineinfo.org/feed/dataset]" classname="LDES-feeds-marineinfo" time="2.1457672119140625e-05">
			<system-out>Found 1 tree:view relation(s)
  tree:view: https://marineinfo.org/feed/dataset?fragment=2026-06-09T11%3A00%3A00Z%2F2026-06-09T12%3A00%3A00Z
</system-out>
		</testcase>
		<testcase name="ldes_min_members [https://marineinfo.org/feed/dataset]" classname="LDES-feeds-marineinfo" time="0.0062067508697509766">
			<system-out>Traversing LDES feed from: https://marineinfo.org/feed/dataset
Fetching LDES fragment: https://marineinfo.org/feed/dataset?fragment=2026-06-09T11%3A00%3A00Z%2F2026-06-09T12%3A00%3A00Z
HTTP 200, Content-Type: 'text/turtle; charset=utf-8;', format: turtle
Fetching LDES fragment: https://marineinfo.org/feed/dataset?fragment=2026-06-09T09%3A00%3A00Z%2F2026-06-09T10%3A00%3A00Z
HTTP 200, Content-Type: 'text/turtle; charset=utf-8;', format: turtle
Fetching LDES fragment: https://marineinfo.org/feed/dataset?fragment=2026-06-09T08%3A00%3A00Z%2F2026-06-09T09%3A00%3A00Z
HTTP 200, Content-Type: 'text/turtle; charset=utf-8;', format: turtle
Fetching LDES fragment: https://marineinfo.org/feed/dataset?fragment=2026-06-08T23%3A00%3A00Z%2F2026-06-09T00%3A00%3A00Z
HTTP 200, Content-Type: 'text/turtle; charset=utf-8;', format: turtle
Fetching LDES fragment: https://marineinfo.org/feed/dataset?fragment=2026-06-08T12%3A00%3A00Z%2F2026-06-08T13%3A00%3A00Z
HTTP 200, Content-Type: 'text/turtle; charset=utf-8;', format: turtle
Fetching LDES fragment: https://marineinfo.org/feed/dataset?fragment=2026-06-08T11%3A00%3A00Z%2F2026-06-08T12%3A00%3A00Z
HTTP 200, Content-Type: 'text/turtle; charset=utf-8;', format: turtle
Fetching LDES fragment: https://marineinfo.org/feed/dataset?fragment=2026-06-08T08%3A00%3A00Z%2F2026-06-08T09%3A00%3A00Z
HTTP 200, Content-Type: 'text/turtle; charset=utf-8;', format: turtle
Fetching LDES fragment: https://marineinfo.org/feed/dataset?fragment=2026-06-06T01%3A00%3A00Z%2F2026-06-06T02%3A00%3A00Z
HTTP 200, Content-Type: 'text/turtle; charset=utf-8;', format: turtle
Fetching LDES fragment: https://marineinfo.org/feed/dataset?fragment=2026-06-04T23%3A00%3A00Z%2F2026-06-05T00%3A00%3A00Z
HTTP 200, Content-Type: 'text/turtle; charset=utf-8;', format: turtle
Traversal complete: 10 fragment(s) fetched, 38811 total triple(s)
Found 5827 tree:member(s) across 10 traversed fragment(s); required minimum: 20
</system-out>
		</testcase>
		<testcase name="ldes_min_fragments [https://marineinfo.org/feed/dataset]" classname="LDES-feeds-marineinfo" time="2.002716064453125e-05">
			<system-out>Traversing LDES feed from: https://marineinfo.org/feed/dataset
Fetching LDES fragment: https://marineinfo.org/feed/dataset?fragment=2026-06-09T11%3A00%3A00Z%2F2026-06-09T12%3A00%3A00Z
HTTP 200, Content-Type: 'text/turtle; charset=utf-8;', format: turtle
Fetching LDES fragment: https://marineinfo.org/feed/dataset?fragment=2026-06-09T09%3A00%3A00Z%2F2026-06-09T10%3A00%3A00Z
HTTP 200, Content-Type: 'text/turtle; charset=utf-8;', format: turtle
Fetching LDES fragment: https://marineinfo.org/feed/dataset?fragment=2026-06-09T08%3A00%3A00Z%2F2026-06-09T09%3A00%3A00Z
HTTP 200, Content-Type: 'text/turtle; charset=utf-8;', format: turtle
Fetching LDES fragment: https://marineinfo.org/feed/dataset?fragment=2026-06-08T23%3A00%3A00Z%2F2026-06-09T00%3A00%3A00Z
HTTP 200, Content-Type: 'text/turtle; charset=utf-8;', format: turtle
Fetching LDES fragment: https://marineinfo.org/feed/dataset?fragment=2026-06-08T12%3A00%3A00Z%2F2026-06-08T13%3A00%3A00Z
HTTP 200, Content-Type: 'text/turtle; charset=utf-8;', format: turtle
Fetching LDES fragment: https://marineinfo.org/feed/dataset?fragment=2026-06-08T11%3A00%3A00Z%2F2026-06-08T12%3A00%3A00Z
HTTP 200, Content-Type: 'text/turtle; charset=utf-8;', format: turtle
Fetching LDES fragment: https://marineinfo.org/feed/dataset?fragment=2026-06-08T08%3A00%3A00Z%2F2026-06-08T09%3A00%3A00Z
HTTP 200, Content-Type: 'text/turtle; charset=utf-8;', format: turtle
Fetching LDES fragment: https://marineinfo.org/feed/dataset?fragment=2026-06-06T01%3A00%3A00Z%2F2026-06-06T02%3A00%3A00Z
HTTP 200, Content-Type: 'text/turtle; charset=utf-8;', format: turtle
Fetching LDES fragment: https://marineinfo.org/feed/dataset?fragment=2026-06-04T23%3A00%3A00Z%2F2026-06-05T00%3A00%3A00Z
HTTP 200, Content-Type: 'text/turtle; charset=utf-8;', format: turtle
Traversal complete: 10 fragment(s) fetched, 38811 total triple(s)
Traversed 10 LDES fragment(s) (following tree:Relation → tree:node links); required minimum: 10
  fragment: https://marineinfo.org/feed/dataset
  fragment: https://marineinfo.org/feed/dataset?fragment=2026-06-04T23%3A00%3A00Z%2F2026-06-05T00%3A00%3A00Z
  fragment: https://marineinfo.org/feed/dataset?fragment=2026-06-06T01%3A00%3A00Z%2F2026-06-06T02%3A00%3A00Z
  fragment: https://marineinfo.org/feed/dataset?fragment=2026-06-08T08%3A00%3A00Z%2F2026-06-08T09%3A00%3A00Z
  fragment: https://marineinfo.org/feed/dataset?fragment=2026-06-08T11%3A00%3A00Z%2F2026-06-08T12%3A00%3A00Z
  fragment: https://marineinfo.org/feed/dataset?fragment=2026-06-08T12%3A00%3A00Z%2F2026-06-08T13%3A00%3A00Z
  fragment: https://marineinfo.org/feed/dataset?fragment=2026-06-08T23%3A00%3A00Z%2F2026-06-09T00%3A00%3A00Z
  fragment: https://marineinfo.org/feed/dataset?fragment=2026-06-09T08%3A00%3A00Z%2F2026-06-09T09%3A00%3A00Z
  fragment: https://marineinfo.org/feed/dataset?fragment=2026-06-09T09%3A00%3A00Z%2F2026-06-09T10%3A00%3A00Z
  fragment: https://marineinfo.org/feed/dataset?fragment=2026-06-09T11%3A00%3A00Z%2F2026-06-09T12%3A00%3A00Z
</system-out>
		</testcase>
		<testcase name="ldes_max_age_youngest_member [https://marineinfo.org/feed/dataset]" classname="LDES-feeds-marineinfo" time="0.0430145263671875">
			<system-out>Traversing LDES feed from: https://marineinfo.org/feed/dataset
Fetching LDES fragment: https://marineinfo.org/feed/dataset?fragment=2026-06-09T11%3A00%3A00Z%2F2026-06-09T12%3A00%3A00Z
HTTP 200, Content-Type: 'text/turtle; charset=utf-8;', format: turtle
Fetching LDES fragment: https://marineinfo.org/feed/dataset?fragment=2026-06-09T09%3A00%3A00Z%2F2026-06-09T10%3A00%3A00Z
HTTP 200, Content-Type: 'text/turtle; charset=utf-8;', format: turtle
Fetching LDES fragment: https://marineinfo.org/feed/dataset?fragment=2026-06-09T08%3A00%3A00Z%2F2026-06-09T09%3A00%3A00Z
HTTP 200, Content-Type: 'text/turtle; charset=utf-8;', format: turtle
Fetching LDES fragment: https://marineinfo.org/feed/dataset?fragment=2026-06-08T23%3A00%3A00Z%2F2026-06-09T00%3A00%3A00Z
HTTP 200, Content-Type: 'text/turtle; charset=utf-8;', format: turtle
Fetching LDES fragment: https://marineinfo.org/feed/dataset?fragment=2026-06-08T12%3A00%3A00Z%2F2026-06-08T13%3A00%3A00Z
HTTP 200, Content-Type: 'text/turtle; charset=utf-8;', format: turtle
Fetching LDES fragment: https://marineinfo.org/feed/dataset?fragment=2026-06-08T11%3A00%3A00Z%2F2026-06-08T12%3A00%3A00Z
HTTP 200, Content-Type: 'text/turtle; charset=utf-8;', format: turtle
Fetching LDES fragment: https://marineinfo.org/feed/dataset?fragment=2026-06-08T08%3A00%3A00Z%2F2026-06-08T09%3A00%3A00Z
HTTP 200, Content-Type: 'text/turtle; charset=utf-8;', format: turtle
Fetching LDES fragment: https://marineinfo.org/feed/dataset?fragment=2026-06-06T01%3A00%3A00Z%2F2026-06-06T02%3A00%3A00Z
HTTP 200, Content-Type: 'text/turtle; charset=utf-8;', format: turtle
Fetching LDES fragment: https://marineinfo.org/feed/dataset?fragment=2026-06-04T23%3A00%3A00Z%2F2026-06-05T00%3A00%3A00Z
HTTP 200, Content-Type: 'text/turtle; charset=utf-8;', format: turtle
Traversal complete: 10 fragment(s) fetched, 38811 total triple(s)
Checking age of youngest tree:member across 10 traversed fragment(s) of: https://marineinfo.org/feed/dataset
Using ldes:timestampPath predicate(s): http://purl.org/dc/elements/1.1/modified
Youngest member timestamp: 2026-06-09T13:27:47+02:00; age: 2.60 hour(s); maximum allowed: 730 hour(s)
</system-out>
		</testcase>
		<testcase name="ldes_harvest [https://marineinfo.org/feed/publication]" classname="LDES-feeds-marineinfo" time="1.0128226280212402">
			<system-out>Fetching RDF graph from: https://marineinfo.org/feed/publication
HTTP 200, Content-Type: 'text/turtle; charset=utf-8;', format: turtle
Successfully parsed 263 triple(s)
</system-out>
		</testcase>
		<testcase name="ldes_event_stream [https://marineinfo.org/feed/publication]" classname="LDES-feeds-marineinfo" time="4.410743713378906e-05">
			<system-out>Found 1 ldes:EventStream declaration(s)
  EventStream: https://marineinfo.org/feed/publication
</system-out>
		</testcase>
		<testcase name="ldes_tree_view [https://marineinfo.org/feed/publication]" classname="LDES-feeds-marineinfo" time="1.9311904907226562e-05">
			<system-out>Found 1 tree:view relation(s)
  tree:view: https://marineinfo.org/feed/publication?fragment=2026-06-09T13%3A00%3A00Z%2F2026-06-09T14%3A00%3A00Z
</system-out>
		</testcase>
		<testcase name="ldes_min_members [https://marineinfo.org/feed/publication]" classname="LDES-feeds-marineinfo" time="8.7738037109375e-05">
			<failure message="Insufficient members: found 18, expected at least 20">The event stream at https://marineinfo.org/feed/publication exposes only 18 tree:member triple(s) across 8 traversed fragment(s), but at least 20 are required</failure>
			<system-out>Traversing LDES feed from: https://marineinfo.org/feed/publication
Fetching LDES fragment: https://marineinfo.org/feed/publication?fragment=2026-06-09T13%3A00%3A00Z%2F2026-06-09T14%3A00%3A00Z
HTTP 200, Content-Type: 'text/turtle; charset=utf-8;', format: turtle
Fetching LDES fragment: https://marineinfo.org/feed/publication?fragment=2026-06-09T12%3A00%3A00Z%2F2026-06-09T13%3A00%3A00Z
HTTP 200, Content-Type: 'text/turtle; charset=utf-8;', format: turtle
Fetching LDES fragment: https://marineinfo.org/feed/publication?fragment=2026-06-09T11%3A00%3A00Z%2F2026-06-09T12%3A00%3A00Z
HTTP 200, Content-Type: 'text/turtle; charset=utf-8;', format: turtle
Fetching LDES fragment: https://marineinfo.org/feed/publication?fragment=2026-06-09T10%3A00%3A00Z%2F2026-06-09T11%3A00%3A00Z
HTTP 200, Content-Type: 'text/turtle; charset=utf-8;', format: turtle
Fetching LDES fragment: https://marineinfo.org/feed/publication?fragment=2026-06-09T09%3A00%3A00Z%2F2026-06-09T10%3A00%3A00Z
HTTP 200, Content-Type: 'text/turtle; charset=utf-8;', format: turtle
Fetching LDES fragment: https://marineinfo.org/feed/publication?fragment=2026-06-09T08%3A00%3A00Z%2F2026-06-09T09%3A00%3A00Z
HTTP 200, Content-Type: 'text/turtle; charset=utf-8;', format: turtle
Fetching LDES fragment: https://marineinfo.org/feed/publication?fragment=2026-06-09T07%3A00%3A00Z%2F2026-06-09T08%3A00%3A00Z
HTTP 200, Content-Type: 'text/turtle; charset=utf-8;', format: turtle
Fetching LDES fragment: https://marineinfo.org/feed/publication?fragment=2026-06-08T23%3A00%3A00Z%2F2026-06-09T00%3A00%3A00Z
Traversal complete: 8 fragment(s) fetched, 2050 total triple(s)
Found 18 tree:member(s) across 8 traversed fragment(s); required minimum: 20
</system-out>
			<system-err>Could not fetch fragment https://marineinfo.org/feed/publication?fragment=2026-06-08T23%3A00%3A00Z%2F2026-06-09T00%3A00%3A00Z: 500 Server Error: Internal Server Error for url: https://marineinfo.org/imis?module=ref&amp;show=feed&amp;format=ttl&amp;fragment=2026-06-08T23%253A00%253A00Z%252F2026-06-09T00%253A00%253A00Z
Warning: could not fetch fragment https://marineinfo.org/feed/publication?fragment=2026-06-08T23%3A00%3A00Z%2F2026-06-09T00%3A00%3A00Z: 500 Server Error: Internal Server Error for url: https://marineinfo.org/imis?module=ref&amp;show=feed&amp;format=ttl&amp;fragment=2026-06-08T23%253A00%253A00Z%252F2026-06-09T00%253A00%253A00Z
Insufficient members: 18 &lt; 20
</system-err>
		</testcase>
		<testcase name="ldes_min_fragments [https://marineinfo.org/feed/publication]" classname="LDES-feeds-marineinfo" time="1.430511474609375e-05">
			<failure message="Insufficient fragments: traversed 8, expected at least 10">The LDES feed at https://marineinfo.org/feed/publication yielded only 8 traversed fragment(s) (following tree:Relation → tree:node links), but at least 10 are required</failure>
			<system-out>Traversing LDES feed from: https://marineinfo.org/feed/publication
Fetching LDES fragment: https://marineinfo.org/feed/publication?fragment=2026-06-09T13%3A00%3A00Z%2F2026-06-09T14%3A00%3A00Z
HTTP 200, Content-Type: 'text/turtle; charset=utf-8;', format: turtle
Fetching LDES fragment: https://marineinfo.org/feed/publication?fragment=2026-06-09T12%3A00%3A00Z%2F2026-06-09T13%3A00%3A00Z
HTTP 200, Content-Type: 'text/turtle; charset=utf-8;', format: turtle
Fetching LDES fragment: https://marineinfo.org/feed/publication?fragment=2026-06-09T11%3A00%3A00Z%2F2026-06-09T12%3A00%3A00Z
HTTP 200, Content-Type: 'text/turtle; charset=utf-8;', format: turtle
Fetching LDES fragment: https://marineinfo.org/feed/publication?fragment=2026-06-09T10%3A00%3A00Z%2F2026-06-09T11%3A00%3A00Z
HTTP 200, Content-Type: 'text/turtle; charset=utf-8;', format: turtle
Fetching LDES fragment: https://marineinfo.org/feed/publication?fragment=2026-06-09T09%3A00%3A00Z%2F2026-06-09T10%3A00%3A00Z
HTTP 200, Content-Type: 'text/turtle; charset=utf-8;', format: turtle
Fetching LDES fragment: https://marineinfo.org/feed/publication?fragment=2026-06-09T08%3A00%3A00Z%2F2026-06-09T09%3A00%3A00Z
HTTP 200, Content-Type: 'text/turtle; charset=utf-8;', format: turtle
Fetching LDES fragment: https://marineinfo.org/feed/publication?fragment=2026-06-09T07%3A00%3A00Z%2F2026-06-09T08%3A00%3A00Z
HTTP 200, Content-Type: 'text/turtle; charset=utf-8;', format: turtle
Fetching LDES fragment: https://marineinfo.org/feed/publication?fragment=2026-06-08T23%3A00%3A00Z%2F2026-06-09T00%3A00%3A00Z
Traversal complete: 8 fragment(s) fetched, 2050 total triple(s)
Traversed 8 LDES fragment(s) (following tree:Relation → tree:node links); required minimum: 10
  fragment: https://marineinfo.org/feed/publication
  fragment: https://marineinfo.org/feed/publication?fragment=2026-06-09T07%3A00%3A00Z%2F2026-06-09T08%3A00%3A00Z
  fragment: https://marineinfo.org/feed/publication?fragment=2026-06-09T08%3A00%3A00Z%2F2026-06-09T09%3A00%3A00Z
  fragment: https://marineinfo.org/feed/publication?fragment=2026-06-09T09%3A00%3A00Z%2F2026-06-09T10%3A00%3A00Z
  fragment: https://marineinfo.org/feed/publication?fragment=2026-06-09T10%3A00%3A00Z%2F2026-06-09T11%3A00%3A00Z
  fragment: https://marineinfo.org/feed/publication?fragment=2026-06-09T11%3A00%3A00Z%2F2026-06-09T12%3A00%3A00Z
  fragment: https://marineinfo.org/feed/publication?fragment=2026-06-09T12%3A00%3A00Z%2F2026-06-09T13%3A00%3A00Z
  fragment: https://marineinfo.org/feed/publication?fragment=2026-06-09T13%3A00%3A00Z%2F2026-06-09T14%3A00%3A00Z
</system-out>
			<system-err>Could not fetch fragment https://marineinfo.org/feed/publication?fragment=2026-06-08T23%3A00%3A00Z%2F2026-06-09T00%3A00%3A00Z: 500 Server Error: Internal Server Error for url: https://marineinfo.org/imis?module=ref&amp;show=feed&amp;format=ttl&amp;fragment=2026-06-08T23%253A00%253A00Z%252F2026-06-09T00%253A00%253A00Z
Warning: could not fetch fragment https://marineinfo.org/feed/publication?fragment=2026-06-08T23%3A00%3A00Z%2F2026-06-09T00%3A00%3A00Z: 500 Server Error: Internal Server Error for url: https://marineinfo.org/imis?module=ref&amp;show=feed&amp;format=ttl&amp;fragment=2026-06-08T23%253A00%253A00Z%252F2026-06-09T00%253A00%253A00Z
Insufficient fragments: 8 &lt; 10
</system-err>
		</testcase>
		<testcase name="ldes_max_age_youngest_member [https://marineinfo.org/feed/publication]" classname="LDES-feeds-marineinfo" time="0.00022840499877929688">
			<system-out>Traversing LDES feed from: https://marineinfo.org/feed/publication
Fetching LDES fragment: https://marineinfo.org/feed/publication?fragment=2026-06-09T13%3A00%3A00Z%2F2026-06-09T14%3A00%3A00Z
HTTP 200, Content-Type: 'text/turtle; charset=utf-8;', format: turtle
Fetching LDES fragment: https://marineinfo.org/feed/publication?fragment=2026-06-09T12%3A00%3A00Z%2F2026-06-09T13%3A00%3A00Z
HTTP 200, Content-Type: 'text/turtle; charset=utf-8;', format: turtle
Fetching LDES fragment: https://marineinfo.org/feed/publication?fragment=2026-06-09T11%3A00%3A00Z%2F2026-06-09T12%3A00%3A00Z
HTTP 200, Content-Type: 'text/turtle; charset=utf-8;', format: turtle
Fetching LDES fragment: https://marineinfo.org/feed/publication?fragment=2026-06-09T10%3A00%3A00Z%2F2026-06-09T11%3A00%3A00Z
HTTP 200, Content-Type: 'text/turtle; charset=utf-8;', format: turtle
Fetching LDES fragment: https://marineinfo.org/feed/publication?fragment=2026-06-09T09%3A00%3A00Z%2F2026-06-09T10%3A00%3A00Z
HTTP 200, Content-Type: 'text/turtle; charset=utf-8;', format: turtle
Fetching LDES fragment: https://marineinfo.org/feed/publication?fragment=2026-06-09T08%3A00%3A00Z%2F2026-06-09T09%3A00%3A00Z
HTTP 200, Content-Type: 'text/turtle; charset=utf-8;', format: turtle
Fetching LDES fragment: https://marineinfo.org/feed/publication?fragment=2026-06-09T07%3A00%3A00Z%2F2026-06-09T08%3A00%3A00Z
HTTP 200, Content-Type: 'text/turtle; charset=utf-8;', format: turtle
Fetching LDES fragment: https://marineinfo.org/feed/publication?fragment=2026-06-08T23%3A00%3A00Z%2F2026-06-09T00%3A00%3A00Z
Traversal complete: 8 fragment(s) fetched, 2050 total triple(s)
Checking age of youngest tree:member across 8 traversed fragment(s) of: https://marineinfo.org/feed/publication
Using ldes:timestampPath predicate(s): http://purl.org/dc/elements/1.1/modified
Youngest member timestamp: 2026-06-09T15:50:21+02:00; age: 0.24 hour(s); maximum allowed: 730 hour(s)
</system-out>
			<system-err>Could not fetch fragment https://marineinfo.org/feed/publication?fragment=2026-06-08T23%3A00%3A00Z%2F2026-06-09T00%3A00%3A00Z: 500 Server Error: Internal Server Error for url: https://marineinfo.org/imis?module=ref&amp;show=feed&amp;format=ttl&amp;fragment=2026-06-08T23%253A00%253A00Z%252F2026-06-09T00%253A00%253A00Z
Warning: could not fetch fragment https://marineinfo.org/feed/publication?fragment=2026-06-08T23%3A00%3A00Z%2F2026-06-09T00%3A00%3A00Z: 500 Server Error: Internal Server Error for url: https://marineinfo.org/imis?module=ref&amp;show=feed&amp;format=ttl&amp;fragment=2026-06-08T23%253A00%253A00Z%252F2026-06-09T00%253A00%253A00Z
</system-err>
		</testcase>
		<testcase name="ldes_harvest [https://marineinfo.org/feed/person]" classname="LDES-feeds-marineinfo" time="1.1828367710113525">
			<system-out>Fetching RDF graph from: https://marineinfo.org/feed/person
HTTP 200, Content-Type: 'text/turtle; charset=utf-8;', format: turtle
Successfully parsed 174 triple(s)
</system-out>
		</testcase>
		<testcase name="ldes_event_stream [https://marineinfo.org/feed/person]" classname="LDES-feeds-marineinfo" time="4.839897155761719e-05">
			<system-out>Found 1 ldes:EventStream declaration(s)
  EventStream: https://marineinfo.org/feed/person
</system-out>
		</testcase>
		<testcase name="ldes_tree_view [https://marineinfo.org/feed/person]" classname="LDES-feeds-marineinfo" time="1.9073486328125e-05">
			<system-out>Found 1 tree:view relation(s)
  tree:view: https://marineinfo.org/feed/person?fragment=2026-06-09T13%3A00%3A00Z%2F2026-06-09T14%3A00%3A00Z
</system-out>
		</testcase>
		<testcase name="ldes_min_members [https://marineinfo.org/feed/person]" classname="LDES-feeds-marineinfo" time="0.0013248920440673828">
			<system-out>Traversing LDES feed from: https://marineinfo.org/feed/person
Fetching LDES fragment: https://marineinfo.org/feed/person?fragment=2026-06-09T13%3A00%3A00Z%2F2026-06-09T14%3A00%3A00Z
HTTP 200, Content-Type: 'text/turtle; charset=utf-8;', format: turtle
Fetching LDES fragment: https://marineinfo.org/feed/person?fragment=2026-06-09T11%3A00%3A00Z%2F2026-06-09T12%3A00%3A00Z
HTTP 200, Content-Type: 'text/turtle; charset=utf-8;', format: turtle
Fetching LDES fragment: https://marineinfo.org/feed/person?fragment=2026-06-09T10%3A00%3A00Z%2F2026-06-09T11%3A00%3A00Z
HTTP 200, Content-Type: 'text/turtle; charset=utf-8;', format: turtle
Fetching LDES fragment: https://marineinfo.org/feed/person?fragment=2026-06-09T09%3A00%3A00Z%2F2026-06-09T10%3A00%3A00Z
HTTP 200, Content-Type: 'text/turtle; charset=utf-8;', format: turtle
Fetching LDES fragment: https://marineinfo.org/feed/person?fragment=2026-06-09T01%3A00%3A00Z%2F2026-06-09T02%3A00%3A00Z
HTTP 200, Content-Type: 'text/turtle; charset=utf-8;', format: turtle
Fetching LDES fragment: https://marineinfo.org/feed/person?fragment=2026-06-08T23%3A00%3A00Z%2F2026-06-09T00%3A00%3A00Z
HTTP 200, Content-Type: 'text/turtle; charset=utf-8;', format: turtle
Fetching LDES fragment: https://marineinfo.org/feed/person?fragment=2026-06-08T12%3A00%3A00Z%2F2026-06-08T13%3A00%3A00Z
HTTP 200, Content-Type: 'text/turtle; charset=utf-8;', format: turtle
Fetching LDES fragment: https://marineinfo.org/feed/person?fragment=2026-06-04T22%3A00%3A00Z%2F2026-06-04T23%3A00%3A00Z
HTTP 200, Content-Type: 'text/turtle; charset=utf-8;', format: turtle
Fetching LDES fragment: https://marineinfo.org/feed/person?fragment=2026-06-03T11%3A00%3A00Z%2F2026-06-03T12%3A00%3A00Z
HTTP 200, Content-Type: 'text/turtle; charset=utf-8;', format: turtle
Traversal complete: 10 fragment(s) fetched, 11062 total triple(s)
Found 1200 tree:member(s) across 10 traversed fragment(s); required minimum: 20
</system-out>
		</testcase>
		<testcase name="ldes_min_fragments [https://marineinfo.org/feed/person]" classname="LDES-feeds-marineinfo" time="1.52587890625e-05">
			<system-out>Traversing LDES feed from: https://marineinfo.org/feed/person
Fetching LDES fragment: https://marineinfo.org/feed/person?fragment=2026-06-09T13%3A00%3A00Z%2F2026-06-09T14%3A00%3A00Z
HTTP 200, Content-Type: 'text/turtle; charset=utf-8;', format: turtle
Fetching LDES fragment: https://marineinfo.org/feed/person?fragment=2026-06-09T11%3A00%3A00Z%2F2026-06-09T12%3A00%3A00Z
HTTP 200, Content-Type: 'text/turtle; charset=utf-8;', format: turtle
Fetching LDES fragment: https://marineinfo.org/feed/person?fragment=2026-06-09T10%3A00%3A00Z%2F2026-06-09T11%3A00%3A00Z
HTTP 200, Content-Type: 'text/turtle; charset=utf-8;', format: turtle
Fetching LDES fragment: https://marineinfo.org/feed/person?fragment=2026-06-09T09%3A00%3A00Z%2F2026-06-09T10%3A00%3A00Z
HTTP 200, Content-Type: 'text/turtle; charset=utf-8;', format: turtle
Fetching LDES fragment: https://marineinfo.org/feed/person?fragment=2026-06-09T01%3A00%3A00Z%2F2026-06-09T02%3A00%3A00Z
HTTP 200, Content-Type: 'text/turtle; charset=utf-8;', format: turtle
Fetching LDES fragment: https://marineinfo.org/feed/person?fragment=2026-06-08T23%3A00%3A00Z%2F2026-06-09T00%3A00%3A00Z
HTTP 200, Content-Type: 'text/turtle; charset=utf-8;', format: turtle
Fetching LDES fragment: https://marineinfo.org/feed/person?fragment=2026-06-08T12%3A00%3A00Z%2F2026-06-08T13%3A00%3A00Z
HTTP 200, Content-Type: 'text/turtle; charset=utf-8;', format: turtle
Fetching LDES fragment: https://marineinfo.org/feed/person?fragment=2026-06-04T22%3A00%3A00Z%2F2026-06-04T23%3A00%3A00Z
HTTP 200, Content-Type: 'text/turtle; charset=utf-8;', format: turtle
Fetching LDES fragment: https://marineinfo.org/feed/person?fragment=2026-06-03T11%3A00%3A00Z%2F2026-06-03T12%3A00%3A00Z
HTTP 200, Content-Type: 'text/turtle; charset=utf-8;', format: turtle
Traversal complete: 10 fragment(s) fetched, 11062 total triple(s)
Traversed 10 LDES fragment(s) (following tree:Relation → tree:node links); required minimum: 10
  fragment: https://marineinfo.org/feed/person
  fragment: https://marineinfo.org/feed/person?fragment=2026-06-03T11%3A00%3A00Z%2F2026-06-03T12%3A00%3A00Z
  fragment: https://marineinfo.org/feed/person?fragment=2026-06-04T22%3A00%3A00Z%2F2026-06-04T23%3A00%3A00Z
  fragment: https://marineinfo.org/feed/person?fragment=2026-06-08T12%3A00%3A00Z%2F2026-06-08T13%3A00%3A00Z
  fragment: https://marineinfo.org/feed/person?fragment=2026-06-08T23%3A00%3A00Z%2F2026-06-09T00%3A00%3A00Z
  fragment: https://marineinfo.org/feed/person?fragment=2026-06-09T01%3A00%3A00Z%2F2026-06-09T02%3A00%3A00Z
  fragment: https://marineinfo.org/feed/person?fragment=2026-06-09T09%3A00%3A00Z%2F2026-06-09T10%3A00%3A00Z
  fragment: https://marineinfo.org/feed/person?fragment=2026-06-09T10%3A00%3A00Z%2F2026-06-09T11%3A00%3A00Z
  fragment: https://marineinfo.org/feed/person?fragment=2026-06-09T11%3A00%3A00Z%2F2026-06-09T12%3A00%3A00Z
  fragment: https://marineinfo.org/feed/person?fragment=2026-06-09T13%3A00%3A00Z%2F2026-06-09T14%3A00%3A00Z
</system-out>
		</testcase>
		<testcase name="ldes_max_age_youngest_member [https://marineinfo.org/feed/person]" classname="LDES-feeds-marineinfo" time="0.008824825286865234">
			<system-out>Traversing LDES feed from: https://marineinfo.org/feed/person
Fetching LDES fragment: https://marineinfo.org/feed/person?fragment=2026-06-09T13%3A00%3A00Z%2F2026-06-09T14%3A00%3A00Z
HTTP 200, Content-Type: 'text/turtle; charset=utf-8;', format: turtle
Fetching LDES fragment: https://marineinfo.org/feed/person?fragment=2026-06-09T11%3A00%3A00Z%2F2026-06-09T12%3A00%3A00Z
HTTP 200, Content-Type: 'text/turtle; charset=utf-8;', format: turtle
Fetching LDES fragment: https://marineinfo.org/feed/person?fragment=2026-06-09T10%3A00%3A00Z%2F2026-06-09T11%3A00%3A00Z
HTTP 200, Content-Type: 'text/turtle; charset=utf-8;', format: turtle
Fetching LDES fragment: https://marineinfo.org/feed/person?fragment=2026-06-09T09%3A00%3A00Z%2F2026-06-09T10%3A00%3A00Z
HTTP 200, Content-Type: 'text/turtle; charset=utf-8;', format: turtle
Fetching LDES fragment: https://marineinfo.org/feed/person?fragment=2026-06-09T01%3A00%3A00Z%2F2026-06-09T02%3A00%3A00Z
HTTP 200, Content-Type: 'text/turtle; charset=utf-8;', format: turtle
Fetching LDES fragment: https://marineinfo.org/feed/person?fragment=2026-06-08T23%3A00%3A00Z%2F2026-06-09T00%3A00%3A00Z
HTTP 200, Content-Type: 'text/turtle; charset=utf-8;', format: turtle
Fetching LDES fragment: https://marineinfo.org/feed/person?fragment=2026-06-08T12%3A00%3A00Z%2F2026-06-08T13%3A00%3A00Z
HTTP 200, Content-Type: 'text/turtle; charset=utf-8;', format: turtle
Fetching LDES fragment: https://marineinfo.org/feed/person?fragment=2026-06-04T22%3A00%3A00Z%2F2026-06-04T23%3A00%3A00Z
HTTP 200, Content-Type: 'text/turtle; charset=utf-8;', format: turtle
Fetching LDES fragment: https://marineinfo.org/feed/person?fragment=2026-06-03T11%3A00%3A00Z%2F2026-06-03T12%3A00%3A00Z
HTTP 200, Content-Type: 'text/turtle; charset=utf-8;', format: turtle
Traversal complete: 10 fragment(s) fetched, 11062 total triple(s)
Checking age of youngest tree:member across 10 traversed fragment(s) of: https://marineinfo.org/feed/person
Using ldes:timestampPath predicate(s): http://purl.org/dc/elements/1.1/modified
Youngest member timestamp: 2026-06-09T15:39:05+02:00; age: 0.43 hour(s); maximum allowed: 730 hour(s)
</system-out>
		</testcase>
		<testcase name="ldes_harvest [https://marineinfo.org/feed/project]" classname="LDES-feeds-marineinfo" time="1.0994796752929688">
			<system-out>Fetching RDF graph from: https://marineinfo.org/feed/project
HTTP 200, Content-Type: 'text/turtle; charset=utf-8;', format: turtle
Successfully parsed 218 triple(s)
</system-out>
		</testcase>
		<testcase name="ldes_event_stream [https://marineinfo.org/feed/project]" classname="LDES-feeds-marineinfo" time="4.2438507080078125e-05">
			<system-out>Found 1 ldes:EventStream declaration(s)
  EventStream: https://marineinfo.org/feed/project
</system-out>
		</testcase>
		<testcase name="ldes_tree_view [https://marineinfo.org/feed/project]" classname="LDES-feeds-marineinfo" time="1.9788742065429688e-05">
			<system-out>Found 1 tree:view relation(s)
  tree:view: https://marineinfo.org/feed/project?fragment=2026-06-09T13%3A00%3A00Z%2F2026-06-09T14%3A00%3A00Z
</system-out>
		</testcase>
		<testcase name="ldes_min_members [https://marineinfo.org/feed/project]" classname="LDES-feeds-marineinfo" time="7.510185241699219e-05">
			<failure message="Insufficient members: found 17, expected at least 20">The event stream at https://marineinfo.org/feed/project exposes only 17 tree:member triple(s) across 10 traversed fragment(s), but at least 20 are required</failure>
			<system-out>Traversing LDES feed from: https://marineinfo.org/feed/project
Fetching LDES fragment: https://marineinfo.org/feed/project?fragment=2026-06-09T13%3A00%3A00Z%2F2026-06-09T14%3A00%3A00Z
HTTP 200, Content-Type: 'text/turtle; charset=utf-8;', format: turtle
Fetching LDES fragment: https://marineinfo.org/feed/project?fragment=2026-06-03T14%3A00%3A00Z%2F2026-06-03T15%3A00%3A00Z
HTTP 200, Content-Type: 'text/turtle; charset=utf-8;', format: turtle
Fetching LDES fragment: https://marineinfo.org/feed/project?fragment=2026-06-03T13%3A00%3A00Z%2F2026-06-03T14%3A00%3A00Z
HTTP 200, Content-Type: 'text/turtle; charset=utf-8;', format: turtle
Fetching LDES fragment: https://marineinfo.org/feed/project?fragment=2026-06-03T09%3A00%3A00Z%2F2026-06-03T10%3A00%3A00Z
HTTP 200, Content-Type: 'text/turtle; charset=utf-8;', format: turtle
Fetching LDES fragment: https://marineinfo.org/feed/project?fragment=2026-06-03T08%3A00%3A00Z%2F2026-06-03T09%3A00%3A00Z
HTTP 200, Content-Type: 'text/turtle; charset=utf-8;', format: turtle
Fetching LDES fragment: https://marineinfo.org/feed/project?fragment=2026-05-28T13%3A00%3A00Z%2F2026-05-28T14%3A00%3A00Z
HTTP 200, Content-Type: 'text/turtle; charset=utf-8;', format: turtle
Fetching LDES fragment: https://marineinfo.org/feed/project?fragment=2026-05-22T14%3A00%3A00Z%2F2026-05-22T15%3A00%3A00Z
HTTP 200, Content-Type: 'text/turtle; charset=utf-8;', format: turtle
Fetching LDES fragment: https://marineinfo.org/feed/project?fragment=2026-05-22T13%3A00%3A00Z%2F2026-05-22T14%3A00%3A00Z
HTTP 200, Content-Type: 'text/turtle; charset=utf-8;', format: turtle
Fetching LDES fragment: https://marineinfo.org/feed/project?fragment=2026-05-22T12%3A00%3A00Z%2F2026-05-22T13%3A00%3A00Z
HTTP 200, Content-Type: 'text/turtle; charset=utf-8;', format: turtle
Traversal complete: 10 fragment(s) fetched, 2180 total triple(s)
Found 17 tree:member(s) across 10 traversed fragment(s); required minimum: 20
</system-out>
			<system-err>Insufficient members: 17 &lt; 20
</system-err>
		</testcase>
		<testcase name="ldes_min_fragments [https://marineinfo.org/feed/project]" classname="LDES-feeds-marineinfo" time="1.4066696166992188e-05">
			<system-out>Traversing LDES feed from: https://marineinfo.org/feed/project
Fetching LDES fragment: https://marineinfo.org/feed/project?fragment=2026-06-09T13%3A00%3A00Z%2F2026-06-09T14%3A00%3A00Z
HTTP 200, Content-Type: 'text/turtle; charset=utf-8;', format: turtle
Fetching LDES fragment: https://marineinfo.org/feed/project?fragment=2026-06-03T14%3A00%3A00Z%2F2026-06-03T15%3A00%3A00Z
HTTP 200, Content-Type: 'text/turtle; charset=utf-8;', format: turtle
Fetching LDES fragment: https://marineinfo.org/feed/project?fragment=2026-06-03T13%3A00%3A00Z%2F2026-06-03T14%3A00%3A00Z
HTTP 200, Content-Type: 'text/turtle; charset=utf-8;', format: turtle
Fetching LDES fragment: https://marineinfo.org/feed/project?fragment=2026-06-03T09%3A00%3A00Z%2F2026-06-03T10%3A00%3A00Z
HTTP 200, Content-Type: 'text/turtle; charset=utf-8;', format: turtle
Fetching LDES fragment: https://marineinfo.org/feed/project?fragment=2026-06-03T08%3A00%3A00Z%2F2026-06-03T09%3A00%3A00Z
HTTP 200, Content-Type: 'text/turtle; charset=utf-8;', format: turtle
Fetching LDES fragment: https://marineinfo.org/feed/project?fragment=2026-05-28T13%3A00%3A00Z%2F2026-05-28T14%3A00%3A00Z
HTTP 200, Content-Type: 'text/turtle; charset=utf-8;', format: turtle
Fetching LDES fragment: https://marineinfo.org/feed/project?fragment=2026-05-22T14%3A00%3A00Z%2F2026-05-22T15%3A00%3A00Z
HTTP 200, Content-Type: 'text/turtle; charset=utf-8;', format: turtle
Fetching LDES fragment: https://marineinfo.org/feed/project?fragment=2026-05-22T13%3A00%3A00Z%2F2026-05-22T14%3A00%3A00Z
HTTP 200, Content-Type: 'text/turtle; charset=utf-8;', format: turtle
Fetching LDES fragment: https://marineinfo.org/feed/project?fragment=2026-05-22T12%3A00%3A00Z%2F2026-05-22T13%3A00%3A00Z
HTTP 200, Content-Type: 'text/turtle; charset=utf-8;', format: turtle
Traversal complete: 10 fragment(s) fetched, 2180 total triple(s)
Traversed 10 LDES fragment(s) (following tree:Relation → tree:node links); required minimum: 10
  fragment: https://marineinfo.org/feed/project
  fragment: https://marineinfo.org/feed/project?fragment=2026-05-22T12%3A00%3A00Z%2F2026-05-22T13%3A00%3A00Z
  fragment: https://marineinfo.org/feed/project?fragment=2026-05-22T13%3A00%3A00Z%2F2026-05-22T14%3A00%3A00Z
  fragment: https://marineinfo.org/feed/project?fragment=2026-05-22T14%3A00%3A00Z%2F2026-05-22T15%3A00%3A00Z
  fragment: https://marineinfo.org/feed/project?fragment=2026-05-28T13%3A00%3A00Z%2F2026-05-28T14%3A00%3A00Z
  fragment: https://marineinfo.org/feed/project?fragment=2026-06-03T08%3A00%3A00Z%2F2026-06-03T09%3A00%3A00Z
  fragment: https://marineinfo.org/feed/project?fragment=2026-06-03T09%3A00%3A00Z%2F2026-06-03T10%3A00%3A00Z
  fragment: https://marineinfo.org/feed/project?fragment=2026-06-03T13%3A00%3A00Z%2F2026-06-03T14%3A00%3A00Z
  fragment: https://marineinfo.org/feed/project?fragment=2026-06-03T14%3A00%3A00Z%2F2026-06-03T15%3A00%3A00Z
  fragment: https://marineinfo.org/feed/project?fragment=2026-06-09T13%3A00%3A00Z%2F2026-06-09T14%3A00%3A00Z
</system-out>
		</testcase>
		<testcase name="ldes_max_age_youngest_member [https://marineinfo.org/feed/project]" classname="LDES-feeds-marineinfo" time="0.00020074844360351562">
			<system-out>Traversing LDES feed from: https://marineinfo.org/feed/project
Fetching LDES fragment: https://marineinfo.org/feed/project?fragment=2026-06-09T13%3A00%3A00Z%2F2026-06-09T14%3A00%3A00Z
HTTP 200, Content-Type: 'text/turtle; charset=utf-8;', format: turtle
Fetching LDES fragment: https://marineinfo.org/feed/project?fragment=2026-06-03T14%3A00%3A00Z%2F2026-06-03T15%3A00%3A00Z
HTTP 200, Content-Type: 'text/turtle; charset=utf-8;', format: turtle
Fetching LDES fragment: https://marineinfo.org/feed/project?fragment=2026-06-03T13%3A00%3A00Z%2F2026-06-03T14%3A00%3A00Z
HTTP 200, Content-Type: 'text/turtle; charset=utf-8;', format: turtle
Fetching LDES fragment: https://marineinfo.org/feed/project?fragment=2026-06-03T09%3A00%3A00Z%2F2026-06-03T10%3A00%3A00Z
HTTP 200, Content-Type: 'text/turtle; charset=utf-8;', format: turtle
Fetching LDES fragment: https://marineinfo.org/feed/project?fragment=2026-06-03T08%3A00%3A00Z%2F2026-06-03T09%3A00%3A00Z
HTTP 200, Content-Type: 'text/turtle; charset=utf-8;', format: turtle
Fetching LDES fragment: https://marineinfo.org/feed/project?fragment=2026-05-28T13%3A00%3A00Z%2F2026-05-28T14%3A00%3A00Z
HTTP 200, Content-Type: 'text/turtle; charset=utf-8;', format: turtle
Fetching LDES fragment: https://marineinfo.org/feed/project?fragment=2026-05-22T14%3A00%3A00Z%2F2026-05-22T15%3A00%3A00Z
HTTP 200, Content-Type: 'text/turtle; charset=utf-8;', format: turtle
Fetching LDES fragment: https://marineinfo.org/feed/project?fragment=2026-05-22T13%3A00%3A00Z%2F2026-05-22T14%3A00%3A00Z
HTTP 200, Content-Type: 'text/turtle; charset=utf-8;', format: turtle
Fetching LDES fragment: https://marineinfo.org/feed/project?fragment=2026-05-22T12%3A00%3A00Z%2F2026-05-22T13%3A00%3A00Z
HTTP 200, Content-Type: 'text/turtle; charset=utf-8;', format: turtle
Traversal complete: 10 fragment(s) fetched, 2180 total triple(s)
Checking age of youngest tree:member across 10 traversed fragment(s) of: https://marineinfo.org/feed/project
Using ldes:timestampPath predicate(s): http://purl.org/dc/elements/1.1/modified
Youngest member timestamp: 2026-06-09T15:47:30+02:00; age: 0.29 hour(s); maximum allowed: 730 hour(s)
</system-out>
		</testcase>
		<testcase name="ldes_harvest [https://marineinfo.org/feed/event]" classname="LDES-feeds-marineinfo" time="1.1639256477355957">
			<system-out>Fetching RDF graph from: https://marineinfo.org/feed/event
HTTP 200, Content-Type: 'text/turtle; charset=utf-8;', format: turtle
Successfully parsed 255 triple(s)
</system-out>
		</testcase>
		<testcase name="ldes_event_stream [https://marineinfo.org/feed/event]" classname="LDES-feeds-marineinfo" time="4.100799560546875e-05">
			<system-out>Found 1 ldes:EventStream declaration(s)
  EventStream: https://marineinfo.org/feed/event
</system-out>
		</testcase>
		<testcase name="ldes_tree_view [https://marineinfo.org/feed/event]" classname="LDES-feeds-marineinfo" time="1.8596649169921875e-05">
			<system-out>Found 1 tree:view relation(s)
  tree:view: https://marineinfo.org/feed/event?fragment=2026-05-21T13%3A00%3A00Z%2F2026-05-21T14%3A00%3A00Z
</system-out>
		</testcase>
		<testcase name="ldes_min_members [https://marineinfo.org/feed/event]" classname="LDES-feeds-marineinfo" time="6.031990051269531e-05">
			<failure message="Insufficient members: found 15, expected at least 20">The event stream at https://marineinfo.org/feed/event exposes only 15 tree:member triple(s) across 10 traversed fragment(s), but at least 20 are required</failure>
			<system-out>Traversing LDES feed from: https://marineinfo.org/feed/event
Fetching LDES fragment: https://marineinfo.org/feed/event?fragment=2026-05-21T13%3A00%3A00Z%2F2026-05-21T14%3A00%3A00Z
HTTP 200, Content-Type: 'text/turtle; charset=utf-8;', format: turtle
Fetching LDES fragment: https://marineinfo.org/feed/event?fragment=2026-05-18T10%3A00%3A00Z%2F2026-05-18T11%3A00%3A00Z
HTTP 200, Content-Type: 'text/turtle; charset=utf-8;', format: turtle
Fetching LDES fragment: https://marineinfo.org/feed/event?fragment=2026-05-04T14%3A00%3A00Z%2F2026-05-04T15%3A00%3A00Z
HTTP 200, Content-Type: 'text/turtle; charset=utf-8;', format: turtle
Fetching LDES fragment: https://marineinfo.org/feed/event?fragment=2026-04-28T12%3A00%3A00Z%2F2026-04-28T13%3A00%3A00Z
HTTP 200, Content-Type: 'text/turtle; charset=utf-8;', format: turtle
Fetching LDES fragment: https://marineinfo.org/feed/event?fragment=2026-04-21T11%3A00%3A00Z%2F2026-04-21T12%3A00%3A00Z
HTTP 200, Content-Type: 'text/turtle; charset=utf-8;', format: turtle
Fetching LDES fragment: https://marineinfo.org/feed/event?fragment=2026-03-19T10%3A00%3A00Z%2F2026-03-19T11%3A00%3A00Z
HTTP 200, Content-Type: 'text/turtle; charset=utf-8;', format: turtle
Fetching LDES fragment: https://marineinfo.org/feed/event?fragment=2026-01-23T12%3A00%3A00Z%2F2026-01-23T13%3A00%3A00Z
HTTP 200, Content-Type: 'text/turtle; charset=utf-8;', format: turtle
Fetching LDES fragment: https://marineinfo.org/feed/event?fragment=2026-01-21T11%3A00%3A00Z%2F2026-01-21T12%3A00%3A00Z
HTTP 200, Content-Type: 'text/turtle; charset=utf-8;', format: turtle
Fetching LDES fragment: https://marineinfo.org/feed/event?fragment=2025-11-04T12%3A00%3A00Z%2F2025-11-04T13%3A00%3A00Z
HTTP 200, Content-Type: 'text/turtle; charset=utf-8;', format: turtle
Traversal complete: 10 fragment(s) fetched, 2550 total triple(s)
Found 15 tree:member(s) across 10 traversed fragment(s); required minimum: 20
</system-out>
			<system-err>Insufficient members: 15 &lt; 20
</system-err>
		</testcase>
		<testcase name="ldes_min_fragments [https://marineinfo.org/feed/event]" classname="LDES-feeds-marineinfo" time="1.3589859008789062e-05">
			<system-out>Traversing LDES feed from: https://marineinfo.org/feed/event
Fetching LDES fragment: https://marineinfo.org/feed/event?fragment=2026-05-21T13%3A00%3A00Z%2F2026-05-21T14%3A00%3A00Z
HTTP 200, Content-Type: 'text/turtle; charset=utf-8;', format: turtle
Fetching LDES fragment: https://marineinfo.org/feed/event?fragment=2026-05-18T10%3A00%3A00Z%2F2026-05-18T11%3A00%3A00Z
HTTP 200, Content-Type: 'text/turtle; charset=utf-8;', format: turtle
Fetching LDES fragment: https://marineinfo.org/feed/event?fragment=2026-05-04T14%3A00%3A00Z%2F2026-05-04T15%3A00%3A00Z
HTTP 200, Content-Type: 'text/turtle; charset=utf-8;', format: turtle
Fetching LDES fragment: https://marineinfo.org/feed/event?fragment=2026-04-28T12%3A00%3A00Z%2F2026-04-28T13%3A00%3A00Z
HTTP 200, Content-Type: 'text/turtle; charset=utf-8;', format: turtle
Fetching LDES fragment: https://marineinfo.org/feed/event?fragment=2026-04-21T11%3A00%3A00Z%2F2026-04-21T12%3A00%3A00Z
HTTP 200, Content-Type: 'text/turtle; charset=utf-8;', format: turtle
Fetching LDES fragment: https://marineinfo.org/feed/event?fragment=2026-03-19T10%3A00%3A00Z%2F2026-03-19T11%3A00%3A00Z
HTTP 200, Content-Type: 'text/turtle; charset=utf-8;', format: turtle
Fetching LDES fragment: https://marineinfo.org/feed/event?fragment=2026-01-23T12%3A00%3A00Z%2F2026-01-23T13%3A00%3A00Z
HTTP 200, Content-Type: 'text/turtle; charset=utf-8;', format: turtle
Fetching LDES fragment: https://marineinfo.org/feed/event?fragment=2026-01-21T11%3A00%3A00Z%2F2026-01-21T12%3A00%3A00Z
HTTP 200, Content-Type: 'text/turtle; charset=utf-8;', format: turtle
Fetching LDES fragment: https://marineinfo.org/feed/event?fragment=2025-11-04T12%3A00%3A00Z%2F2025-11-04T13%3A00%3A00Z
HTTP 200, Content-Type: 'text/turtle; charset=utf-8;', format: turtle
Traversal complete: 10 fragment(s) fetched, 2550 total triple(s)
Traversed 10 LDES fragment(s) (following tree:Relation → tree:node links); required minimum: 10
  fragment: https://marineinfo.org/feed/event
  fragment: https://marineinfo.org/feed/event?fragment=2025-11-04T12%3A00%3A00Z%2F2025-11-04T13%3A00%3A00Z
  fragment: https://marineinfo.org/feed/event?fragment=2026-01-21T11%3A00%3A00Z%2F2026-01-21T12%3A00%3A00Z
  fragment: https://marineinfo.org/feed/event?fragment=2026-01-23T12%3A00%3A00Z%2F2026-01-23T13%3A00%3A00Z
  fragment: https://marineinfo.org/feed/event?fragment=2026-03-19T10%3A00%3A00Z%2F2026-03-19T11%3A00%3A00Z
  fragment: https://marineinfo.org/feed/event?fragment=2026-04-21T11%3A00%3A00Z%2F2026-04-21T12%3A00%3A00Z
  fragment: https://marineinfo.org/feed/event?fragment=2026-04-28T12%3A00%3A00Z%2F2026-04-28T13%3A00%3A00Z
  fragment: https://marineinfo.org/feed/event?fragment=2026-05-04T14%3A00%3A00Z%2F2026-05-04T15%3A00%3A00Z
  fragment: https://marineinfo.org/feed/event?fragment=2026-05-18T10%3A00%3A00Z%2F2026-05-18T11%3A00%3A00Z
  fragment: https://marineinfo.org/feed/event?fragment=2026-05-21T13%3A00%3A00Z%2F2026-05-21T14%3A00%3A00Z
</system-out>
		</testcase>
		<testcase name="ldes_max_age_youngest_member [https://marineinfo.org/feed/event]" classname="LDES-feeds-marineinfo" time="0.00019860267639160156">
			<system-out>Traversing LDES feed from: https://marineinfo.org/feed/event
Fetching LDES fragment: https://marineinfo.org/feed/event?fragment=2026-05-21T13%3A00%3A00Z%2F2026-05-21T14%3A00%3A00Z
HTTP 200, Content-Type: 'text/turtle; charset=utf-8;', format: turtle
Fetching LDES fragment: https://marineinfo.org/feed/event?fragment=2026-05-18T10%3A00%3A00Z%2F2026-05-18T11%3A00%3A00Z
HTTP 200, Content-Type: 'text/turtle; charset=utf-8;', format: turtle
Fetching LDES fragment: https://marineinfo.org/feed/event?fragment=2026-05-04T14%3A00%3A00Z%2F2026-05-04T15%3A00%3A00Z
HTTP 200, Content-Type: 'text/turtle; charset=utf-8;', format: turtle
Fetching LDES fragment: https://marineinfo.org/feed/event?fragment=2026-04-28T12%3A00%3A00Z%2F2026-04-28T13%3A00%3A00Z
HTTP 200, Content-Type: 'text/turtle; charset=utf-8;', format: turtle
Fetching LDES fragment: https://marineinfo.org/feed/event?fragment=2026-04-21T11%3A00%3A00Z%2F2026-04-21T12%3A00%3A00Z
HTTP 200, Content-Type: 'text/turtle; charset=utf-8;', format: turtle
Fetching LDES fragment: https://marineinfo.org/feed/event?fragment=2026-03-19T10%3A00%3A00Z%2F2026-03-19T11%3A00%3A00Z
HTTP 200, Content-Type: 'text/turtle; charset=utf-8;', format: turtle
Fetching LDES fragment: https://marineinfo.org/feed/event?fragment=2026-01-23T12%3A00%3A00Z%2F2026-01-23T13%3A00%3A00Z
HTTP 200, Content-Type: 'text/turtle; charset=utf-8;', format: turtle
Fetching LDES fragment: https://marineinfo.org/feed/event?fragment=2026-01-21T11%3A00%3A00Z%2F2026-01-21T12%3A00%3A00Z
HTTP 200, Content-Type: 'text/turtle; charset=utf-8;', format: turtle
Fetching LDES fragment: https://marineinfo.org/feed/event?fragment=2025-11-04T12%3A00%3A00Z%2F2025-11-04T13%3A00%3A00Z
HTTP 200, Content-Type: 'text/turtle; charset=utf-8;', format: turtle
Traversal complete: 10 fragment(s) fetched, 2550 total triple(s)
Checking age of youngest tree:member across 10 traversed fragment(s) of: https://marineinfo.org/feed/event
Using ldes:timestampPath predicate(s): http://purl.org/dc/elements/1.1/modified
Youngest member timestamp: 2026-05-21T15:58:54+02:00; age: 456.11 hour(s); maximum allowed: 730 hour(s)
</system-out>
		</testcase>
		<properties>
			<property name="urls" value="https://marineinfo.org/feed/institute, https://marineinfo.org/feed/dataset, https://marineinfo.org/feed/publication, https://marineinfo.org/feed/person, https://marineinfo.org/feed/project, https://marineinfo.org/feed/event"/>
			<property name="provenance" value="https://github.com/vlizBE/GRMPy_VLIZ/blob/e6b244a9809c8fe798002398fa5b13ad5cc8d076/tests/tests.yaml"/>
			<property name="min_members" value="20"/>
			<property name="min_fragments" value="10"/>
			<property name="max_age_youngest_member" value="730"/>
			<property name="create-issue" value="true"/>
		</properties>
	</testsuite>
	<testsuite name="LDES-feed-aphia" timestamp="2026-06-09T14:05:24.490094+00:00" tests="6" errors="0" failures="0" skipped="0" time="1.0643885135650635">
		<testcase name="ldes_harvest [http://aphia.org/feed]" classname="LDES-feed-aphia" time="1.0639424324035645">
			<system-out>Fetching RDF graph from: http://aphia.org/feed
HTTP 200, Content-Type: 'text/turtle;charset=UTF-8', format: turtle
Successfully parsed 72 triple(s)
</system-out>
		</testcase>
		<testcase name="ldes_event_stream [http://aphia.org/feed]" classname="LDES-feed-aphia" time="7.82012939453125e-05">
			<system-out>Found 1 ldes:EventStream declaration(s)
  EventStream: https://aphia.org/feed
</system-out>
		</testcase>
		<testcase name="ldes_tree_view [http://aphia.org/feed]" classname="LDES-feed-aphia" time="2.1696090698242188e-05">
			<system-out>Found 1 tree:view relation(s)
  tree:view: https://aphia.org/feed?page=2026-06-09T01%3A00%3A00Z%2F2026-06-09T02%3A00%3A00Z
</system-out>
		</testcase>
		<testcase name="ldes_min_members [http://aphia.org/feed]" classname="LDES-feed-aphia" time="7.05718994140625e-05">
			<system-out>Traversing LDES feed from: http://aphia.org/feed
Fetching LDES fragment: https://aphia.org/feed?page=2026-06-09T01%3A00%3A00Z%2F2026-06-09T02%3A00%3A00Z
HTTP 200, Content-Type: 'text/turtle;charset=UTF-8', format: turtle
Fetching LDES fragment: https://aphia.org/feed?page=2026-06-08T23%3A00%3A00Z%2F2026-06-09T00%3A00%3A00Z
HTTP 200, Content-Type: 'text/turtle;charset=UTF-8', format: turtle
Fetching LDES fragment: https://aphia.org/feed?page=2026-06-08T22%3A00%3A00Z%2F2026-06-08T23%3A00%3A00Z
HTTP 200, Content-Type: 'text/turtle;charset=UTF-8', format: turtle
Fetching LDES fragment: https://aphia.org/feed?page=2026-06-08T20%3A00%3A00Z%2F2026-06-08T21%3A00%3A00Z
HTTP 200, Content-Type: 'text/turtle;charset=UTF-8', format: turtle
Fetching LDES fragment: https://aphia.org/feed?page=2026-06-08T18%3A00%3A00Z%2F2026-06-08T19%3A00%3A00Z
HTTP 200, Content-Type: 'text/turtle;charset=UTF-8', format: turtle
Traversal complete: 6 fragment(s) fetched, 677 total triple(s)
Found 20 tree:member(s) across 6 traversed fragment(s); required minimum: 20
</system-out>
		</testcase>
		<testcase name="ldes_min_fragments [http://aphia.org/feed]" classname="LDES-feed-aphia" time="2.765655517578125e-05">
			<system-out>Traversing LDES feed from: http://aphia.org/feed
Fetching LDES fragment: https://aphia.org/feed?page=2026-06-09T01%3A00%3A00Z%2F2026-06-09T02%3A00%3A00Z
HTTP 200, Content-Type: 'text/turtle;charset=UTF-8', format: turtle
Fetching LDES fragment: https://aphia.org/feed?page=2026-06-08T23%3A00%3A00Z%2F2026-06-09T00%3A00%3A00Z
HTTP 200, Content-Type: 'text/turtle;charset=UTF-8', format: turtle
Fetching LDES fragment: https://aphia.org/feed?page=2026-06-08T22%3A00%3A00Z%2F2026-06-08T23%3A00%3A00Z
HTTP 200, Content-Type: 'text/turtle;charset=UTF-8', format: turtle
Fetching LDES fragment: https://aphia.org/feed?page=2026-06-08T20%3A00%3A00Z%2F2026-06-08T21%3A00%3A00Z
HTTP 200, Content-Type: 'text/turtle;charset=UTF-8', format: turtle
Fetching LDES fragment: https://aphia.org/feed?page=2026-06-08T18%3A00%3A00Z%2F2026-06-08T19%3A00%3A00Z
HTTP 200, Content-Type: 'text/turtle;charset=UTF-8', format: turtle
Traversal complete: 6 fragment(s) fetched, 677 total triple(s)
Traversed 6 LDES fragment(s) (following tree:Relation → tree:node links); required minimum: 6
  fragment: http://aphia.org/feed
  fragment: https://aphia.org/feed?page=2026-06-08T18%3A00%3A00Z%2F2026-06-08T19%3A00%3A00Z
  fragment: https://aphia.org/feed?page=2026-06-08T20%3A00%3A00Z%2F2026-06-08T21%3A00%3A00Z
  fragment: https://aphia.org/feed?page=2026-06-08T22%3A00%3A00Z%2F2026-06-08T23%3A00%3A00Z
  fragment: https://aphia.org/feed?page=2026-06-08T23%3A00%3A00Z%2F2026-06-09T00%3A00%3A00Z
  fragment: https://aphia.org/feed?page=2026-06-09T01%3A00%3A00Z%2F2026-06-09T02%3A00%3A00Z
</system-out>
		</testcase>
		<testcase name="ldes_max_age_youngest_member [http://aphia.org/feed]" classname="LDES-feed-aphia" time="0.000247955322265625">
			<system-out>Traversing LDES feed from: http://aphia.org/feed
Fetching LDES fragment: https://aphia.org/feed?page=2026-06-09T01%3A00%3A00Z%2F2026-06-09T02%3A00%3A00Z
HTTP 200, Content-Type: 'text/turtle;charset=UTF-8', format: turtle
Fetching LDES fragment: https://aphia.org/feed?page=2026-06-08T23%3A00%3A00Z%2F2026-06-09T00%3A00%3A00Z
HTTP 200, Content-Type: 'text/turtle;charset=UTF-8', format: turtle
Fetching LDES fragment: https://aphia.org/feed?page=2026-06-08T22%3A00%3A00Z%2F2026-06-08T23%3A00%3A00Z
HTTP 200, Content-Type: 'text/turtle;charset=UTF-8', format: turtle
Fetching LDES fragment: https://aphia.org/feed?page=2026-06-08T20%3A00%3A00Z%2F2026-06-08T21%3A00%3A00Z
HTTP 200, Content-Type: 'text/turtle;charset=UTF-8', format: turtle
Fetching LDES fragment: https://aphia.org/feed?page=2026-06-08T18%3A00%3A00Z%2F2026-06-08T19%3A00%3A00Z
HTTP 200, Content-Type: 'text/turtle;charset=UTF-8', format: turtle
Traversal complete: 6 fragment(s) fetched, 677 total triple(s)
Checking age of youngest tree:member across 6 traversed fragment(s) of: http://aphia.org/feed
Using ldes:timestampPath predicate(s): http://purl.org/dc/terms/modified
Youngest member timestamp: 2026-06-09T01:11:48+00:00; age: 12.89 hour(s); maximum allowed: 730 hour(s)
</system-out>
		</testcase>
		<properties>
			<property name="urls" value="http://aphia.org/feed"/>
			<property name="provenance" value="https://github.com/vlizBE/GRMPy_VLIZ/blob/e6b244a9809c8fe798002398fa5b13ad5cc8d076/tests/tests.yaml"/>
			<property name="min_members" value="20"/>
			<property name="min_fragments" value="6"/>
			<property name="max_age_youngest_member" value="730"/>
			<property name="create-issue" value="true"/>
		</properties>
	</testsuite>
	<testsuite name="LDES-feed-marine-regions" timestamp="2026-06-09T14:05:42.903543+00:00" tests="6" errors="0" failures="0" skipped="0" time="2.386320114135742">
		<testcase name="ldes_harvest [https://marineregions.org/feed.ttl]" classname="LDES-feed-marine-regions" time="2.3729376792907715">
			<system-out>Fetching RDF graph from: https://marineregions.org/feed.ttl
HTTP 200, Content-Type: 'text/turtle; charset=UTF-8;', format: turtle
Successfully parsed 5453 triple(s)
</system-out>
		</testcase>
		<testcase name="ldes_event_stream [https://marineregions.org/feed.ttl]" classname="LDES-feed-marine-regions" time="9.942054748535156e-05">
			<system-out>Found 1 ldes:EventStream declaration(s)
  EventStream: https://www.marineregions.org/feed
</system-out>
		</testcase>
		<testcase name="ldes_tree_view [https://marineregions.org/feed.ttl]" classname="LDES-feed-marine-regions" time="2.3365020751953125e-05">
			<system-out>Found 1 tree:view relation(s)
  tree:view: https://www.marineregions.org/feed.ttl?page=2026-06-04T09%3A00%3A00Z%2F2026-06-04T10%3A00%3A00Z
</system-out>
		</testcase>
		<testcase name="ldes_min_members [https://marineregions.org/feed.ttl]" classname="LDES-feed-marine-regions" time="0.0017969608306884766">
			<system-out>Traversing LDES feed from: https://marineregions.org/feed.ttl
Fetching LDES fragment: https://www.marineregions.org/feed.ttl?page=2026-06-04T09%3A00%3A00Z%2F2026-06-04T10%3A00%3A00Z
HTTP 200, Content-Type: 'text/turtle; charset=UTF-8;', format: turtle
Fetching LDES fragment: https://www.marineregions.org/feed.ttl?page=2026-06-03T08%3A00%3A00Z%2F2026-06-03T09%3A00%3A00Z
HTTP 200, Content-Type: 'text/turtle; charset=UTF-8;', format: turtle
Fetching LDES fragment: https://www.marineregions.org/feed.ttl?page=2026-06-01T18%3A00%3A00Z%2F2026-06-01T19%3A00%3A00Z
HTTP 200, Content-Type: 'text/turtle; charset=UTF-8;', format: turtle
Fetching LDES fragment: https://www.marineregions.org/feed.ttl?page=2026-05-19T06%3A00%3A00Z%2F2026-05-19T07%3A00%3A00Z
HTTP 200, Content-Type: 'text/turtle; charset=UTF-8;', format: turtle
Fetching LDES fragment: https://www.marineregions.org/feed.ttl?page=2026-05-16T08%3A00%3A00Z%2F2026-05-16T09%3A00%3A00Z
HTTP 200, Content-Type: 'text/turtle; charset=UTF-8;', format: turtle
Traversal complete: 6 fragment(s) fetched, 29730 total triple(s)
Found 1614 tree:member(s) across 6 traversed fragment(s); required minimum: 20
</system-out>
		</testcase>
		<testcase name="ldes_min_fragments [https://marineregions.org/feed.ttl]" classname="LDES-feed-marine-regions" time="3.0040740966796875e-05">
			<system-out>Traversing LDES feed from: https://marineregions.org/feed.ttl
Fetching LDES fragment: https://www.marineregions.org/feed.ttl?page=2026-06-04T09%3A00%3A00Z%2F2026-06-04T10%3A00%3A00Z
HTTP 200, Content-Type: 'text/turtle; charset=UTF-8;', format: turtle
Fetching LDES fragment: https://www.marineregions.org/feed.ttl?page=2026-06-03T08%3A00%3A00Z%2F2026-06-03T09%3A00%3A00Z
HTTP 200, Content-Type: 'text/turtle; charset=UTF-8;', format: turtle
Fetching LDES fragment: https://www.marineregions.org/feed.ttl?page=2026-06-01T18%3A00%3A00Z%2F2026-06-01T19%3A00%3A00Z
HTTP 200, Content-Type: 'text/turtle; charset=UTF-8;', format: turtle
Fetching LDES fragment: https://www.marineregions.org/feed.ttl?page=2026-05-19T06%3A00%3A00Z%2F2026-05-19T07%3A00%3A00Z
HTTP 200, Content-Type: 'text/turtle; charset=UTF-8;', format: turtle
Fetching LDES fragment: https://www.marineregions.org/feed.ttl?page=2026-05-16T08%3A00%3A00Z%2F2026-05-16T09%3A00%3A00Z
HTTP 200, Content-Type: 'text/turtle; charset=UTF-8;', format: turtle
Traversal complete: 6 fragment(s) fetched, 29730 total triple(s)
Traversed 6 LDES fragment(s) (following tree:Relation → tree:node links); required minimum: 6
  fragment: https://marineregions.org/feed.ttl
  fragment: https://www.marineregions.org/feed.ttl?page=2026-05-16T08%3A00%3A00Z%2F2026-05-16T09%3A00%3A00Z
  fragment: https://www.marineregions.org/feed.ttl?page=2026-05-19T06%3A00%3A00Z%2F2026-05-19T07%3A00%3A00Z
  fragment: https://www.marineregions.org/feed.ttl?page=2026-06-01T18%3A00%3A00Z%2F2026-06-01T19%3A00%3A00Z
  fragment: https://www.marineregions.org/feed.ttl?page=2026-06-03T08%3A00%3A00Z%2F2026-06-03T09%3A00%3A00Z
  fragment: https://www.marineregions.org/feed.ttl?page=2026-06-04T09%3A00%3A00Z%2F2026-06-04T10%3A00%3A00Z
</system-out>
		</testcase>
		<testcase name="ldes_max_age_youngest_member [https://marineregions.org/feed.ttl]" classname="LDES-feed-marine-regions" time="0.011432647705078125">
			<system-out>Traversing LDES feed from: https://marineregions.org/feed.ttl
Fetching LDES fragment: https://www.marineregions.org/feed.ttl?page=2026-06-04T09%3A00%3A00Z%2F2026-06-04T10%3A00%3A00Z
HTTP 200, Content-Type: 'text/turtle; charset=UTF-8;', format: turtle
Fetching LDES fragment: https://www.marineregions.org/feed.ttl?page=2026-06-03T08%3A00%3A00Z%2F2026-06-03T09%3A00%3A00Z
HTTP 200, Content-Type: 'text/turtle; charset=UTF-8;', format: turtle
Fetching LDES fragment: https://www.marineregions.org/feed.ttl?page=2026-06-01T18%3A00%3A00Z%2F2026-06-01T19%3A00%3A00Z
HTTP 200, Content-Type: 'text/turtle; charset=UTF-8;', format: turtle
Fetching LDES fragment: https://www.marineregions.org/feed.ttl?page=2026-05-19T06%3A00%3A00Z%2F2026-05-19T07%3A00%3A00Z
HTTP 200, Content-Type: 'text/turtle; charset=UTF-8;', format: turtle
Fetching LDES fragment: https://www.marineregions.org/feed.ttl?page=2026-05-16T08%3A00%3A00Z%2F2026-05-16T09%3A00%3A00Z
HTTP 200, Content-Type: 'text/turtle; charset=UTF-8;', format: turtle
Traversal complete: 6 fragment(s) fetched, 29730 total triple(s)
Checking age of youngest tree:member across 6 traversed fragment(s) of: https://marineregions.org/feed.ttl
Using ldes:timestampPath predicate(s): http://purl.org/dc/terms/modified
Youngest member timestamp: 2026-06-04T09:41:52+00:00; age: 124.40 hour(s); maximum allowed: 730 hour(s)
</system-out>
		</testcase>
		<properties>
			<property name="urls" value="https://marineregions.org/feed.ttl"/>
			<property name="provenance" value="https://github.com/vlizBE/GRMPy_VLIZ/blob/e6b244a9809c8fe798002398fa5b13ad5cc8d076/tests/tests.yaml"/>
			<property name="min_members" value="20"/>
			<property name="min_fragments" value="6"/>
			<property name="max_age_youngest_member" value="730"/>
			<property name="create-issue" value="true"/>
		</properties>
	</testsuite>
	<testsuite name="marineinfo-person-resource-availability" timestamp="2026-06-09T14:05:46.850422+00:00" tests="9" errors="0" failures="1" skipped="0" time="1.7834041118621826">
		<testcase name="dns_resolution [https://marineinfo.org/en/doc/person/46372]" classname="marineinfo-person-resource-availability" time="0.0031690597534179688">
			<system-out>Resolving hostname: marineinfo.org
resolved_ip: 193.191.134.34
</system-out>
		</testcase>
		<properties>
			<property name="verify_ssl" value="True"/>
			<property name="urls" value="https://marineinfo.org/en/doc/person/46372, https://marineinfo.org/id/person/46372, https://marineinfo.org/doc/person/46372"/>
			<property name="hostnames" value="marineinfo.org"/>
			<property name="timeout" value="10"/>
			<property name="max-redirects" value="3"/>
			<property name="check-http-availability" value="true"/>
			<property name="check-https-availability" value="true"/>
			<property name="verify-ssl" value="true"/>
			<property name="provenance" value="https://github.com/vlizBE/GRMPy_VLIZ/blob/e6b244a9809c8fe798002398fa5b13ad5cc8d076/tests/tests.yaml"/>
			<property name="create-issue" value="true"/>
		</properties>
		<testcase name="http_availability [https://marineinfo.org/en/doc/person/46372]" classname="marineinfo-person-resource-availability" time="0.191572904586792">
			<system-out>response_time_s: 0.192
status_code: 301
redirects_to: https://marineinfo.org/en/doc/person/46372
OK: HTTP endpoint reachable (redirects to HTTPS)
</system-out>
		</testcase>
		<testcase name="https_availability [https://marineinfo.org/en/doc/person/46372]" classname="marineinfo-person-resource-availability" time="0.45493364334106445">
			<failure message="HTTPS availability check failed">Unexpected status code 403</failure>
			<system-out>response_time_s: 0.455
status_code: 403
Checking HTTPS availability for: https://marineinfo.org/en/doc/person/46372
Timeout: 10s, Max redirects: 3, Verify SSL: True
Availability check failed: Unexpected status code 403
</system-out>
		</testcase>
		<testcase name="dns_resolution [https://marineinfo.org/id/person/46372]" classname="marineinfo-person-resource-availability" time="0.0029442310333251953">
			<system-out>Resolving hostname: marineinfo.org
resolved_ip: 193.191.134.34
</system-out>
		</testcase>
		<testcase name="http_availability [https://marineinfo.org/id/person/46372]" classname="marineinfo-person-resource-availability" time="0.19070124626159668">
			<system-out>response_time_s: 0.191
status_code: 301
redirects_to: https://marineinfo.org/id/person/46372
OK: HTTP endpoint reachable (redirects to HTTPS)
</system-out>
		</testcase>
		<testcase name="https_availability [https://marineinfo.org/id/person/46372]" classname="marineinfo-person-resource-availability" time="0.45348334312438965">
			<system-out>response_time_s: 0.453
status_code: 200
OK: HTTPS available, status 200 in 0.453s
</system-out>
		</testcase>
		<testcase name="dns_resolution [https://marineinfo.org/doc/person/46372]" classname="marineinfo-person-resource-availability" time="0.002558469772338867">
			<system-out>Resolving hostname: marineinfo.org
resolved_ip: 193.191.134.34
</system-out>
		</testcase>
		<testcase name="http_availability [https://marineinfo.org/doc/person/46372]" classname="marineinfo-person-resource-availability" time="0.19083809852600098">
			<system-out>response_time_s: 0.191
status_code: 301
redirects_to: https://marineinfo.org/doc/person/46372
OK: HTTP endpoint reachable (redirects to HTTPS)
</system-out>
		</testcase>
		<testcase name="https_availability [https://marineinfo.org/doc/person/46372]" classname="marineinfo-person-resource-availability" time="0.29320311546325684">
			<system-out>response_time_s: 0.293
status_code: 302
redirects_to: http://marineinfo.org/en/doc/person/46372
OK: HTTPS endpoint reachable (redirects to HTTP)
</system-out>
		</testcase>
	</testsuite>
	<testsuite name="marineinfo-publication-resource-availability" timestamp="2026-06-09T14:05:49.156071+00:00" tests="9" errors="0" failures="1" skipped="0" time="1.7388768196105957">
		<testcase name="dns_resolution [https://marineinfo.org/en/doc/publication/97613]" classname="marineinfo-publication-resource-availability" time="0.003024578094482422">
			<system-out>Resolving hostname: marineinfo.org
resolved_ip: 193.191.134.34
</system-out>
		</testcase>
		<properties>
			<property name="verify_ssl" value="True"/>
			<property name="urls" value="https://marineinfo.org/en/doc/publication/97613, https://marineinfo.org/doc/publication/97613, https://marineinfo.org/id/publication/97613"/>
			<property name="hostnames" value="marineinfo.org"/>
			<property name="timeout" value="10"/>
			<property name="max-redirects" value="3"/>
			<property name="check-http-availability" value="true"/>
			<property name="check-https-availability" value="true"/>
			<property name="verify-ssl" value="true"/>
			<property name="provenance" value="https://github.com/vlizBE/GRMPy_VLIZ/blob/e6b244a9809c8fe798002398fa5b13ad5cc8d076/tests/tests.yaml"/>
			<property name="create-issue" value="true"/>
		</properties>
		<testcase name="http_availability [https://marineinfo.org/en/doc/publication/97613]" classname="marineinfo-publication-resource-availability" time="0.18767499923706055">
			<system-out>response_time_s: 0.188
status_code: 301
redirects_to: https://marineinfo.org/en/doc/publication/97613
OK: HTTP endpoint reachable (redirects to HTTPS)
</system-out>
		</testcase>
		<testcase name="https_availability [https://marineinfo.org/en/doc/publication/97613]" classname="marineinfo-publication-resource-availability" time="0.38384056091308594">
			<failure message="HTTPS availability check failed">Unexpected status code 403</failure>
			<system-out>response_time_s: 0.384
status_code: 403
Checking HTTPS availability for: https://marineinfo.org/en/doc/publication/97613
Timeout: 10s, Max redirects: 3, Verify SSL: True
Availability check failed: Unexpected status code 403
</system-out>
		</testcase>
		<testcase name="dns_resolution [https://marineinfo.org/doc/publication/97613]" classname="marineinfo-publication-resource-availability" time="0.0022466182708740234">
			<system-out>Resolving hostname: marineinfo.org
resolved_ip: 193.191.134.34
</system-out>
		</testcase>
		<testcase name="http_availability [https://marineinfo.org/doc/publication/97613]" classname="marineinfo-publication-resource-availability" time="0.18505859375">
			<system-out>response_time_s: 0.185
status_code: 301
redirects_to: https://marineinfo.org/doc/publication/97613
OK: HTTP endpoint reachable (redirects to HTTPS)
</system-out>
		</testcase>
		<testcase name="https_availability [https://marineinfo.org/doc/publication/97613]" classname="marineinfo-publication-resource-availability" time="0.29087400436401367">
			<system-out>response_time_s: 0.291
status_code: 302
redirects_to: http://marineinfo.org/en/doc/publication/97613
OK: HTTPS endpoint reachable (redirects to HTTP)
</system-out>
		</testcase>
		<testcase name="dns_resolution [https://marineinfo.org/id/publication/97613]" classname="marineinfo-publication-resource-availability" time="0.00706791877746582">
			<system-out>Resolving hostname: marineinfo.org
resolved_ip: 193.191.134.34
</system-out>
		</testcase>
		<testcase name="http_availability [https://marineinfo.org/id/publication/97613]" classname="marineinfo-publication-resource-availability" time="0.19072413444519043">
			<system-out>response_time_s: 0.191
status_code: 301
redirects_to: https://marineinfo.org/id/publication/97613
OK: HTTP endpoint reachable (redirects to HTTPS)
</system-out>
		</testcase>
		<testcase name="https_availability [https://marineinfo.org/id/publication/97613]" classname="marineinfo-publication-resource-availability" time="0.48836541175842285">
			<system-out>response_time_s: 0.488
status_code: 200
OK: HTTPS available, status 200 in 0.488s
</system-out>
		</testcase>
	</testsuite>
	<testsuite name="marineinfo-institute-resource-availability" timestamp="2026-06-09T14:06:01.373663+00:00" tests="9" errors="0" failures="1" skipped="0" time="7.974491357803345">
		<testcase name="dns_resolution [https://marineinfo.org/doc/institute/36]" classname="marineinfo-institute-resource-availability" time="0.003082752227783203">
			<system-out>Resolving hostname: marineinfo.org
resolved_ip: 193.191.134.34
</system-out>
		</testcase>
		<properties>
			<property name="verify_ssl" value="True"/>
			<property name="urls" value="https://marineinfo.org/doc/institute/36, https://marineinfo.org/en/doc/institute/36, https://marineinfo.org/id/institute/36"/>
			<property name="hostnames" value="marineinfo.org"/>
			<property name="timeout" value="10"/>
			<property name="max-redirects" value="3"/>
			<property name="check-http-availability" value="true"/>
			<property name="check-https-availability" value="true"/>
			<property name="verify-ssl" value="true"/>
			<property name="provenance" value="https://github.com/vlizBE/GRMPy_VLIZ/blob/e6b244a9809c8fe798002398fa5b13ad5cc8d076/tests/tests.yaml"/>
			<property name="create-issue" value="true"/>
		</properties>
		<testcase name="http_availability [https://marineinfo.org/doc/institute/36]" classname="marineinfo-institute-resource-availability" time="0.19161677360534668">
			<system-out>response_time_s: 0.192
status_code: 301
redirects_to: https://marineinfo.org/doc/institute/36
OK: HTTP endpoint reachable (redirects to HTTPS)
</system-out>
		</testcase>
		<testcase name="https_availability [https://marineinfo.org/doc/institute/36]" classname="marineinfo-institute-resource-availability" time="0.2942078113555908">
			<system-out>response_time_s: 0.294
status_code: 302
redirects_to: http://marineinfo.org/en/doc/institute/36
OK: HTTPS endpoint reachable (redirects to HTTP)
</system-out>
		</testcase>
		<testcase name="dns_resolution [https://marineinfo.org/en/doc/institute/36]" classname="marineinfo-institute-resource-availability" time="0.003760814666748047">
			<system-out>Resolving hostname: marineinfo.org
resolved_ip: 193.191.134.34
</system-out>
		</testcase>
		<testcase name="http_availability [https://marineinfo.org/en/doc/institute/36]" classname="marineinfo-institute-resource-availability" time="0.2411799430847168">
			<system-out>response_time_s: 0.241
status_code: 301
redirects_to: https://marineinfo.org/en/doc/institute/36
OK: HTTP endpoint reachable (redirects to HTTPS)
</system-out>
		</testcase>
		<testcase name="https_availability [https://marineinfo.org/en/doc/institute/36]" classname="marineinfo-institute-resource-availability" time="0.3924434185028076">
			<failure message="HTTPS availability check failed">Unexpected status code 403</failure>
			<system-out>response_time_s: 0.392
status_code: 403
Checking HTTPS availability for: https://marineinfo.org/en/doc/institute/36
Timeout: 10s, Max redirects: 3, Verify SSL: True
Availability check failed: Unexpected status code 403
</system-out>
		</testcase>
		<testcase name="dns_resolution [https://marineinfo.org/id/institute/36]" classname="marineinfo-institute-resource-availability" time="0.002496004104614258">
			<system-out>Resolving hostname: marineinfo.org
resolved_ip: 193.191.134.34
</system-out>
		</testcase>
		<testcase name="http_availability [https://marineinfo.org/id/institute/36]" classname="marineinfo-institute-resource-availability" time="0.18653392791748047">
			<system-out>response_time_s: 0.187
status_code: 301
redirects_to: https://marineinfo.org/id/institute/36
OK: HTTP endpoint reachable (redirects to HTTPS)
</system-out>
		</testcase>
		<testcase name="https_availability [https://marineinfo.org/id/institute/36]" classname="marineinfo-institute-resource-availability" time="6.659169912338257">
			<system-out>response_time_s: 6.659
status_code: 200
OK: HTTPS available, status 200 in 6.659s
</system-out>
		</testcase>
	</testsuite>
	<testsuite name="marineinfo-project-resource-availability" timestamp="2026-06-09T14:06:03.685958+00:00" tests="9" errors="0" failures="1" skipped="0" time="1.7030434608459473">
		<testcase name="dns_resolution [https://marineinfo.org/en/doc/project/5528]" classname="marineinfo-project-resource-availability" time="0.0026962757110595703">
			<system-out>Resolving hostname: marineinfo.org
resolved_ip: 193.191.134.34
</system-out>
		</testcase>
		<properties>
			<property name="verify_ssl" value="True"/>
			<property name="urls" value="https://marineinfo.org/en/doc/project/5528, https://marineinfo.org/id/project/5528, https://marineinfo.org/doc/project/5528"/>
			<property name="hostnames" value="marineinfo.org"/>
			<property name="timeout" value="10"/>
			<property name="max-redirects" value="3"/>
			<property name="check-http-availability" value="true"/>
			<property name="check-https-availability" value="true"/>
			<property name="verify-ssl" value="true"/>
			<property name="provenance" value="https://github.com/vlizBE/GRMPy_VLIZ/blob/e6b244a9809c8fe798002398fa5b13ad5cc8d076/tests/tests.yaml"/>
			<property name="create-issue" value="true"/>
		</properties>
		<testcase name="http_availability [https://marineinfo.org/en/doc/project/5528]" classname="marineinfo-project-resource-availability" time="0.19356417655944824">
			<system-out>response_time_s: 0.194
status_code: 301
redirects_to: https://marineinfo.org/en/doc/project/5528
OK: HTTP endpoint reachable (redirects to HTTPS)
</system-out>
		</testcase>
[...]
			<failure message="HTTPS availability check failed">Unexpected status code 403</failure>
			<system-out>response_time_s: 0.397
status_code: 403
Checking HTTPS availability for: https://marineinfo.org/en/doc/event/3127
Timeout: 10s, Max redirects: 3, Verify SSL: True
Availability check failed: Unexpected status code 403
</system-out>
		</testcase>
		<testcase name="dns_resolution [https://marineinfo.org/id/event/3127]" classname="marineinfo-event-resource-availability" time="0.0028200149536132812">
			<system-out>Resolving hostname: marineinfo.org
resolved_ip: 193.191.134.34
</system-out>
		</testcase>
		<testcase name="http_availability [https://marineinfo.org/id/event/3127]" classname="marineinfo-event-resource-availability" time="0.192901611328125">
			<system-out>response_time_s: 0.193
status_code: 301
redirects_to: https://marineinfo.org/id/event/3127
OK: HTTP endpoint reachable (redirects to HTTPS)
</system-out>
		</testcase>
		<testcase name="https_availability [https://marineinfo.org/id/event/3127]" classname="marineinfo-event-resource-availability" time="0.5813198089599609">
			<system-out>response_time_s: 0.581
status_code: 200
OK: HTTPS available, status 200 in 0.581s
</system-out>
		</testcase>
		<testcase name="dns_resolution [https://marineinfo.org/doc/event/3127]" classname="marineinfo-event-resource-availability" time="0.0035233497619628906">
			<system-out>Resolving hostname: marineinfo.org
resolved_ip: 193.191.134.34
</system-out>
		</testcase>
		<testcase name="http_availability [https://marineinfo.org/doc/event/3127]" classname="marineinfo-event-resource-availability" time="0.18653392791748047">
			<system-out>response_time_s: 0.187
status_code: 301
redirects_to: https://marineinfo.org/doc/event/3127
OK: HTTP endpoint reachable (redirects to HTTPS)
</system-out>
		</testcase>
		<testcase name="https_availability [https://marineinfo.org/doc/event/3127]" classname="marineinfo-event-resource-availability" time="0.2928743362426758">
			<system-out>response_time_s: 0.293
status_code: 302
redirects_to: http://marineinfo.org/en/doc/event/3127
OK: HTTPS endpoint reachable (redirects to HTTP)
</system-out>
		</testcase>
	</testsuite>
	<testsuite name="marineinfo-dataset-resource-availability" timestamp="2026-06-09T14:06:11.787785+00:00" tests="9" errors="0" failures="1" skipped="0" time="1.7283382415771484">
		<testcase name="dns_resolution [https://marineinfo.org/en/doc/dataset/3221]" classname="marineinfo-dataset-resource-availability" time="0.0029425621032714844">
			<system-out>Resolving hostname: marineinfo.org
resolved_ip: 193.191.134.34
</system-out>
		</testcase>
		<properties>
			<property name="verify_ssl" value="True"/>
			<property name="urls" value="https://marineinfo.org/en/doc/dataset/3221, https://marineinfo.org/id/dataset/3221, https://marineinfo.org/doc/dataset/3221"/>
			<property name="hostnames" value="marineinfo.org"/>
			<property name="timeout" value="10"/>
			<property name="max-redirects" value="3"/>
			<property name="check-http-availability" value="true"/>
			<property name="check-https-availability" value="true"/>
			<property name="verify-ssl" value="true"/>
			<property name="provenance" value="https://github.com/vlizBE/GRMPy_VLIZ/blob/e6b244a9809c8fe798002398fa5b13ad5cc8d076/tests/tests.yaml"/>
			<property name="create-issue" value="true"/>
		</properties>
		<testcase name="http_availability [https://marineinfo.org/en/doc/dataset/3221]" classname="marineinfo-dataset-resource-availability" time="0.18799638748168945">
			<system-out>response_time_s: 0.188
status_code: 301
redirects_to: https://marineinfo.org/en/doc/dataset/3221
OK: HTTP endpoint reachable (redirects to HTTPS)
</system-out>
		</testcase>
		<testcase name="https_availability [https://marineinfo.org/en/doc/dataset/3221]" classname="marineinfo-dataset-resource-availability" time="0.4459869861602783">
			<failure message="HTTPS availability check failed">Unexpected status code 403</failure>
			<system-out>response_time_s: 0.446
status_code: 403
Checking HTTPS availability for: https://marineinfo.org/en/doc/dataset/3221
Timeout: 10s, Max redirects: 3, Verify SSL: True
Availability check failed: Unexpected status code 403
</system-out>
		</testcase>
		<testcase name="dns_resolution [https://marineinfo.org/id/dataset/3221]" classname="marineinfo-dataset-resource-availability" time="0.0023622512817382812">
			<system-out>Resolving hostname: marineinfo.org
resolved_ip: 193.191.134.34
</system-out>
		</testcase>
		<testcase name="http_availability [https://marineinfo.org/id/dataset/3221]" classname="marineinfo-dataset-resource-availability" time="0.1912403106689453">
			<system-out>response_time_s: 0.191
status_code: 301
redirects_to: https://marineinfo.org/id/dataset/3221
OK: HTTP endpoint reachable (redirects to HTTPS)
</system-out>
		</testcase>
		<testcase name="https_availability [https://marineinfo.org/id/dataset/3221]" classname="marineinfo-dataset-resource-availability" time="0.4167661666870117">
			<system-out>response_time_s: 0.417
status_code: 200
OK: HTTPS available, status 200 in 0.417s
</system-out>
		</testcase>
		<testcase name="dns_resolution [https://marineinfo.org/doc/dataset/3221]" classname="marineinfo-dataset-resource-availability" time="0.0023169517517089844">
			<system-out>Resolving hostname: marineinfo.org
resolved_ip: 193.191.134.34
</system-out>
		</testcase>
		<testcase name="http_availability [https://marineinfo.org/doc/dataset/3221]" classname="marineinfo-dataset-resource-availability" time="0.19080090522766113">
			<system-out>response_time_s: 0.191
status_code: 301
redirects_to: https://marineinfo.org/doc/dataset/3221
OK: HTTP endpoint reachable (redirects to HTTPS)
</system-out>
		</testcase>
		<testcase name="https_availability [https://marineinfo.org/doc/dataset/3221]" classname="marineinfo-dataset-resource-availability" time="0.28792572021484375">
			<system-out>response_time_s: 0.288
status_code: 302
redirects_to: http://marineinfo.org/en/doc/dataset/3221
OK: HTTPS endpoint reachable (redirects to HTTP)
</system-out>
		</testcase>
	</testsuite>
	<testsuite name="marineinfo-cors-compliance-basic-person" timestamp="2026-06-09T14:06:16.288385+00:00" tests="3" errors="0" failures="3" skipped="0" time="1.5286765098571777">
		<testcase name="access_control_allow_origin [https://marineinfo.org/en/doc/person/46372] [lenient]" classname="marineinfo-cors-compliance-basic-person" time="0.36354875564575195">
			<failure message="Header 'access-control-allow-origin' is missing">Header absent in response from https://marineinfo.org/en/doc/person/46372</failure>
			<system-out>OPTIONS https://marineinfo.org/en/doc/person/46372 with Origin: https://vliz.be
access-control-allow-origin: ''
</system-out>
		</testcase>
		<testcase name="access_control_allow_origin [https://marineinfo.org/id/person/46372] [lenient]" classname="marineinfo-cors-compliance-basic-person" time="0.31757116317749023">
			<failure message="Header 'access-control-allow-origin' is missing">Header absent in response from https://marineinfo.org/id/person/46372</failure>
			<system-out>OPTIONS https://marineinfo.org/id/person/46372 with Origin: https://vliz.be
access-control-allow-origin: ''
</system-out>
		</testcase>
		<testcase name="access_control_allow_origin [https://marineinfo.org/doc/person/46372] [lenient]" classname="marineinfo-cors-compliance-basic-person" time="0.8475565910339355">
			<failure message="Header 'access-control-allow-origin' is missing">Header absent in response from https://marineinfo.org/en/doc/person/46372</failure>
			<system-out>OPTIONS https://marineinfo.org/doc/person/46372 with Origin: https://vliz.be
Followed 2 redirect(s) to https://marineinfo.org/en/doc/person/46372
access-control-allow-origin: ''
</system-out>
		</testcase>
		<properties>
			<property name="urls" value="https://marineinfo.org/en/doc/person/46372, https://marineinfo.org/id/person/46372, https://marineinfo.org/doc/person/46372"/>
			<property name="hostnames" value="marineinfo.org"/>
			<property name="timeout" value="30"/>
			<property name="https-redirect" value="false"/>
			<property name="probe-origin" value="https://vliz.be"/>
			<property name="provenance" value="https://github.com/vlizBE/GRMPy_VLIZ/blob/e6b244a9809c8fe798002398fa5b13ad5cc8d076/tests/tests.yaml"/>
			<property name="create-issue" value="false"/>
		</properties>
	</testsuite>
	<testsuite name="marineinfo-cors-compliance-basic-publication" timestamp="2026-06-09T14:06:18.381010+00:00" tests="3" errors="0" failures="3" skipped="0" time="1.5174038410186768">
		<testcase name="access_control_allow_origin [https://marineinfo.org/en/doc/publication/97613] [lenient]" classname="marineinfo-cors-compliance-basic-publication" time="0.34143948554992676">
			<failure message="Header 'access-control-allow-origin' is missing">Header absent in response from https://marineinfo.org/en/doc/publication/97613</failure>
			<system-out>OPTIONS https://marineinfo.org/en/doc/publication/97613 with Origin: https://vliz.be
access-control-allow-origin: ''
</system-out>
		</testcase>
		<testcase name="access_control_allow_origin [https://marineinfo.org/doc/publication/97613] [lenient]" classname="marineinfo-cors-compliance-basic-publication" time="0.8453917503356934">
			<failure message="Header 'access-control-allow-origin' is missing">Header absent in response from https://marineinfo.org/en/doc/publication/97613</failure>
			<system-out>OPTIONS https://marineinfo.org/doc/publication/97613 with Origin: https://vliz.be
Followed 2 redirect(s) to https://marineinfo.org/en/doc/publication/97613
access-control-allow-origin: ''
</system-out>
		</testcase>
		<testcase name="access_control_allow_origin [https://marineinfo.org/id/publication/97613] [lenient]" classname="marineinfo-cors-compliance-basic-publication" time="0.33057260513305664">
			<failure message="Header 'access-control-allow-origin' is missing">Header absent in response from https://marineinfo.org/id/publication/97613</failure>
			<system-out>OPTIONS https://marineinfo.org/id/publication/97613 with Origin: https://vliz.be
access-control-allow-origin: ''
</system-out>
		</testcase>
		<properties>
			<property name="urls" value="https://marineinfo.org/en/doc/publication/97613, https://marineinfo.org/doc/publication/97613, https://marineinfo.org/id/publication/97613"/>
			<property name="hostnames" value="marineinfo.org"/>
			<property name="timeout" value="30"/>
			<property name="https-redirect" value="false"/>
			<property name="probe-origin" value="https://vliz.be"/>
			<property name="provenance" value="https://github.com/vlizBE/GRMPy_VLIZ/blob/e6b244a9809c8fe798002398fa5b13ad5cc8d076/tests/tests.yaml"/>
			<property name="create-issue" value="false"/>
		</properties>
	</testsuite>
	<testsuite name="marineinfo-cors-compliance-basic-institute" timestamp="2026-06-09T14:06:20.441512+00:00" tests="3" errors="0" failures="3" skipped="0" time="1.4889905452728271">
		<testcase name="access_control_allow_origin [https://marineinfo.org/doc/institute/36] [lenient]" classname="marineinfo-cors-compliance-basic-institute" time="0.8267872333526611">
			<failure message="Header 'access-control-allow-origin' is missing">Header absent in response from https://marineinfo.org/en/doc/institute/36</failure>
			<system-out>OPTIONS https://marineinfo.org/doc/institute/36 with Origin: https://vliz.be
Followed 2 redirect(s) to https://marineinfo.org/en/doc/institute/36
access-control-allow-origin: ''
</system-out>
		</testcase>
		<testcase name="access_control_allow_origin [https://marineinfo.org/en/doc/institute/36] [lenient]" classname="marineinfo-cors-compliance-basic-institute" time="0.33446693420410156">
			<failure message="Header 'access-control-allow-origin' is missing">Header absent in response from https://marineinfo.org/en/doc/institute/36</failure>
			<system-out>OPTIONS https://marineinfo.org/en/doc/institute/36 with Origin: https://vliz.be
access-control-allow-origin: ''
</system-out>
		</testcase>
		<testcase name="access_control_allow_origin [https://marineinfo.org/id/institute/36] [lenient]" classname="marineinfo-cors-compliance-basic-institute" time="0.32773637771606445">
			<failure message="Header 'access-control-allow-origin' is missing">Header absent in response from https://marineinfo.org/id/institute/36</failure>
			<system-out>OPTIONS https://marineinfo.org/id/institute/36 with Origin: https://vliz.be
access-control-allow-origin: ''
</system-out>
		</testcase>
		<properties>
			<property name="urls" value="https://marineinfo.org/doc/institute/36, https://marineinfo.org/en/doc/institute/36, https://marineinfo.org/id/institute/36"/>
			<property name="hostnames" value="marineinfo.org"/>
			<property name="timeout" value="30"/>
			<property name="https-redirect" value="false"/>
			<property name="probe-origin" value="https://vliz.be"/>
			<property name="provenance" value="https://github.com/vlizBE/GRMPy_VLIZ/blob/e6b244a9809c8fe798002398fa5b13ad5cc8d076/tests/tests.yaml"/>
			<property name="create-issue" value="false"/>
		</properties>
	</testsuite>
	<testsuite name="marineinfo-cors-compliance-basic-project" timestamp="2026-06-09T14:06:22.556100+00:00" tests="3" errors="0" failures="3" skipped="0" time="1.565312147140503">
		<testcase name="access_control_allow_origin [https://marineinfo.org/en/doc/project/5528] [lenient]" classname="marineinfo-cors-compliance-basic-project" time="0.3439915180206299">
			<failure message="Header 'access-control-allow-origin' is missing">Header absent in response from https://marineinfo.org/en/doc/project/5528</failure>
			<system-out>OPTIONS https://marineinfo.org/en/doc/project/5528 with Origin: https://vliz.be
access-control-allow-origin: ''
</system-out>
		</testcase>
		<testcase name="access_control_allow_origin [https://marineinfo.org/id/project/5528] [lenient]" classname="marineinfo-cors-compliance-basic-project" time="0.34076499938964844">
			<failure message="Header 'access-control-allow-origin' is missing">Header absent in response from https://marineinfo.org/id/project/5528</failure>
			<system-out>OPTIONS https://marineinfo.org/id/project/5528 with Origin: https://vliz.be
access-control-allow-origin: ''
</system-out>
		</testcase>
		<testcase name="access_control_allow_origin [https://marineinfo.org/doc/project/5528] [lenient]" classname="marineinfo-cors-compliance-basic-project" time="0.8805556297302246">
			<failure message="Header 'access-control-allow-origin' is missing">Header absent in response from https://marineinfo.org/en/doc/project/5528</failure>
			<system-out>OPTIONS https://marineinfo.org/doc/project/5528 with Origin: https://vliz.be
Followed 2 redirect(s) to https://marineinfo.org/en/doc/project/5528
access-control-allow-origin: ''
</system-out>
		</testcase>
		<properties>
			<property name="urls" value="https://marineinfo.org/en/doc/project/5528, https://marineinfo.org/id/project/5528, https://marineinfo.org/doc/project/5528"/>
			<property name="hostnames" value="marineinfo.org"/>
			<property name="timeout" value="30"/>
			<property name="https-redirect" value="false"/>
			<property name="probe-origin" value="https://vliz.be"/>
			<property name="provenance" value="https://github.com/vlizBE/GRMPy_VLIZ/blob/e6b244a9809c8fe798002398fa5b13ad5cc8d076/tests/tests.yaml"/>
			<property name="create-issue" value="false"/>
		</properties>
	</testsuite>
	<testsuite name="marineinfo-cors-compliance-basic-event" timestamp="2026-06-09T14:06:24.753696+00:00" tests="3" errors="0" failures="3" skipped="0" time="1.505065679550171">
		<testcase name="access_control_allow_origin [https://marineinfo.org/en/doc/event/3127] [lenient]" classname="marineinfo-cors-compliance-basic-event" time="0.34699058532714844">
			<failure message="Header 'access-control-allow-origin' is missing">Header absent in response from https://marineinfo.org/en/doc/event/3127</failure>
			<system-out>OPTIONS https://marineinfo.org/en/doc/event/3127 with Origin: https://vliz.be
access-control-allow-origin: ''
</system-out>
		</testcase>
		<testcase name="access_control_allow_origin [https://marineinfo.org/doc/event/3127] [lenient]" classname="marineinfo-cors-compliance-basic-event" time="0.8220207691192627">
			<failure message="Header 'access-control-allow-origin' is missing">Header absent in response from https://marineinfo.org/en/doc/event/3127</failure>
			<system-out>OPTIONS https://marineinfo.org/doc/event/3127 with Origin: https://vliz.be
Followed 2 redirect(s) to https://marineinfo.org/en/doc/event/3127
access-control-allow-origin: ''
</system-out>
		</testcase>
		<testcase name="access_control_allow_origin [https://marineinfo.org/id/event/3127] [lenient]" classname="marineinfo-cors-compliance-basic-event" time="0.33605432510375977">
			<failure message="Header 'access-control-allow-origin' is missing">Header absent in response from https://marineinfo.org/id/event/3127</failure>
			<system-out>OPTIONS https://marineinfo.org/id/event/3127 with Origin: https://vliz.be
access-control-allow-origin: ''
</system-out>
		</testcase>
		<properties>
			<property name="urls" value="https://marineinfo.org/en/doc/event/3127, https://marineinfo.org/doc/event/3127, https://marineinfo.org/id/event/3127"/>
			<property name="hostnames" value="marineinfo.org"/>
			<property name="timeout" value="30"/>
			<property name="https-redirect" value="false"/>
			<property name="probe-origin" value="https://vliz.be"/>
			<property name="provenance" value="https://github.com/vlizBE/GRMPy_VLIZ/blob/e6b244a9809c8fe798002398fa5b13ad5cc8d076/tests/tests.yaml"/>
			<property name="create-issue" value="false"/>
		</properties>
	</testsuite>
	<testsuite name="marineinfo-cors-compliance-basic-dataset" timestamp="2026-06-09T14:06:26.837864+00:00" tests="3" errors="0" failures="3" skipped="0" time="1.4890568256378174">
		<testcase name="access_control_allow_origin [https://marineinfo.org/en/doc/dataset/3221] [lenient]" classname="marineinfo-cors-compliance-basic-dataset" time="0.354205846786499">
			<failure message="Header 'access-control-allow-origin' is missing">Header absent in response from https://marineinfo.org/en/doc/dataset/3221</failure>
			<system-out>OPTIONS https://marineinfo.org/en/doc/dataset/3221 with Origin: https://vliz.be
access-control-allow-origin: ''
</system-out>
		</testcase>
		<testcase name="access_control_allow_origin [https://marineinfo.org/doc/dataset/3221] [lenient]" classname="marineinfo-cors-compliance-basic-dataset" time="0.8121225833892822">
			<failure message="Header 'access-control-allow-origin' is missing">Header absent in response from https://marineinfo.org/en/doc/dataset/3221</failure>
			<system-out>OPTIONS https://marineinfo.org/doc/dataset/3221 with Origin: https://vliz.be
Followed 2 redirect(s) to https://marineinfo.org/en/doc/dataset/3221
access-control-allow-origin: ''
</system-out>
		</testcase>
		<testcase name="access_control_allow_origin [https://marineinfo.org/id/dataset/3221] [lenient]" classname="marineinfo-cors-compliance-basic-dataset" time="0.32272839546203613">
			<failure message="Header 'access-control-allow-origin' is missing">Header absent in response from https://marineinfo.org/id/dataset/3221</failure>
			<system-out>OPTIONS https://marineinfo.org/id/dataset/3221 with Origin: https://vliz.be
access-control-allow-origin: ''
</system-out>
		</testcase>
		<properties>
			<property name="urls" value="https://marineinfo.org/en/doc/dataset/3221, https://marineinfo.org/doc/dataset/3221, https://marineinfo.org/id/dataset/3221"/>
			<property name="hostnames" value="marineinfo.org"/>
			<property name="timeout" value="30"/>
			<property name="https-redirect" value="false"/>
			<property name="probe-origin" value="https://vliz.be"/>
			<property name="provenance" value="https://github.com/vlizBE/GRMPy_VLIZ/blob/e6b244a9809c8fe798002398fa5b13ad5cc8d076/tests/tests.yaml"/>
			<property name="create-issue" value="false"/>
		</properties>
	</testsuite>
</testsuites>
