<?xml version="1.0" encoding="utf-8"?>
<testsuites>
	<testsuite name="LDES-feeds-marineinfo" timestamp="2026-06-10T10:11:24.087917+00:00" tests="36" errors="0" failures="4" skipped="0" time="11.085488557815552">
		<testcase name="ldes_harvest [https://marineinfo.org/feed/institute]" classname="LDES-feeds-marineinfo" time="1.7739324569702148">
			<system-out>Fetching RDF graph from: https://marineinfo.org/feed/institute
HTTP 200, Content-Type: 'text/turtle; charset=utf-8;', format: turtle
Successfully parsed 217 triple(s)
</system-out>
		</testcase>
		<testcase name="ldes_event_stream [https://marineinfo.org/feed/institute]" classname="LDES-feeds-marineinfo" time="0.00012159347534179688">
			<system-out>Found 1 ldes:EventStream declaration(s)
  EventStream: https://marineinfo.org/feed/institute
</system-out>
		</testcase>
		<testcase name="ldes_tree_view [https://marineinfo.org/feed/institute]" classname="LDES-feeds-marineinfo" time="2.1696090698242188e-05">
			<system-out>Found 1 tree:view relation(s)
  tree:view: https://marineinfo.org/feed/institute?fragment=2026-06-05T14%3A00%3A00Z%2F2026-06-05T15%3A00%3A00Z
</system-out>
		</testcase>
		<testcase name="ldes_min_members [https://marineinfo.org/feed/institute]" classname="LDES-feeds-marineinfo" time="0.0005617141723632812">
			<system-out>Traversing LDES feed from: https://marineinfo.org/feed/institute
Fetching LDES fragment: https://marineinfo.org/feed/institute?fragment=2026-06-05T14%3A00%3A00Z%2F2026-06-05T15%3A00%3A00Z
HTTP 200, Content-Type: 'text/turtle; charset=utf-8;', format: turtle
Fetching LDES fragment: https://marineinfo.org/feed/institute?fragment=2026-06-04T20%3A00%3A00Z%2F2026-06-04T21%3A00%3A00Z
HTTP 200, Content-Type: 'text/turtle; charset=utf-8;', format: turtle
Fetching LDES fragment: https://marineinfo.org/feed/institute?fragment=2026-05-28T20%3A00%3A00Z%2F2026-05-28T21%3A00%3A00Z
HTTP 200, Content-Type: 'text/turtle; charset=utf-8;', format: turtle
Fetching LDES fragment: https://marineinfo.org/feed/institute?fragment=2026-05-28T13%3A00%3A00Z%2F2026-05-28T14%3A00%3A00Z
HTTP 200, Content-Type: 'text/turtle; charset=utf-8;', format: turtle
Fetching LDES fragment: https://marineinfo.org/feed/institute?fragment=2026-05-28T12%3A00%3A00Z%2F2026-05-28T13%3A00%3A00Z
HTTP 200, Content-Type: 'text/turtle; charset=utf-8;', format: turtle
Fetching LDES fragment: https://marineinfo.org/feed/institute?fragment=2026-05-21T08%3A00%3A00Z%2F2026-05-21T09%3A00%3A00Z
HTTP 200, Content-Type: 'text/turtle; charset=utf-8;', format: turtle
Fetching LDES fragment: https://marineinfo.org/feed/institute?fragment=2026-05-15T14%3A00%3A00Z%2F2026-05-15T15%3A00%3A00Z
HTTP 200, Content-Type: 'text/turtle; charset=utf-8;', format: turtle
Fetching LDES fragment: https://marineinfo.org/feed/institute?fragment=2026-05-13T14%3A00%3A00Z%2F2026-05-13T15%3A00%3A00Z
HTTP 200, Content-Type: 'text/turtle; charset=utf-8;', format: turtle
Fetching LDES fragment: https://marineinfo.org/feed/institute?fragment=2026-05-13T11%3A00%3A00Z%2F2026-05-13T12%3A00%3A00Z
HTTP 200, Content-Type: 'text/turtle; charset=utf-8;', format: turtle
Traversal complete: 10 fragment(s) fetched, 5148 total triple(s)
Found 500 tree:member(s) across 10 traversed fragment(s); required minimum: 20
</system-out>
		</testcase>
		<testcase name="ldes_min_fragments [https://marineinfo.org/feed/institute]" classname="LDES-feeds-marineinfo" time="3.123283386230469e-05">
			<system-out>Traversing LDES feed from: https://marineinfo.org/feed/institute
Fetching LDES fragment: https://marineinfo.org/feed/institute?fragment=2026-06-05T14%3A00%3A00Z%2F2026-06-05T15%3A00%3A00Z
HTTP 200, Content-Type: 'text/turtle; charset=utf-8;', format: turtle
Fetching LDES fragment: https://marineinfo.org/feed/institute?fragment=2026-06-04T20%3A00%3A00Z%2F2026-06-04T21%3A00%3A00Z
HTTP 200, Content-Type: 'text/turtle; charset=utf-8;', format: turtle
Fetching LDES fragment: https://marineinfo.org/feed/institute?fragment=2026-05-28T20%3A00%3A00Z%2F2026-05-28T21%3A00%3A00Z
HTTP 200, Content-Type: 'text/turtle; charset=utf-8;', format: turtle
Fetching LDES fragment: https://marineinfo.org/feed/institute?fragment=2026-05-28T13%3A00%3A00Z%2F2026-05-28T14%3A00%3A00Z
HTTP 200, Content-Type: 'text/turtle; charset=utf-8;', format: turtle
Fetching LDES fragment: https://marineinfo.org/feed/institute?fragment=2026-05-28T12%3A00%3A00Z%2F2026-05-28T13%3A00%3A00Z
HTTP 200, Content-Type: 'text/turtle; charset=utf-8;', format: turtle
Fetching LDES fragment: https://marineinfo.org/feed/institute?fragment=2026-05-21T08%3A00%3A00Z%2F2026-05-21T09%3A00%3A00Z
HTTP 200, Content-Type: 'text/turtle; charset=utf-8;', format: turtle
Fetching LDES fragment: https://marineinfo.org/feed/institute?fragment=2026-05-15T14%3A00%3A00Z%2F2026-05-15T15%3A00%3A00Z
HTTP 200, Content-Type: 'text/turtle; charset=utf-8;', format: turtle
Fetching LDES fragment: https://marineinfo.org/feed/institute?fragment=2026-05-13T14%3A00%3A00Z%2F2026-05-13T15%3A00%3A00Z
HTTP 200, Content-Type: 'text/turtle; charset=utf-8;', format: turtle
Fetching LDES fragment: https://marineinfo.org/feed/institute?fragment=2026-05-13T11%3A00%3A00Z%2F2026-05-13T12%3A00%3A00Z
HTTP 200, Content-Type: 'text/turtle; charset=utf-8;', format: turtle
Traversal complete: 10 fragment(s) fetched, 5148 total triple(s)
Traversed 10 LDES fragment(s) (following tree:Relation → tree:node links); required minimum: 10
  fragment: https://marineinfo.org/feed/institute
  fragment: https://marineinfo.org/feed/institute?fragment=2026-05-13T11%3A00%3A00Z%2F2026-05-13T12%3A00%3A00Z
  fragment: https://marineinfo.org/feed/institute?fragment=2026-05-13T14%3A00%3A00Z%2F2026-05-13T15%3A00%3A00Z
  fragment: https://marineinfo.org/feed/institute?fragment=2026-05-15T14%3A00%3A00Z%2F2026-05-15T15%3A00%3A00Z
  fragment: https://marineinfo.org/feed/institute?fragment=2026-05-21T08%3A00%3A00Z%2F2026-05-21T09%3A00%3A00Z
  fragment: https://marineinfo.org/feed/institute?fragment=2026-05-28T12%3A00%3A00Z%2F2026-05-28T13%3A00%3A00Z
  fragment: https://marineinfo.org/feed/institute?fragment=2026-05-28T13%3A00%3A00Z%2F2026-05-28T14%3A00%3A00Z
  fragment: https://marineinfo.org/feed/institute?fragment=2026-05-28T20%3A00%3A00Z%2F2026-05-28T21%3A00%3A00Z
  fragment: https://marineinfo.org/feed/institute?fragment=2026-06-04T20%3A00%3A00Z%2F2026-06-04T21%3A00%3A00Z
  fragment: https://marineinfo.org/feed/institute?fragment=2026-06-05T14%3A00%3A00Z%2F2026-06-05T15%3A00%3A00Z
</system-out>
		</testcase>
		<testcase name="ldes_max_age_youngest_member [https://marineinfo.org/feed/institute]" classname="LDES-feeds-marineinfo" time="0.0037627220153808594">
			<system-out>Traversing LDES feed from: https://marineinfo.org/feed/institute
Fetching LDES fragment: https://marineinfo.org/feed/institute?fragment=2026-06-05T14%3A00%3A00Z%2F2026-06-05T15%3A00%3A00Z
HTTP 200, Content-Type: 'text/turtle; charset=utf-8;', format: turtle
Fetching LDES fragment: https://marineinfo.org/feed/institute?fragment=2026-06-04T20%3A00%3A00Z%2F2026-06-04T21%3A00%3A00Z
HTTP 200, Content-Type: 'text/turtle; charset=utf-8;', format: turtle
Fetching LDES fragment: https://marineinfo.org/feed/institute?fragment=2026-05-28T20%3A00%3A00Z%2F2026-05-28T21%3A00%3A00Z
HTTP 200, Content-Type: 'text/turtle; charset=utf-8;', format: turtle
Fetching LDES fragment: https://marineinfo.org/feed/institute?fragment=2026-05-28T13%3A00%3A00Z%2F2026-05-28T14%3A00%3A00Z
HTTP 200, Content-Type: 'text/turtle; charset=utf-8;', format: turtle
Fetching LDES fragment: https://marineinfo.org/feed/institute?fragment=2026-05-28T12%3A00%3A00Z%2F2026-05-28T13%3A00%3A00Z
HTTP 200, Content-Type: 'text/turtle; charset=utf-8;', format: turtle
Fetching LDES fragment: https://marineinfo.org/feed/institute?fragment=2026-05-21T08%3A00%3A00Z%2F2026-05-21T09%3A00%3A00Z
HTTP 200, Content-Type: 'text/turtle; charset=utf-8;', format: turtle
Fetching LDES fragment: https://marineinfo.org/feed/institute?fragment=2026-05-15T14%3A00%3A00Z%2F2026-05-15T15%3A00%3A00Z
HTTP 200, Content-Type: 'text/turtle; charset=utf-8;', format: turtle
Fetching LDES fragment: https://marineinfo.org/feed/institute?fragment=2026-05-13T14%3A00%3A00Z%2F2026-05-13T15%3A00%3A00Z
HTTP 200, Content-Type: 'text/turtle; charset=utf-8;', format: turtle
Fetching LDES fragment: https://marineinfo.org/feed/institute?fragment=2026-05-13T11%3A00%3A00Z%2F2026-05-13T12%3A00%3A00Z
HTTP 200, Content-Type: 'text/turtle; charset=utf-8;', format: turtle
Traversal complete: 10 fragment(s) fetched, 5148 total triple(s)
Checking age of youngest tree:member across 10 traversed fragment(s) of: https://marineinfo.org/feed/institute
Using ldes:timestampPath predicate(s): http://purl.org/dc/elements/1.1/modified
Youngest member timestamp: 2026-06-05T16:06:45+02:00; age: 116.04 hour(s); maximum allowed: 730 hour(s)
</system-out>
		</testcase>
		<testcase name="ldes_harvest [https://marineinfo.org/feed/dataset]" classname="LDES-feeds-marineinfo" time="2.086148500442505">
			<system-out>Fetching RDF graph from: https://marineinfo.org/feed/dataset
HTTP 200, Content-Type: 'text/turtle; charset=utf-8;', format: turtle
Successfully parsed 208 triple(s)
</system-out>
		</testcase>
		<testcase name="ldes_event_stream [https://marineinfo.org/feed/dataset]" classname="LDES-feeds-marineinfo" time="4.935264587402344e-05">
			<system-out>Found 1 ldes:EventStream declaration(s)
  EventStream: https://marineinfo.org/feed/dataset
</system-out>
		</testcase>
		<testcase name="ldes_tree_view [https://marineinfo.org/feed/dataset]" classname="LDES-feeds-marineinfo" time="2.0742416381835938e-05">
			<system-out>Found 1 tree:view relation(s)
  tree:view: https://marineinfo.org/feed/dataset?fragment=2026-06-09T14%3A00%3A00Z%2F2026-06-09T15%3A00%3A00Z
</system-out>
		</testcase>
		<testcase name="ldes_min_members [https://marineinfo.org/feed/dataset]" classname="LDES-feeds-marineinfo" time="0.00506591796875">
			<system-out>Traversing LDES feed from: https://marineinfo.org/feed/dataset
Fetching LDES fragment: https://marineinfo.org/feed/dataset?fragment=2026-06-09T14%3A00%3A00Z%2F2026-06-09T15%3A00%3A00Z
HTTP 200, Content-Type: 'text/turtle; charset=utf-8;', format: turtle
Fetching LDES fragment: https://marineinfo.org/feed/dataset?fragment=2026-06-09T11%3A00%3A00Z%2F2026-06-09T12%3A00%3A00Z
HTTP 200, Content-Type: 'text/turtle; charset=utf-8;', format: turtle
Fetching LDES fragment: https://marineinfo.org/feed/dataset?fragment=2026-06-09T09%3A00%3A00Z%2F2026-06-09T10%3A00%3A00Z
HTTP 200, Content-Type: 'text/turtle; charset=utf-8;', format: turtle
Fetching LDES fragment: https://marineinfo.org/feed/dataset?fragment=2026-06-09T08%3A00%3A00Z%2F2026-06-09T09%3A00%3A00Z
HTTP 200, Content-Type: 'text/turtle; charset=utf-8;', format: turtle
Fetching LDES fragment: https://marineinfo.org/feed/dataset?fragment=2026-06-08T23%3A00%3A00Z%2F2026-06-09T00%3A00%3A00Z
HTTP 200, Content-Type: 'text/turtle; charset=utf-8;', format: turtle
Fetching LDES fragment: https://marineinfo.org/feed/dataset?fragment=2026-06-08T12%3A00%3A00Z%2F2026-06-08T13%3A00%3A00Z
HTTP 200, Content-Type: 'text/turtle; charset=utf-8;', format: turtle
Fetching LDES fragment: https://marineinfo.org/feed/dataset?fragment=2026-06-08T11%3A00%3A00Z%2F2026-06-08T12%3A00%3A00Z
HTTP 200, Content-Type: 'text/turtle; charset=utf-8;', format: turtle
Fetching LDES fragment: https://marineinfo.org/feed/dataset?fragment=2026-06-08T08%3A00%3A00Z%2F2026-06-08T09%3A00%3A00Z
HTTP 200, Content-Type: 'text/turtle; charset=utf-8;', format: turtle
Fetching LDES fragment: https://marineinfo.org/feed/dataset?fragment=2026-06-06T01%3A00%3A00Z%2F2026-06-06T02%3A00%3A00Z
HTTP 200, Content-Type: 'text/turtle; charset=utf-8;', format: turtle
Traversal complete: 10 fragment(s) fetched, 31513 total triple(s)
Found 4672 tree:member(s) across 10 traversed fragment(s); required minimum: 20
</system-out>
		</testcase>
		<testcase name="ldes_min_fragments [https://marineinfo.org/feed/dataset]" classname="LDES-feeds-marineinfo" time="1.6927719116210938e-05">
			<system-out>Traversing LDES feed from: https://marineinfo.org/feed/dataset
Fetching LDES fragment: https://marineinfo.org/feed/dataset?fragment=2026-06-09T14%3A00%3A00Z%2F2026-06-09T15%3A00%3A00Z
HTTP 200, Content-Type: 'text/turtle; charset=utf-8;', format: turtle
Fetching LDES fragment: https://marineinfo.org/feed/dataset?fragment=2026-06-09T11%3A00%3A00Z%2F2026-06-09T12%3A00%3A00Z
HTTP 200, Content-Type: 'text/turtle; charset=utf-8;', format: turtle
Fetching LDES fragment: https://marineinfo.org/feed/dataset?fragment=2026-06-09T09%3A00%3A00Z%2F2026-06-09T10%3A00%3A00Z
HTTP 200, Content-Type: 'text/turtle; charset=utf-8;', format: turtle
Fetching LDES fragment: https://marineinfo.org/feed/dataset?fragment=2026-06-09T08%3A00%3A00Z%2F2026-06-09T09%3A00%3A00Z
HTTP 200, Content-Type: 'text/turtle; charset=utf-8;', format: turtle
Fetching LDES fragment: https://marineinfo.org/feed/dataset?fragment=2026-06-08T23%3A00%3A00Z%2F2026-06-09T00%3A00%3A00Z
HTTP 200, Content-Type: 'text/turtle; charset=utf-8;', format: turtle
Fetching LDES fragment: https://marineinfo.org/feed/dataset?fragment=2026-06-08T12%3A00%3A00Z%2F2026-06-08T13%3A00%3A00Z
HTTP 200, Content-Type: 'text/turtle; charset=utf-8;', format: turtle
Fetching LDES fragment: https://marineinfo.org/feed/dataset?fragment=2026-06-08T11%3A00%3A00Z%2F2026-06-08T12%3A00%3A00Z
HTTP 200, Content-Type: 'text/turtle; charset=utf-8;', format: turtle
Fetching LDES fragment: https://marineinfo.org/feed/dataset?fragment=2026-06-08T08%3A00%3A00Z%2F2026-06-08T09%3A00%3A00Z
HTTP 200, Content-Type: 'text/turtle; charset=utf-8;', format: turtle
Fetching LDES fragment: https://marineinfo.org/feed/dataset?fragment=2026-06-06T01%3A00%3A00Z%2F2026-06-06T02%3A00%3A00Z
HTTP 200, Content-Type: 'text/turtle; charset=utf-8;', format: turtle
Traversal complete: 10 fragment(s) fetched, 31513 total triple(s)
Traversed 10 LDES fragment(s) (following tree:Relation → tree:node links); required minimum: 10
  fragment: https://marineinfo.org/feed/dataset
  fragment: https://marineinfo.org/feed/dataset?fragment=2026-06-06T01%3A00%3A00Z%2F2026-06-06T02%3A00%3A00Z
  fragment: https://marineinfo.org/feed/dataset?fragment=2026-06-08T08%3A00%3A00Z%2F2026-06-08T09%3A00%3A00Z
  fragment: https://marineinfo.org/feed/dataset?fragment=2026-06-08T11%3A00%3A00Z%2F2026-06-08T12%3A00%3A00Z
  fragment: https://marineinfo.org/feed/dataset?fragment=2026-06-08T12%3A00%3A00Z%2F2026-06-08T13%3A00%3A00Z
  fragment: https://marineinfo.org/feed/dataset?fragment=2026-06-08T23%3A00%3A00Z%2F2026-06-09T00%3A00%3A00Z
  fragment: https://marineinfo.org/feed/dataset?fragment=2026-06-09T08%3A00%3A00Z%2F2026-06-09T09%3A00%3A00Z
  fragment: https://marineinfo.org/feed/dataset?fragment=2026-06-09T09%3A00%3A00Z%2F2026-06-09T10%3A00%3A00Z
  fragment: https://marineinfo.org/feed/dataset?fragment=2026-06-09T11%3A00%3A00Z%2F2026-06-09T12%3A00%3A00Z
  fragment: https://marineinfo.org/feed/dataset?fragment=2026-06-09T14%3A00%3A00Z%2F2026-06-09T15%3A00%3A00Z
</system-out>
		</testcase>
		<testcase name="ldes_max_age_youngest_member [https://marineinfo.org/feed/dataset]" classname="LDES-feeds-marineinfo" time="0.03550601005554199">
			<system-out>Traversing LDES feed from: https://marineinfo.org/feed/dataset
Fetching LDES fragment: https://marineinfo.org/feed/dataset?fragment=2026-06-09T14%3A00%3A00Z%2F2026-06-09T15%3A00%3A00Z
HTTP 200, Content-Type: 'text/turtle; charset=utf-8;', format: turtle
Fetching LDES fragment: https://marineinfo.org/feed/dataset?fragment=2026-06-09T11%3A00%3A00Z%2F2026-06-09T12%3A00%3A00Z
HTTP 200, Content-Type: 'text/turtle; charset=utf-8;', format: turtle
Fetching LDES fragment: https://marineinfo.org/feed/dataset?fragment=2026-06-09T09%3A00%3A00Z%2F2026-06-09T10%3A00%3A00Z
HTTP 200, Content-Type: 'text/turtle; charset=utf-8;', format: turtle
Fetching LDES fragment: https://marineinfo.org/feed/dataset?fragment=2026-06-09T08%3A00%3A00Z%2F2026-06-09T09%3A00%3A00Z
HTTP 200, Content-Type: 'text/turtle; charset=utf-8;', format: turtle
Fetching LDES fragment: https://marineinfo.org/feed/dataset?fragment=2026-06-08T23%3A00%3A00Z%2F2026-06-09T00%3A00%3A00Z
HTTP 200, Content-Type: 'text/turtle; charset=utf-8;', format: turtle
Fetching LDES fragment: https://marineinfo.org/feed/dataset?fragment=2026-06-08T12%3A00%3A00Z%2F2026-06-08T13%3A00%3A00Z
HTTP 200, Content-Type: 'text/turtle; charset=utf-8;', format: turtle
Fetching LDES fragment: https://marineinfo.org/feed/dataset?fragment=2026-06-08T11%3A00%3A00Z%2F2026-06-08T12%3A00%3A00Z
HTTP 200, Content-Type: 'text/turtle; charset=utf-8;', format: turtle
Fetching LDES fragment: https://marineinfo.org/feed/dataset?fragment=2026-06-08T08%3A00%3A00Z%2F2026-06-08T09%3A00%3A00Z
HTTP 200, Content-Type: 'text/turtle; charset=utf-8;', format: turtle
Fetching LDES fragment: https://marineinfo.org/feed/dataset?fragment=2026-06-06T01%3A00%3A00Z%2F2026-06-06T02%3A00%3A00Z
HTTP 200, Content-Type: 'text/turtle; charset=utf-8;', format: turtle
Traversal complete: 10 fragment(s) fetched, 31513 total triple(s)
Checking age of youngest tree:member across 10 traversed fragment(s) of: https://marineinfo.org/feed/dataset
Using ldes:timestampPath predicate(s): http://purl.org/dc/elements/1.1/modified
Youngest member timestamp: 2026-06-09T16:27:17+02:00; age: 19.71 hour(s); maximum allowed: 730 hour(s)
</system-out>
		</testcase>
		<testcase name="ldes_harvest [https://marineinfo.org/feed/publication]" classname="LDES-feeds-marineinfo" time="1.231673002243042">
			<system-out>Fetching RDF graph from: https://marineinfo.org/feed/publication
HTTP 200, Content-Type: 'text/turtle; charset=utf-8;', format: turtle
Successfully parsed 283 triple(s)
</system-out>
		</testcase>
		<testcase name="ldes_event_stream [https://marineinfo.org/feed/publication]" classname="LDES-feeds-marineinfo" time="5.507469177246094e-05">
			<system-out>Found 1 ldes:EventStream declaration(s)
  EventStream: https://marineinfo.org/feed/publication
</system-out>
		</testcase>
		<testcase name="ldes_tree_view [https://marineinfo.org/feed/publication]" classname="LDES-feeds-marineinfo" time="2.0265579223632812e-05">
			<system-out>Found 1 tree:view relation(s)
  tree:view: https://marineinfo.org/feed/publication?fragment=2026-06-10T09%3A00%3A00Z%2F2026-06-10T10%3A00%3A00Z
</system-out>
		</testcase>
		<testcase name="ldes_min_members [https://marineinfo.org/feed/publication]" classname="LDES-feeds-marineinfo" time="8.511543273925781e-05">
			<failure message="Insufficient members: found 14, expected at least 20">The event stream at https://marineinfo.org/feed/publication exposes only 14 tree:member triple(s) across 4 traversed fragment(s), but at least 20 are required</failure>
			<system-out>Traversing LDES feed from: https://marineinfo.org/feed/publication
Fetching LDES fragment: https://marineinfo.org/feed/publication?fragment=2026-06-10T09%3A00%3A00Z%2F2026-06-10T10%3A00%3A00Z
HTTP 200, Content-Type: 'text/turtle; charset=utf-8;', format: turtle
Fetching LDES fragment: https://marineinfo.org/feed/publication?fragment=2026-06-10T08%3A00%3A00Z%2F2026-06-10T09%3A00%3A00Z
HTTP 200, Content-Type: 'text/turtle; charset=utf-8;', format: turtle
Fetching LDES fragment: https://marineinfo.org/feed/publication?fragment=2026-06-10T07%3A00%3A00Z%2F2026-06-10T08%3A00%3A00Z
HTTP 200, Content-Type: 'text/turtle; charset=utf-8;', format: turtle
Fetching LDES fragment: https://marineinfo.org/feed/publication?fragment=2026-06-09T23%3A00%3A00Z%2F2026-06-10T00%3A00%3A00Z
Traversal complete: 4 fragment(s) fetched, 1046 total triple(s)
Found 14 tree:member(s) across 4 traversed fragment(s); required minimum: 20
</system-out>
			<system-err>Could not fetch fragment https://marineinfo.org/feed/publication?fragment=2026-06-09T23%3A00%3A00Z%2F2026-06-10T00%3A00%3A00Z: 500 Server Error: Internal Server Error for url: https://marineinfo.org/imis?module=ref&amp;show=feed&amp;format=ttl&amp;fragment=2026-06-09T23%253A00%253A00Z%252F2026-06-10T00%253A00%253A00Z
Warning: could not fetch fragment https://marineinfo.org/feed/publication?fragment=2026-06-09T23%3A00%3A00Z%2F2026-06-10T00%3A00%3A00Z: 500 Server Error: Internal Server Error for url: https://marineinfo.org/imis?module=ref&amp;show=feed&amp;format=ttl&amp;fragment=2026-06-09T23%253A00%253A00Z%252F2026-06-10T00%253A00%253A00Z
Insufficient members: 14 &lt; 20
</system-err>
		</testcase>
		<testcase name="ldes_min_fragments [https://marineinfo.org/feed/publication]" classname="LDES-feeds-marineinfo" time="1.2159347534179688e-05">
			<failure message="Insufficient fragments: traversed 4, expected at least 10">The LDES feed at https://marineinfo.org/feed/publication yielded only 4 traversed fragment(s) (following tree:Relation → tree:node links), but at least 10 are required</failure>
			<system-out>Traversing LDES feed from: https://marineinfo.org/feed/publication
Fetching LDES fragment: https://marineinfo.org/feed/publication?fragment=2026-06-10T09%3A00%3A00Z%2F2026-06-10T10%3A00%3A00Z
HTTP 200, Content-Type: 'text/turtle; charset=utf-8;', format: turtle
Fetching LDES fragment: https://marineinfo.org/feed/publication?fragment=2026-06-10T08%3A00%3A00Z%2F2026-06-10T09%3A00%3A00Z
HTTP 200, Content-Type: 'text/turtle; charset=utf-8;', format: turtle
Fetching LDES fragment: https://marineinfo.org/feed/publication?fragment=2026-06-10T07%3A00%3A00Z%2F2026-06-10T08%3A00%3A00Z
HTTP 200, Content-Type: 'text/turtle; charset=utf-8;', format: turtle
Fetching LDES fragment: https://marineinfo.org/feed/publication?fragment=2026-06-09T23%3A00%3A00Z%2F2026-06-10T00%3A00%3A00Z
Traversal complete: 4 fragment(s) fetched, 1046 total triple(s)
Traversed 4 LDES fragment(s) (following tree:Relation → tree:node links); required minimum: 10
  fragment: https://marineinfo.org/feed/publication
  fragment: https://marineinfo.org/feed/publication?fragment=2026-06-10T07%3A00%3A00Z%2F2026-06-10T08%3A00%3A00Z
  fragment: https://marineinfo.org/feed/publication?fragment=2026-06-10T08%3A00%3A00Z%2F2026-06-10T09%3A00%3A00Z
  fragment: https://marineinfo.org/feed/publication?fragment=2026-06-10T09%3A00%3A00Z%2F2026-06-10T10%3A00%3A00Z
</system-out>
			<system-err>Could not fetch fragment https://marineinfo.org/feed/publication?fragment=2026-06-09T23%3A00%3A00Z%2F2026-06-10T00%3A00%3A00Z: 500 Server Error: Internal Server Error for url: https://marineinfo.org/imis?module=ref&amp;show=feed&amp;format=ttl&amp;fragment=2026-06-09T23%253A00%253A00Z%252F2026-06-10T00%253A00%253A00Z
Warning: could not fetch fragment https://marineinfo.org/feed/publication?fragment=2026-06-09T23%3A00%3A00Z%2F2026-06-10T00%3A00%3A00Z: 500 Server Error: Internal Server Error for url: https://marineinfo.org/imis?module=ref&amp;show=feed&amp;format=ttl&amp;fragment=2026-06-09T23%253A00%253A00Z%252F2026-06-10T00%253A00%253A00Z
Insufficient fragments: 4 &lt; 10
</system-err>
		</testcase>
		<testcase name="ldes_max_age_youngest_member [https://marineinfo.org/feed/publication]" classname="LDES-feeds-marineinfo" time="0.0002048015594482422">
			<system-out>Traversing LDES feed from: https://marineinfo.org/feed/publication
Fetching LDES fragment: https://marineinfo.org/feed/publication?fragment=2026-06-10T09%3A00%3A00Z%2F2026-06-10T10%3A00%3A00Z
HTTP 200, Content-Type: 'text/turtle; charset=utf-8;', format: turtle
Fetching LDES fragment: https://marineinfo.org/feed/publication?fragment=2026-06-10T08%3A00%3A00Z%2F2026-06-10T09%3A00%3A00Z
HTTP 200, Content-Type: 'text/turtle; charset=utf-8;', format: turtle
Fetching LDES fragment: https://marineinfo.org/feed/publication?fragment=2026-06-10T07%3A00%3A00Z%2F2026-06-10T08%3A00%3A00Z
HTTP 200, Content-Type: 'text/turtle; charset=utf-8;', format: turtle
Fetching LDES fragment: https://marineinfo.org/feed/publication?fragment=2026-06-09T23%3A00%3A00Z%2F2026-06-10T00%3A00%3A00Z
Traversal complete: 4 fragment(s) fetched, 1046 total triple(s)
Checking age of youngest tree:member across 4 traversed fragment(s) of: https://marineinfo.org/feed/publication
Using ldes:timestampPath predicate(s): http://purl.org/dc/elements/1.1/modified
Youngest member timestamp: 2026-06-10T11:32:13+02:00; age: 0.64 hour(s); maximum allowed: 730 hour(s)
</system-out>
			<system-err>Could not fetch fragment https://marineinfo.org/feed/publication?fragment=2026-06-09T23%3A00%3A00Z%2F2026-06-10T00%3A00%3A00Z: 500 Server Error: Internal Server Error for url: https://marineinfo.org/imis?module=ref&amp;show=feed&amp;format=ttl&amp;fragment=2026-06-09T23%253A00%253A00Z%252F2026-06-10T00%253A00%253A00Z
Warning: could not fetch fragment https://marineinfo.org/feed/publication?fragment=2026-06-09T23%3A00%3A00Z%2F2026-06-10T00%3A00%3A00Z: 500 Server Error: Internal Server Error for url: https://marineinfo.org/imis?module=ref&amp;show=feed&amp;format=ttl&amp;fragment=2026-06-09T23%253A00%253A00Z%252F2026-06-10T00%253A00%253A00Z
</system-err>
		</testcase>
		<testcase name="ldes_harvest [https://marineinfo.org/feed/person]" classname="LDES-feeds-marineinfo" time="3.9002010822296143">
			<system-out>Fetching RDF graph from: https://marineinfo.org/feed/person
HTTP 200, Content-Type: 'text/turtle; charset=utf-8;', format: turtle
Successfully parsed 846 triple(s)
</system-out>
		</testcase>
		<testcase name="ldes_event_stream [https://marineinfo.org/feed/person]" classname="LDES-feeds-marineinfo" time="6.961822509765625e-05">
			<system-out>Found 1 ldes:EventStream declaration(s)
  EventStream: https://marineinfo.org/feed/person
</system-out>
		</testcase>
		<testcase name="ldes_tree_view [https://marineinfo.org/feed/person]" classname="LDES-feeds-marineinfo" time="2.0265579223632812e-05">
			<system-out>Found 1 tree:view relation(s)
  tree:view: https://marineinfo.org/feed/person?fragment=2026-06-10T01%3A00%3A00Z%2F2026-06-10T02%3A00%3A00Z
</system-out>
		</testcase>
		<testcase name="ldes_min_members [https://marineinfo.org/feed/person]" classname="LDES-feeds-marineinfo" time="0.001285552978515625">
			<system-out>Traversing LDES feed from: https://marineinfo.org/feed/person
Fetching LDES fragment: https://marineinfo.org/feed/person?fragment=2026-06-10T01%3A00%3A00Z%2F2026-06-10T02%3A00%3A00Z
HTTP 200, Content-Type: 'text/turtle; charset=utf-8;', format: turtle
Fetching LDES fragment: https://marineinfo.org/feed/person?fragment=2026-06-09T23%3A00%3A00Z%2F2026-06-10T00%3A00%3A00Z
HTTP 200, Content-Type: 'text/turtle; charset=utf-8;', format: turtle
Fetching LDES fragment: https://marineinfo.org/feed/person?fragment=2026-06-09T16%3A00%3A00Z%2F2026-06-09T17%3A00%3A00Z
HTTP 200, Content-Type: 'text/turtle; charset=utf-8;', format: turtle
Fetching LDES fragment: https://marineinfo.org/feed/person?fragment=2026-06-09T13%3A00%3A00Z%2F2026-06-09T14%3A00%3A00Z
HTTP 200, Content-Type: 'text/turtle; charset=utf-8;', format: turtle
Fetching LDES fragment: https://marineinfo.org/feed/person?fragment=2026-06-09T11%3A00%3A00Z%2F2026-06-09T12%3A00%3A00Z
HTTP 200, Content-Type: 'text/turtle; charset=utf-8;', format: turtle
Fetching LDES fragment: https://marineinfo.org/feed/person?fragment=2026-06-09T10%3A00%3A00Z%2F2026-06-09T11%3A00%3A00Z
HTTP 200, Content-Type: 'text/turtle; charset=utf-8;', format: turtle
Fetching LDES fragment: https://marineinfo.org/feed/person?fragment=2026-06-09T09%3A00%3A00Z%2F2026-06-09T10%3A00%3A00Z
HTTP 200, Content-Type: 'text/turtle; charset=utf-8;', format: turtle
Fetching LDES fragment: https://marineinfo.org/feed/person?fragment=2026-06-08T12%3A00%3A00Z%2F2026-06-08T13%3A00%3A00Z
HTTP 200, Content-Type: 'text/turtle; charset=utf-8;', format: turtle
Fetching LDES fragment: https://marineinfo.org/feed/person?fragment=2026-06-04T22%3A00%3A00Z%2F2026-06-04T23%3A00%3A00Z
HTTP 200, Content-Type: 'text/turtle; charset=utf-8;', format: turtle
Traversal complete: 10 fragment(s) fetched, 11070 total triple(s)
Found 1201 tree:member(s) across 10 traversed fragment(s); required minimum: 20
</system-out>
		</testcase>
		<testcase name="ldes_min_fragments [https://marineinfo.org/feed/person]" classname="LDES-feeds-marineinfo" time="1.5735626220703125e-05">
			<system-out>Traversing LDES feed from: https://marineinfo.org/feed/person
Fetching LDES fragment: https://marineinfo.org/feed/person?fragment=2026-06-10T01%3A00%3A00Z%2F2026-06-10T02%3A00%3A00Z
HTTP 200, Content-Type: 'text/turtle; charset=utf-8;', format: turtle
Fetching LDES fragment: https://marineinfo.org/feed/person?fragment=2026-06-09T23%3A00%3A00Z%2F2026-06-10T00%3A00%3A00Z
HTTP 200, Content-Type: 'text/turtle; charset=utf-8;', format: turtle
Fetching LDES fragment: https://marineinfo.org/feed/person?fragment=2026-06-09T16%3A00%3A00Z%2F2026-06-09T17%3A00%3A00Z
HTTP 200, Content-Type: 'text/turtle; charset=utf-8;', format: turtle
Fetching LDES fragment: https://marineinfo.org/feed/person?fragment=2026-06-09T13%3A00%3A00Z%2F2026-06-09T14%3A00%3A00Z
HTTP 200, Content-Type: 'text/turtle; charset=utf-8;', format: turtle
Fetching LDES fragment: https://marineinfo.org/feed/person?fragment=2026-06-09T11%3A00%3A00Z%2F2026-06-09T12%3A00%3A00Z
HTTP 200, Content-Type: 'text/turtle; charset=utf-8;', format: turtle
Fetching LDES fragment: https://marineinfo.org/feed/person?fragment=2026-06-09T10%3A00%3A00Z%2F2026-06-09T11%3A00%3A00Z
HTTP 200, Content-Type: 'text/turtle; charset=utf-8;', format: turtle
Fetching LDES fragment: https://marineinfo.org/feed/person?fragment=2026-06-09T09%3A00%3A00Z%2F2026-06-09T10%3A00%3A00Z
HTTP 200, Content-Type: 'text/turtle; charset=utf-8;', format: turtle
Fetching LDES fragment: https://marineinfo.org/feed/person?fragment=2026-06-08T12%3A00%3A00Z%2F2026-06-08T13%3A00%3A00Z
HTTP 200, Content-Type: 'text/turtle; charset=utf-8;', format: turtle
Fetching LDES fragment: https://marineinfo.org/feed/person?fragment=2026-06-04T22%3A00%3A00Z%2F2026-06-04T23%3A00%3A00Z
HTTP 200, Content-Type: 'text/turtle; charset=utf-8;', format: turtle
Traversal complete: 10 fragment(s) fetched, 11070 total triple(s)
Traversed 10 LDES fragment(s) (following tree:Relation → tree:node links); required minimum: 10
  fragment: https://marineinfo.org/feed/person
  fragment: https://marineinfo.org/feed/person?fragment=2026-06-04T22%3A00%3A00Z%2F2026-06-04T23%3A00%3A00Z
  fragment: https://marineinfo.org/feed/person?fragment=2026-06-08T12%3A00%3A00Z%2F2026-06-08T13%3A00%3A00Z
  fragment: https://marineinfo.org/feed/person?fragment=2026-06-09T09%3A00%3A00Z%2F2026-06-09T10%3A00%3A00Z
  fragment: https://marineinfo.org/feed/person?fragment=2026-06-09T10%3A00%3A00Z%2F2026-06-09T11%3A00%3A00Z
  fragment: https://marineinfo.org/feed/person?fragment=2026-06-09T11%3A00%3A00Z%2F2026-06-09T12%3A00%3A00Z
  fragment: https://marineinfo.org/feed/person?fragment=2026-06-09T13%3A00%3A00Z%2F2026-06-09T14%3A00%3A00Z
  fragment: https://marineinfo.org/feed/person?fragment=2026-06-09T16%3A00%3A00Z%2F2026-06-09T17%3A00%3A00Z
  fragment: https://marineinfo.org/feed/person?fragment=2026-06-09T23%3A00%3A00Z%2F2026-06-10T00%3A00%3A00Z
  fragment: https://marineinfo.org/feed/person?fragment=2026-06-10T01%3A00%3A00Z%2F2026-06-10T02%3A00%3A00Z
</system-out>
		</testcase>
		<testcase name="ldes_max_age_youngest_member [https://marineinfo.org/feed/person]" classname="LDES-feeds-marineinfo" time="0.007654905319213867">
			<system-out>Traversing LDES feed from: https://marineinfo.org/feed/person
Fetching LDES fragment: https://marineinfo.org/feed/person?fragment=2026-06-10T01%3A00%3A00Z%2F2026-06-10T02%3A00%3A00Z
HTTP 200, Content-Type: 'text/turtle; charset=utf-8;', format: turtle
Fetching LDES fragment: https://marineinfo.org/feed/person?fragment=2026-06-09T23%3A00%3A00Z%2F2026-06-10T00%3A00%3A00Z
HTTP 200, Content-Type: 'text/turtle; charset=utf-8;', format: turtle
Fetching LDES fragment: https://marineinfo.org/feed/person?fragment=2026-06-09T16%3A00%3A00Z%2F2026-06-09T17%3A00%3A00Z
HTTP 200, Content-Type: 'text/turtle; charset=utf-8;', format: turtle
Fetching LDES fragment: https://marineinfo.org/feed/person?fragment=2026-06-09T13%3A00%3A00Z%2F2026-06-09T14%3A00%3A00Z
HTTP 200, Content-Type: 'text/turtle; charset=utf-8;', format: turtle
Fetching LDES fragment: https://marineinfo.org/feed/person?fragment=2026-06-09T11%3A00%3A00Z%2F2026-06-09T12%3A00%3A00Z
HTTP 200, Content-Type: 'text/turtle; charset=utf-8;', format: turtle
Fetching LDES fragment: https://marineinfo.org/feed/person?fragment=2026-06-09T10%3A00%3A00Z%2F2026-06-09T11%3A00%3A00Z
HTTP 200, Content-Type: 'text/turtle; charset=utf-8;', format: turtle
Fetching LDES fragment: https://marineinfo.org/feed/person?fragment=2026-06-09T09%3A00%3A00Z%2F2026-06-09T10%3A00%3A00Z
HTTP 200, Content-Type: 'text/turtle; charset=utf-8;', format: turtle
Fetching LDES fragment: https://marineinfo.org/feed/person?fragment=2026-06-08T12%3A00%3A00Z%2F2026-06-08T13%3A00%3A00Z
HTTP 200, Content-Type: 'text/turtle; charset=utf-8;', format: turtle
Fetching LDES fragment: https://marineinfo.org/feed/person?fragment=2026-06-04T22%3A00%3A00Z%2F2026-06-04T23%3A00%3A00Z
HTTP 200, Content-Type: 'text/turtle; charset=utf-8;', format: turtle
Traversal complete: 10 fragment(s) fetched, 11070 total triple(s)
Checking age of youngest tree:member across 10 traversed fragment(s) of: https://marineinfo.org/feed/person
Using ldes:timestampPath predicate(s): http://purl.org/dc/elements/1.1/modified
Youngest member timestamp: 2026-06-10T01:42:09+00:00; age: 8.48 hour(s); maximum allowed: 730 hour(s)
</system-out>
		</testcase>
		<testcase name="ldes_harvest [https://marineinfo.org/feed/project]" classname="LDES-feeds-marineinfo" time="1.0360593795776367">
			<system-out>Fetching RDF graph from: https://marineinfo.org/feed/project
HTTP 200, Content-Type: 'text/turtle; charset=utf-8;', format: turtle
Successfully parsed 218 triple(s)
</system-out>
		</testcase>
		<testcase name="ldes_event_stream [https://marineinfo.org/feed/project]" classname="LDES-feeds-marineinfo" time="4.363059997558594e-05">
			<system-out>Found 1 ldes:EventStream declaration(s)
  EventStream: https://marineinfo.org/feed/project
</system-out>
		</testcase>
		<testcase name="ldes_tree_view [https://marineinfo.org/feed/project]" classname="LDES-feeds-marineinfo" time="2.0265579223632812e-05">
			<system-out>Found 1 tree:view relation(s)
  tree:view: https://marineinfo.org/feed/project?fragment=2026-06-09T13%3A00%3A00Z%2F2026-06-09T14%3A00%3A00Z
</system-out>
		</testcase>
		<testcase name="ldes_min_members [https://marineinfo.org/feed/project]" classname="LDES-feeds-marineinfo" time="6.151199340820312e-05">
			<failure message="Insufficient members: found 17, expected at least 20">The event stream at https://marineinfo.org/feed/project exposes only 17 tree:member triple(s) across 10 traversed fragment(s), but at least 20 are required</failure>
			<system-out>Traversing LDES feed from: https://marineinfo.org/feed/project
Fetching LDES fragment: https://marineinfo.org/feed/project?fragment=2026-06-09T13%3A00%3A00Z%2F2026-06-09T14%3A00%3A00Z
HTTP 200, Content-Type: 'text/turtle; charset=utf-8;', format: turtle
Fetching LDES fragment: https://marineinfo.org/feed/project?fragment=2026-06-03T14%3A00%3A00Z%2F2026-06-03T15%3A00%3A00Z
HTTP 200, Content-Type: 'text/turtle; charset=utf-8;', format: turtle
Fetching LDES fragment: https://marineinfo.org/feed/project?fragment=2026-06-03T13%3A00%3A00Z%2F2026-06-03T14%3A00%3A00Z
HTTP 200, Content-Type: 'text/turtle; charset=utf-8;', format: turtle
Fetching LDES fragment: https://marineinfo.org/feed/project?fragment=2026-06-03T09%3A00%3A00Z%2F2026-06-03T10%3A00%3A00Z
HTTP 200, Content-Type: 'text/turtle; charset=utf-8;', format: turtle
Fetching LDES fragment: https://marineinfo.org/feed/project?fragment=2026-06-03T08%3A00%3A00Z%2F2026-06-03T09%3A00%3A00Z
HTTP 200, Content-Type: 'text/turtle; charset=utf-8;', format: turtle
Fetching LDES fragment: https://marineinfo.org/feed/project?fragment=2026-05-28T13%3A00%3A00Z%2F2026-05-28T14%3A00%3A00Z
HTTP 200, Content-Type: 'text/turtle; charset=utf-8;', format: turtle
Fetching LDES fragment: https://marineinfo.org/feed/project?fragment=2026-05-22T14%3A00%3A00Z%2F2026-05-22T15%3A00%3A00Z
HTTP 200, Content-Type: 'text/turtle; charset=utf-8;', format: turtle
Fetching LDES fragment: https://marineinfo.org/feed/project?fragment=2026-05-22T13%3A00%3A00Z%2F2026-05-22T14%3A00%3A00Z
HTTP 200, Content-Type: 'text/turtle; charset=utf-8;', format: turtle
Fetching LDES fragment: https://marineinfo.org/feed/project?fragment=2026-05-22T12%3A00%3A00Z%2F2026-05-22T13%3A00%3A00Z
HTTP 200, Content-Type: 'text/turtle; charset=utf-8;', format: turtle
Traversal complete: 10 fragment(s) fetched, 2180 total triple(s)
Found 17 tree:member(s) across 10 traversed fragment(s); required minimum: 20
</system-out>
			<system-err>Insufficient members: 17 &lt; 20
</system-err>
		</testcase>
		<testcase name="ldes_min_fragments [https://marineinfo.org/feed/project]" classname="LDES-feeds-marineinfo" time="1.3113021850585938e-05">
			<system-out>Traversing LDES feed from: https://marineinfo.org/feed/project
Fetching LDES fragment: https://marineinfo.org/feed/project?fragment=2026-06-09T13%3A00%3A00Z%2F2026-06-09T14%3A00%3A00Z
HTTP 200, Content-Type: 'text/turtle; charset=utf-8;', format: turtle
Fetching LDES fragment: https://marineinfo.org/feed/project?fragment=2026-06-03T14%3A00%3A00Z%2F2026-06-03T15%3A00%3A00Z
HTTP 200, Content-Type: 'text/turtle; charset=utf-8;', format: turtle
Fetching LDES fragment: https://marineinfo.org/feed/project?fragment=2026-06-03T13%3A00%3A00Z%2F2026-06-03T14%3A00%3A00Z
HTTP 200, Content-Type: 'text/turtle; charset=utf-8;', format: turtle
Fetching LDES fragment: https://marineinfo.org/feed/project?fragment=2026-06-03T09%3A00%3A00Z%2F2026-06-03T10%3A00%3A00Z
HTTP 200, Content-Type: 'text/turtle; charset=utf-8;', format: turtle
Fetching LDES fragment: https://marineinfo.org/feed/project?fragment=2026-06-03T08%3A00%3A00Z%2F2026-06-03T09%3A00%3A00Z
HTTP 200, Content-Type: 'text/turtle; charset=utf-8;', format: turtle
Fetching LDES fragment: https://marineinfo.org/feed/project?fragment=2026-05-28T13%3A00%3A00Z%2F2026-05-28T14%3A00%3A00Z
HTTP 200, Content-Type: 'text/turtle; charset=utf-8;', format: turtle
Fetching LDES fragment: https://marineinfo.org/feed/project?fragment=2026-05-22T14%3A00%3A00Z%2F2026-05-22T15%3A00%3A00Z
HTTP 200, Content-Type: 'text/turtle; charset=utf-8;', format: turtle
Fetching LDES fragment: https://marineinfo.org/feed/project?fragment=2026-05-22T13%3A00%3A00Z%2F2026-05-22T14%3A00%3A00Z
HTTP 200, Content-Type: 'text/turtle; charset=utf-8;', format: turtle
Fetching LDES fragment: https://marineinfo.org/feed/project?fragment=2026-05-22T12%3A00%3A00Z%2F2026-05-22T13%3A00%3A00Z
HTTP 200, Content-Type: 'text/turtle; charset=utf-8;', format: turtle
Traversal complete: 10 fragment(s) fetched, 2180 total triple(s)
Traversed 10 LDES fragment(s) (following tree:Relation → tree:node links); required minimum: 10
  fragment: https://marineinfo.org/feed/project
  fragment: https://marineinfo.org/feed/project?fragment=2026-05-22T12%3A00%3A00Z%2F2026-05-22T13%3A00%3A00Z
  fragment: https://marineinfo.org/feed/project?fragment=2026-05-22T13%3A00%3A00Z%2F2026-05-22T14%3A00%3A00Z
  fragment: https://marineinfo.org/feed/project?fragment=2026-05-22T14%3A00%3A00Z%2F2026-05-22T15%3A00%3A00Z
  fragment: https://marineinfo.org/feed/project?fragment=2026-05-28T13%3A00%3A00Z%2F2026-05-28T14%3A00%3A00Z
  fragment: https://marineinfo.org/feed/project?fragment=2026-06-03T08%3A00%3A00Z%2F2026-06-03T09%3A00%3A00Z
  fragment: https://marineinfo.org/feed/project?fragment=2026-06-03T09%3A00%3A00Z%2F2026-06-03T10%3A00%3A00Z
  fragment: https://marineinfo.org/feed/project?fragment=2026-06-03T13%3A00%3A00Z%2F2026-06-03T14%3A00%3A00Z
  fragment: https://marineinfo.org/feed/project?fragment=2026-06-03T14%3A00%3A00Z%2F2026-06-03T15%3A00%3A00Z
  fragment: https://marineinfo.org/feed/project?fragment=2026-06-09T13%3A00%3A00Z%2F2026-06-09T14%3A00%3A00Z
</system-out>
		</testcase>
		<testcase name="ldes_max_age_youngest_member [https://marineinfo.org/feed/project]" classname="LDES-feeds-marineinfo" time="0.00020265579223632812">
			<system-out>Traversing LDES feed from: https://marineinfo.org/feed/project
Fetching LDES fragment: https://marineinfo.org/feed/project?fragment=2026-06-09T13%3A00%3A00Z%2F2026-06-09T14%3A00%3A00Z
HTTP 200, Content-Type: 'text/turtle; charset=utf-8;', format: turtle
Fetching LDES fragment: https://marineinfo.org/feed/project?fragment=2026-06-03T14%3A00%3A00Z%2F2026-06-03T15%3A00%3A00Z
HTTP 200, Content-Type: 'text/turtle; charset=utf-8;', format: turtle
Fetching LDES fragment: https://marineinfo.org/feed/project?fragment=2026-06-03T13%3A00%3A00Z%2F2026-06-03T14%3A00%3A00Z
HTTP 200, Content-Type: 'text/turtle; charset=utf-8;', format: turtle
Fetching LDES fragment: https://marineinfo.org/feed/project?fragment=2026-06-03T09%3A00%3A00Z%2F2026-06-03T10%3A00%3A00Z
HTTP 200, Content-Type: 'text/turtle; charset=utf-8;', format: turtle
Fetching LDES fragment: https://marineinfo.org/feed/project?fragment=2026-06-03T08%3A00%3A00Z%2F2026-06-03T09%3A00%3A00Z
HTTP 200, Content-Type: 'text/turtle; charset=utf-8;', format: turtle
Fetching LDES fragment: https://marineinfo.org/feed/project?fragment=2026-05-28T13%3A00%3A00Z%2F2026-05-28T14%3A00%3A00Z
HTTP 200, Content-Type: 'text/turtle; charset=utf-8;', format: turtle
Fetching LDES fragment: https://marineinfo.org/feed/project?fragment=2026-05-22T14%3A00%3A00Z%2F2026-05-22T15%3A00%3A00Z
HTTP 200, Content-Type: 'text/turtle; charset=utf-8;', format: turtle
Fetching LDES fragment: https://marineinfo.org/feed/project?fragment=2026-05-22T13%3A00%3A00Z%2F2026-05-22T14%3A00%3A00Z
HTTP 200, Content-Type: 'text/turtle; charset=utf-8;', format: turtle
Fetching LDES fragment: https://marineinfo.org/feed/project?fragment=2026-05-22T12%3A00%3A00Z%2F2026-05-22T13%3A00%3A00Z
HTTP 200, Content-Type: 'text/turtle; charset=utf-8;', format: turtle
Traversal complete: 10 fragment(s) fetched, 2180 total triple(s)
Checking age of youngest tree:member across 10 traversed fragment(s) of: https://marineinfo.org/feed/project
Using ldes:timestampPath predicate(s): http://purl.org/dc/elements/1.1/modified
Youngest member timestamp: 2026-06-09T15:47:30+02:00; age: 20.40 hour(s); maximum allowed: 730 hour(s)
</system-out>
		</testcase>
		<testcase name="ldes_harvest [https://marineinfo.org/feed/event]" classname="LDES-feeds-marineinfo" time="1.0022287368774414">
			<system-out>Fetching RDF graph from: https://marineinfo.org/feed/event
HTTP 200, Content-Type: 'text/turtle; charset=utf-8;', format: turtle
Successfully parsed 255 triple(s)
</system-out>
		</testcase>
		<testcase name="ldes_event_stream [https://marineinfo.org/feed/event]" classname="LDES-feeds-marineinfo" time="4.291534423828125e-05">
			<system-out>Found 1 ldes:EventStream declaration(s)
  EventStream: https://marineinfo.org/feed/event
</system-out>
		</testcase>
		<testcase name="ldes_tree_view [https://marineinfo.org/feed/event]" classname="LDES-feeds-marineinfo" time="1.9788742065429688e-05">
			<system-out>Found 1 tree:view relation(s)
  tree:view: https://marineinfo.org/feed/event?fragment=2026-05-21T13%3A00%3A00Z%2F2026-05-21T14%3A00%3A00Z
</system-out>
		</testcase>
		<testcase name="ldes_min_members [https://marineinfo.org/feed/event]" classname="LDES-feeds-marineinfo" time="5.91278076171875e-05">
			<failure message="Insufficient members: found 15, expected at least 20">The event stream at https://marineinfo.org/feed/event exposes only 15 tree:member triple(s) across 10 traversed fragment(s), but at least 20 are required</failure>
			<system-out>Traversing LDES feed from: https://marineinfo.org/feed/event
Fetching LDES fragment: https://marineinfo.org/feed/event?fragment=2026-05-21T13%3A00%3A00Z%2F2026-05-21T14%3A00%3A00Z
HTTP 200, Content-Type: 'text/turtle; charset=utf-8;', format: turtle
Fetching LDES fragment: https://marineinfo.org/feed/event?fragment=2026-05-18T10%3A00%3A00Z%2F2026-05-18T11%3A00%3A00Z
HTTP 200, Content-Type: 'text/turtle; charset=utf-8;', format: turtle
Fetching LDES fragment: https://marineinfo.org/feed/event?fragment=2026-05-04T14%3A00%3A00Z%2F2026-05-04T15%3A00%3A00Z
HTTP 200, Content-Type: 'text/turtle; charset=utf-8;', format: turtle
Fetching LDES fragment: https://marineinfo.org/feed/event?fragment=2026-04-28T12%3A00%3A00Z%2F2026-04-28T13%3A00%3A00Z
HTTP 200, Content-Type: 'text/turtle; charset=utf-8;', format: turtle
Fetching LDES fragment: https://marineinfo.org/feed/event?fragment=2026-04-21T11%3A00%3A00Z%2F2026-04-21T12%3A00%3A00Z
HTTP 200, Content-Type: 'text/turtle; charset=utf-8;', format: turtle
Fetching LDES fragment: https://marineinfo.org/feed/event?fragment=2026-03-19T10%3A00%3A00Z%2F2026-03-19T11%3A00%3A00Z
HTTP 200, Content-Type: 'text/turtle; charset=utf-8;', format: turtle
Fetching LDES fragment: https://marineinfo.org/feed/event?fragment=2026-01-23T12%3A00%3A00Z%2F2026-01-23T13%3A00%3A00Z
HTTP 200, Content-Type: 'text/turtle; charset=utf-8;', format: turtle
Fetching LDES fragment: https://marineinfo.org/feed/event?fragment=2026-01-21T11%3A00%3A00Z%2F2026-01-21T12%3A00%3A00Z
HTTP 200, Content-Type: 'text/turtle; charset=utf-8;', format: turtle
Fetching LDES fragment: https://marineinfo.org/feed/event?fragment=2025-11-04T12%3A00%3A00Z%2F2025-11-04T13%3A00%3A00Z
HTTP 200, Content-Type: 'text/turtle; charset=utf-8;', format: turtle
Traversal complete: 10 fragment(s) fetched, 2550 total triple(s)
Found 15 tree:member(s) across 10 traversed fragment(s); required minimum: 20
</system-out>
			<system-err>Insufficient members: 15 &lt; 20
</system-err>
		</testcase>
		<testcase name="ldes_min_fragments [https://marineinfo.org/feed/event]" classname="LDES-feeds-marineinfo" time="1.2874603271484375e-05">
			<system-out>Traversing LDES feed from: https://marineinfo.org/feed/event
Fetching LDES fragment: https://marineinfo.org/feed/event?fragment=2026-05-21T13%3A00%3A00Z%2F2026-05-21T14%3A00%3A00Z
HTTP 200, Content-Type: 'text/turtle; charset=utf-8;', format: turtle
Fetching LDES fragment: https://marineinfo.org/feed/event?fragment=2026-05-18T10%3A00%3A00Z%2F2026-05-18T11%3A00%3A00Z
HTTP 200, Content-Type: 'text/turtle; charset=utf-8;', format: turtle
Fetching LDES fragment: https://marineinfo.org/feed/event?fragment=2026-05-04T14%3A00%3A00Z%2F2026-05-04T15%3A00%3A00Z
HTTP 200, Content-Type: 'text/turtle; charset=utf-8;', format: turtle
Fetching LDES fragment: https://marineinfo.org/feed/event?fragment=2026-04-28T12%3A00%3A00Z%2F2026-04-28T13%3A00%3A00Z
HTTP 200, Content-Type: 'text/turtle; charset=utf-8;', format: turtle
Fetching LDES fragment: https://marineinfo.org/feed/event?fragment=2026-04-21T11%3A00%3A00Z%2F2026-04-21T12%3A00%3A00Z
HTTP 200, Content-Type: 'text/turtle; charset=utf-8;', format: turtle
Fetching LDES fragment: https://marineinfo.org/feed/event?fragment=2026-03-19T10%3A00%3A00Z%2F2026-03-19T11%3A00%3A00Z
HTTP 200, Content-Type: 'text/turtle; charset=utf-8;', format: turtle
Fetching LDES fragment: https://marineinfo.org/feed/event?fragment=2026-01-23T12%3A00%3A00Z%2F2026-01-23T13%3A00%3A00Z
HTTP 200, Content-Type: 'text/turtle; charset=utf-8;', format: turtle
Fetching LDES fragment: https://marineinfo.org/feed/event?fragment=2026-01-21T11%3A00%3A00Z%2F2026-01-21T12%3A00%3A00Z
HTTP 200, Content-Type: 'text/turtle; charset=utf-8;', format: turtle
Fetching LDES fragment: https://marineinfo.org/feed/event?fragment=2025-11-04T12%3A00%3A00Z%2F2025-11-04T13%3A00%3A00Z
HTTP 200, Content-Type: 'text/turtle; charset=utf-8;', format: turtle
Traversal complete: 10 fragment(s) fetched, 2550 total triple(s)
Traversed 10 LDES fragment(s) (following tree:Relation → tree:node links); required minimum: 10
  fragment: https://marineinfo.org/feed/event
  fragment: https://marineinfo.org/feed/event?fragment=2025-11-04T12%3A00%3A00Z%2F2025-11-04T13%3A00%3A00Z
  fragment: https://marineinfo.org/feed/event?fragment=2026-01-21T11%3A00%3A00Z%2F2026-01-21T12%3A00%3A00Z
  fragment: https://marineinfo.org/feed/event?fragment=2026-01-23T12%3A00%3A00Z%2F2026-01-23T13%3A00%3A00Z
  fragment: https://marineinfo.org/feed/event?fragment=2026-03-19T10%3A00%3A00Z%2F2026-03-19T11%3A00%3A00Z
  fragment: https://marineinfo.org/feed/event?fragment=2026-04-21T11%3A00%3A00Z%2F2026-04-21T12%3A00%3A00Z
  fragment: https://marineinfo.org/feed/event?fragment=2026-04-28T12%3A00%3A00Z%2F2026-04-28T13%3A00%3A00Z
  fragment: https://marineinfo.org/feed/event?fragment=2026-05-04T14%3A00%3A00Z%2F2026-05-04T15%3A00%3A00Z
  fragment: https://marineinfo.org/feed/event?fragment=2026-05-18T10%3A00%3A00Z%2F2026-05-18T11%3A00%3A00Z
  fragment: https://marineinfo.org/feed/event?fragment=2026-05-21T13%3A00%3A00Z%2F2026-05-21T14%3A00%3A00Z
</system-out>
		</testcase>
		<testcase name="ldes_max_age_youngest_member [https://marineinfo.org/feed/event]" classname="LDES-feeds-marineinfo" time="0.0001881122589111328">
			<system-out>Traversing LDES feed from: https://marineinfo.org/feed/event
Fetching LDES fragment: https://marineinfo.org/feed/event?fragment=2026-05-21T13%3A00%3A00Z%2F2026-05-21T14%3A00%3A00Z
HTTP 200, Content-Type: 'text/turtle; charset=utf-8;', format: turtle
Fetching LDES fragment: https://marineinfo.org/feed/event?fragment=2026-05-18T10%3A00%3A00Z%2F2026-05-18T11%3A00%3A00Z
HTTP 200, Content-Type: 'text/turtle; charset=utf-8;', format: turtle
Fetching LDES fragment: https://marineinfo.org/feed/event?fragment=2026-05-04T14%3A00%3A00Z%2F2026-05-04T15%3A00%3A00Z
HTTP 200, Content-Type: 'text/turtle; charset=utf-8;', format: turtle
Fetching LDES fragment: https://marineinfo.org/feed/event?fragment=2026-04-28T12%3A00%3A00Z%2F2026-04-28T13%3A00%3A00Z
HTTP 200, Content-Type: 'text/turtle; charset=utf-8;', format: turtle
Fetching LDES fragment: https://marineinfo.org/feed/event?fragment=2026-04-21T11%3A00%3A00Z%2F2026-04-21T12%3A00%3A00Z
HTTP 200, Content-Type: 'text/turtle; charset=utf-8;', format: turtle
Fetching LDES fragment: https://marineinfo.org/feed/event?fragment=2026-03-19T10%3A00%3A00Z%2F2026-03-19T11%3A00%3A00Z
HTTP 200, Content-Type: 'text/turtle; charset=utf-8;', format: turtle
Fetching LDES fragment: https://marineinfo.org/feed/event?fragment=2026-01-23T12%3A00%3A00Z%2F2026-01-23T13%3A00%3A00Z
HTTP 200, Content-Type: 'text/turtle; charset=utf-8;', format: turtle
Fetching LDES fragment: https://marineinfo.org/feed/event?fragment=2026-01-21T11%3A00%3A00Z%2F2026-01-21T12%3A00%3A00Z
HTTP 200, Content-Type: 'text/turtle; charset=utf-8;', format: turtle
Fetching LDES fragment: https://marineinfo.org/feed/event?fragment=2025-11-04T12%3A00%3A00Z%2F2025-11-04T13%3A00%3A00Z
HTTP 200, Content-Type: 'text/turtle; charset=utf-8;', format: turtle
Traversal complete: 10 fragment(s) fetched, 2550 total triple(s)
Checking age of youngest tree:member across 10 traversed fragment(s) of: https://marineinfo.org/feed/event
Using ldes:timestampPath predicate(s): http://purl.org/dc/elements/1.1/modified
Youngest member timestamp: 2026-05-21T15:58:54+02:00; age: 476.21 hour(s); maximum allowed: 730 hour(s)
</system-out>
		</testcase>
		<properties>
			<property name="urls" value="https://marineinfo.org/feed/institute, https://marineinfo.org/feed/dataset, https://marineinfo.org/feed/publication, https://marineinfo.org/feed/person, https://marineinfo.org/feed/project, https://marineinfo.org/feed/event"/>
			<property name="provenance" value="https://github.com/vlizBE/GRMPy_VLIZ/blob/e6b244a9809c8fe798002398fa5b13ad5cc8d076/tests/tests.yaml"/>
			<property name="min_members" value="20"/>
			<property name="min_fragments" value="10"/>
			<property name="max_age_youngest_member" value="730"/>
			<property name="create-issue" value="true"/>
		</properties>
	</testsuite>
	<testsuite name="LDES-feed-aphia" timestamp="2026-06-10T10:11:28.783009+00:00" tests="6" errors="0" failures="0" skipped="0" time="0.8871469497680664">
		<testcase name="ldes_harvest [http://aphia.org/feed]" classname="LDES-feed-aphia" time="0.8864433765411377">
			<system-out>Fetching RDF graph from: http://aphia.org/feed
HTTP 200, Content-Type: 'text/turtle;charset=UTF-8', format: turtle
Successfully parsed 184 triple(s)
</system-out>
		</testcase>
		<testcase name="ldes_event_stream [http://aphia.org/feed]" classname="LDES-feed-aphia" time="8.153915405273438e-05">
			<system-out>Found 1 ldes:EventStream declaration(s)
  EventStream: https://aphia.org/feed
</system-out>
		</testcase>
		<testcase name="ldes_tree_view [http://aphia.org/feed]" classname="LDES-feed-aphia" time="2.2172927856445312e-05">
			<system-out>Found 1 tree:view relation(s)
  tree:view: https://aphia.org/feed?page=2026-06-10T01%3A00%3A00Z%2F2026-06-10T02%3A00%3A00Z
</system-out>
		</testcase>
		<testcase name="ldes_min_members [http://aphia.org/feed]" classname="LDES-feed-aphia" time="0.000118255615234375">
			<system-out>Traversing LDES feed from: http://aphia.org/feed
Fetching LDES fragment: https://aphia.org/feed?page=2026-06-10T01%3A00%3A00Z%2F2026-06-10T02%3A00%3A00Z
HTTP 200, Content-Type: 'text/turtle;charset=UTF-8', format: turtle
Fetching LDES fragment: https://aphia.org/feed?page=2026-06-09T23%3A00%3A00Z%2F2026-06-10T00%3A00%3A00Z
HTTP 200, Content-Type: 'text/turtle;charset=UTF-8', format: turtle
Fetching LDES fragment: https://aphia.org/feed?page=2026-06-09T20%3A00%3A00Z%2F2026-06-09T21%3A00%3A00Z
HTTP 200, Content-Type: 'text/turtle;charset=UTF-8', format: turtle
Fetching LDES fragment: https://aphia.org/feed?page=2026-06-09T17%3A00%3A00Z%2F2026-06-09T18%3A00%3A00Z
HTTP 200, Content-Type: 'text/turtle;charset=UTF-8', format: turtle
Fetching LDES fragment: https://aphia.org/feed?page=2026-06-09T15%3A00%3A00Z%2F2026-06-09T16%3A00%3A00Z
HTTP 200, Content-Type: 'text/turtle;charset=UTF-8', format: turtle
Traversal complete: 6 fragment(s) fetched, 1767 total triple(s)
Found 57 tree:member(s) across 6 traversed fragment(s); required minimum: 20
</system-out>
		</testcase>
		<testcase name="ldes_min_fragments [http://aphia.org/feed]" classname="LDES-feed-aphia" time="2.8848648071289062e-05">
			<system-out>Traversing LDES feed from: http://aphia.org/feed
Fetching LDES fragment: https://aphia.org/feed?page=2026-06-10T01%3A00%3A00Z%2F2026-06-10T02%3A00%3A00Z
HTTP 200, Content-Type: 'text/turtle;charset=UTF-8', format: turtle
Fetching LDES fragment: https://aphia.org/feed?page=2026-06-09T23%3A00%3A00Z%2F2026-06-10T00%3A00%3A00Z
HTTP 200, Content-Type: 'text/turtle;charset=UTF-8', format: turtle
Fetching LDES fragment: https://aphia.org/feed?page=2026-06-09T20%3A00%3A00Z%2F2026-06-09T21%3A00%3A00Z
HTTP 200, Content-Type: 'text/turtle;charset=UTF-8', format: turtle
Fetching LDES fragment: https://aphia.org/feed?page=2026-06-09T17%3A00%3A00Z%2F2026-06-09T18%3A00%3A00Z
HTTP 200, Content-Type: 'text/turtle;charset=UTF-8', format: turtle
Fetching LDES fragment: https://aphia.org/feed?page=2026-06-09T15%3A00%3A00Z%2F2026-06-09T16%3A00%3A00Z
HTTP 200, Content-Type: 'text/turtle;charset=UTF-8', format: turtle
Traversal complete: 6 fragment(s) fetched, 1767 total triple(s)
Traversed 6 LDES fragment(s) (following tree:Relation → tree:node links); required minimum: 6
  fragment: http://aphia.org/feed
  fragment: https://aphia.org/feed?page=2026-06-09T15%3A00%3A00Z%2F2026-06-09T16%3A00%3A00Z
  fragment: https://aphia.org/feed?page=2026-06-09T17%3A00%3A00Z%2F2026-06-09T18%3A00%3A00Z
  fragment: https://aphia.org/feed?page=2026-06-09T20%3A00%3A00Z%2F2026-06-09T21%3A00%3A00Z
  fragment: https://aphia.org/feed?page=2026-06-09T23%3A00%3A00Z%2F2026-06-10T00%3A00%3A00Z
  fragment: https://aphia.org/feed?page=2026-06-10T01%3A00%3A00Z%2F2026-06-10T02%3A00%3A00Z
</system-out>
		</testcase>
		<testcase name="ldes_max_age_youngest_member [http://aphia.org/feed]" classname="LDES-feed-aphia" time="0.0004527568817138672">
			<system-out>Traversing LDES feed from: http://aphia.org/feed
Fetching LDES fragment: https://aphia.org/feed?page=2026-06-10T01%3A00%3A00Z%2F2026-06-10T02%3A00%3A00Z
HTTP 200, Content-Type: 'text/turtle;charset=UTF-8', format: turtle
Fetching LDES fragment: https://aphia.org/feed?page=2026-06-09T23%3A00%3A00Z%2F2026-06-10T00%3A00%3A00Z
HTTP 200, Content-Type: 'text/turtle;charset=UTF-8', format: turtle
Fetching LDES fragment: https://aphia.org/feed?page=2026-06-09T20%3A00%3A00Z%2F2026-06-09T21%3A00%3A00Z
HTTP 200, Content-Type: 'text/turtle;charset=UTF-8', format: turtle
Fetching LDES fragment: https://aphia.org/feed?page=2026-06-09T17%3A00%3A00Z%2F2026-06-09T18%3A00%3A00Z
HTTP 200, Content-Type: 'text/turtle;charset=UTF-8', format: turtle
Fetching LDES fragment: https://aphia.org/feed?page=2026-06-09T15%3A00%3A00Z%2F2026-06-09T16%3A00%3A00Z
HTTP 200, Content-Type: 'text/turtle;charset=UTF-8', format: turtle
Traversal complete: 6 fragment(s) fetched, 1767 total triple(s)
Checking age of youngest tree:member across 6 traversed fragment(s) of: http://aphia.org/feed
Using ldes:timestampPath predicate(s): http://purl.org/dc/terms/modified
Youngest member timestamp: 2026-06-10T01:50:23+00:00; age: 8.35 hour(s); maximum allowed: 730 hour(s)
</system-out>
		</testcase>
		<properties>
			<property name="urls" value="http://aphia.org/feed"/>
			<property name="provenance" value="https://github.com/vlizBE/GRMPy_VLIZ/blob/e6b244a9809c8fe798002398fa5b13ad5cc8d076/tests/tests.yaml"/>
			<property name="min_members" value="20"/>
			<property name="min_fragments" value="6"/>
			<property name="max_age_youngest_member" value="730"/>
			<property name="create-issue" value="true"/>
		</properties>
	</testsuite>
	<testsuite name="LDES-feed-marine-regions" timestamp="2026-06-10T10:11:42.440640+00:00" tests="6" errors="0" failures="0" skipped="0" time="2.3610823154449463">
		<testcase name="ldes_harvest [https://marineregions.org/feed.ttl]" classname="LDES-feed-marine-regions" time="2.3478567600250244">
			<system-out>Fetching RDF graph from: https://marineregions.org/feed.ttl
HTTP 200, Content-Type: 'text/turtle; charset=UTF-8;', format: turtle
Successfully parsed 5453 triple(s)
</system-out>
		</testcase>
		<testcase name="ldes_event_stream [https://marineregions.org/feed.ttl]" classname="LDES-feed-marine-regions" time="0.00010848045349121094">
			<system-out>Found 1 ldes:EventStream declaration(s)
  EventStream: https://www.marineregions.org/feed
</system-out>
		</testcase>
		<testcase name="ldes_tree_view [https://marineregions.org/feed.ttl]" classname="LDES-feed-marine-regions" time="2.3126602172851562e-05">
			<system-out>Found 1 tree:view relation(s)
  tree:view: https://www.marineregions.org/feed.ttl?page=2026-06-04T09%3A00%3A00Z%2F2026-06-04T10%3A00%3A00Z
</system-out>
		</testcase>
		<testcase name="ldes_min_members [https://marineregions.org/feed.ttl]" classname="LDES-feed-marine-regions" time="0.0018575191497802734">
			<system-out>Traversing LDES feed from: https://marineregions.org/feed.ttl
Fetching LDES fragment: https://www.marineregions.org/feed.ttl?page=2026-06-04T09%3A00%3A00Z%2F2026-06-04T10%3A00%3A00Z
HTTP 200, Content-Type: 'text/turtle; charset=UTF-8;', format: turtle
Fetching LDES fragment: https://www.marineregions.org/feed.ttl?page=2026-06-03T08%3A00%3A00Z%2F2026-06-03T09%3A00%3A00Z
HTTP 200, Content-Type: 'text/turtle; charset=UTF-8;', format: turtle
Fetching LDES fragment: https://www.marineregions.org/feed.ttl?page=2026-06-01T18%3A00%3A00Z%2F2026-06-01T19%3A00%3A00Z
HTTP 200, Content-Type: 'text/turtle; charset=UTF-8;', format: turtle
Fetching LDES fragment: https://www.marineregions.org/feed.ttl?page=2026-05-19T06%3A00%3A00Z%2F2026-05-19T07%3A00%3A00Z
HTTP 200, Content-Type: 'text/turtle; charset=UTF-8;', format: turtle
Fetching LDES fragment: https://www.marineregions.org/feed.ttl?page=2026-05-16T08%3A00%3A00Z%2F2026-05-16T09%3A00%3A00Z
HTTP 200, Content-Type: 'text/turtle; charset=UTF-8;', format: turtle
Traversal complete: 6 fragment(s) fetched, 29730 total triple(s)
Found 1614 tree:member(s) across 6 traversed fragment(s); required minimum: 20
</system-out>
		</testcase>
		<testcase name="ldes_min_fragments [https://marineregions.org/feed.ttl]" classname="LDES-feed-marine-regions" time="2.8848648071289062e-05">
			<system-out>Traversing LDES feed from: https://marineregions.org/feed.ttl
Fetching LDES fragment: https://www.marineregions.org/feed.ttl?page=2026-06-04T09%3A00%3A00Z%2F2026-06-04T10%3A00%3A00Z
HTTP 200, Content-Type: 'text/turtle; charset=UTF-8;', format: turtle
Fetching LDES fragment: https://www.marineregions.org/feed.ttl?page=2026-06-03T08%3A00%3A00Z%2F2026-06-03T09%3A00%3A00Z
HTTP 200, Content-Type: 'text/turtle; charset=UTF-8;', format: turtle
Fetching LDES fragment: https://www.marineregions.org/feed.ttl?page=2026-06-01T18%3A00%3A00Z%2F2026-06-01T19%3A00%3A00Z
HTTP 200, Content-Type: 'text/turtle; charset=UTF-8;', format: turtle
Fetching LDES fragment: https://www.marineregions.org/feed.ttl?page=2026-05-19T06%3A00%3A00Z%2F2026-05-19T07%3A00%3A00Z
HTTP 200, Content-Type: 'text/turtle; charset=UTF-8;', format: turtle
Fetching LDES fragment: https://www.marineregions.org/feed.ttl?page=2026-05-16T08%3A00%3A00Z%2F2026-05-16T09%3A00%3A00Z
HTTP 200, Content-Type: 'text/turtle; charset=UTF-8;', format: turtle
Traversal complete: 6 fragment(s) fetched, 29730 total triple(s)
Traversed 6 LDES fragment(s) (following tree:Relation → tree:node links); required minimum: 6
  fragment: https://marineregions.org/feed.ttl
  fragment: https://www.marineregions.org/feed.ttl?page=2026-05-16T08%3A00%3A00Z%2F2026-05-16T09%3A00%3A00Z
  fragment: https://www.marineregions.org/feed.ttl?page=2026-05-19T06%3A00%3A00Z%2F2026-05-19T07%3A00%3A00Z
  fragment: https://www.marineregions.org/feed.ttl?page=2026-06-01T18%3A00%3A00Z%2F2026-06-01T19%3A00%3A00Z
  fragment: https://www.marineregions.org/feed.ttl?page=2026-06-03T08%3A00%3A00Z%2F2026-06-03T09%3A00%3A00Z
  fragment: https://www.marineregions.org/feed.ttl?page=2026-06-04T09%3A00%3A00Z%2F2026-06-04T10%3A00%3A00Z
</system-out>
		</testcase>
		<testcase name="ldes_max_age_youngest_member [https://marineregions.org/feed.ttl]" classname="LDES-feed-marine-regions" time="0.01120758056640625">
			<system-out>Traversing LDES feed from: https://marineregions.org/feed.ttl
Fetching LDES fragment: https://www.marineregions.org/feed.ttl?page=2026-06-04T09%3A00%3A00Z%2F2026-06-04T10%3A00%3A00Z
HTTP 200, Content-Type: 'text/turtle; charset=UTF-8;', format: turtle
Fetching LDES fragment: https://www.marineregions.org/feed.ttl?page=2026-06-03T08%3A00%3A00Z%2F2026-06-03T09%3A00%3A00Z
HTTP 200, Content-Type: 'text/turtle; charset=UTF-8;', format: turtle
Fetching LDES fragment: https://www.marineregions.org/feed.ttl?page=2026-06-01T18%3A00%3A00Z%2F2026-06-01T19%3A00%3A00Z
HTTP 200, Content-Type: 'text/turtle; charset=UTF-8;', format: turtle
Fetching LDES fragment: https://www.marineregions.org/feed.ttl?page=2026-05-19T06%3A00%3A00Z%2F2026-05-19T07%3A00%3A00Z
HTTP 200, Content-Type: 'text/turtle; charset=UTF-8;', format: turtle
Fetching LDES fragment: https://www.marineregions.org/feed.ttl?page=2026-05-16T08%3A00%3A00Z%2F2026-05-16T09%3A00%3A00Z
HTTP 200, Content-Type: 'text/turtle; charset=UTF-8;', format: turtle
Traversal complete: 6 fragment(s) fetched, 29730 total triple(s)
Checking age of youngest tree:member across 6 traversed fragment(s) of: https://marineregions.org/feed.ttl
Using ldes:timestampPath predicate(s): http://purl.org/dc/terms/modified
Youngest member timestamp: 2026-06-04T09:41:52+00:00; age: 144.50 hour(s); maximum allowed: 730 hour(s)
</system-out>
		</testcase>
		<properties>
			<property name="urls" value="https://marineregions.org/feed.ttl"/>
			<property name="provenance" value="https://github.com/vlizBE/GRMPy_VLIZ/blob/e6b244a9809c8fe798002398fa5b13ad5cc8d076/tests/tests.yaml"/>
			<property name="min_members" value="20"/>
			<property name="min_fragments" value="6"/>
			<property name="max_age_youngest_member" value="730"/>
			<property name="create-issue" value="true"/>
		</properties>
	</testsuite>
	<testsuite name="marineinfo-person-resource-availability" timestamp="2026-06-10T10:11:46.049422+00:00" tests="9" errors="0" failures="0" skipped="0" time="2.194578170776367">
		<testcase name="dns_resolution [https://marineinfo.org/en/doc/person/46372]" classname="marineinfo-person-resource-availability" time="0.012268543243408203">
			<system-out>Resolving hostname: marineinfo.org
resolved_ip: 193.191.134.34
</system-out>
		</testcase>
		<properties>
			<property name="verify_ssl" value="True"/>
			<property name="urls" value="https://marineinfo.org/en/doc/person/46372, https://marineinfo.org/id/person/46372, https://marineinfo.org/doc/person/46372"/>
			<property name="hostnames" value="marineinfo.org"/>
			<property name="timeout" value="10"/>
			<property name="max-redirects" value="3"/>
			<property name="check-http-availability" value="true"/>
			<property name="check-https-availability" value="true"/>
			<property name="verify-ssl" value="true"/>
			<property name="provenance" value="https://github.com/vlizBE/GRMPy_VLIZ/blob/e6b244a9809c8fe798002398fa5b13ad5cc8d076/tests/tests.yaml"/>
			<property name="create-issue" value="true"/>
		</properties>
		<testcase name="http_availability [https://marineinfo.org/en/doc/person/46372]" classname="marineinfo-person-resource-availability" time="0.27783894538879395">
			<system-out>response_time_s: 0.278
status_code: 301
redirects_to: https://marineinfo.org/en/doc/person/46372
OK: HTTP endpoint reachable (redirects to HTTPS)
</system-out>
		</testcase>
		<testcase name="https_availability [https://marineinfo.org/en/doc/person/46372]" classname="marineinfo-person-resource-availability" time="0.7677898406982422">
			<system-out>response_time_s: 0.768
status_code: 200
OK: HTTPS available, status 200 in 0.768s
</system-out>
		</testcase>
		<testcase name="dns_resolution [https://marineinfo.org/id/person/46372]" classname="marineinfo-person-resource-availability" time="0.00843667984008789">
			<system-out>Resolving hostname: marineinfo.org
resolved_ip: 193.191.134.34
</system-out>
		</testcase>
		<testcase name="http_availability [https://marineinfo.org/id/person/46372]" classname="marineinfo-person-resource-availability" time="0.19025468826293945">
			<system-out>response_time_s: 0.190
status_code: 301
redirects_to: https://marineinfo.org/id/person/46372
OK: HTTP endpoint reachable (redirects to HTTPS)
</system-out>
		</testcase>
		<testcase name="https_availability [https://marineinfo.org/id/person/46372]" classname="marineinfo-person-resource-availability" time="0.45384716987609863">
			<system-out>response_time_s: 0.454
status_code: 200
OK: HTTPS available, status 200 in 0.454s
</system-out>
		</testcase>
		<testcase name="dns_resolution [https://marineinfo.org/doc/person/46372]" classname="marineinfo-person-resource-availability" time="0.002989530563354492">
			<system-out>Resolving hostname: marineinfo.org
resolved_ip: 193.191.134.34
</system-out>
		</testcase>
		<testcase name="http_availability [https://marineinfo.org/doc/person/46372]" classname="marineinfo-person-resource-availability" time="0.191054105758667">
			<system-out>response_time_s: 0.191
status_code: 301
redirects_to: https://marineinfo.org/doc/person/46372
OK: HTTP endpoint reachable (redirects to HTTPS)
</system-out>
		</testcase>
		<testcase name="https_availability [https://marineinfo.org/doc/person/46372]" classname="marineinfo-person-resource-availability" time="0.2900986671447754">
			<system-out>response_time_s: 0.290
status_code: 302
redirects_to: http://marineinfo.org/en/doc/person/46372
OK: HTTPS endpoint reachable (redirects to HTTP)
</system-out>
		</testcase>
	</testsuite>
	<testsuite name="marineinfo-publication-resource-availability" timestamp="2026-06-10T10:11:49.072811+00:00" tests="9" errors="0" failures="0" skipped="0" time="2.479043960571289">
		<testcase name="dns_resolution [https://marineinfo.org/en/doc/publication/97613]" classname="marineinfo-publication-resource-availability" time="0.004916667938232422">
			<system-out>Resolving hostname: marineinfo.org
resolved_ip: 193.191.134.34
</system-out>
		</testcase>
		<properties>
			<property name="verify_ssl" value="True"/>
			<property name="urls" value="https://marineinfo.org/en/doc/publication/97613, https://marineinfo.org/doc/publication/97613, https://marineinfo.org/id/publication/97613"/>
			<property name="hostnames" value="marineinfo.org"/>
			<property name="timeout" value="10"/>
			<property name="max-redirects" value="3"/>
			<property name="check-http-availability" value="true"/>
			<property name="check-https-availability" value="true"/>
			<property name="verify-ssl" value="true"/>
			<property name="provenance" value="https://github.com/vlizBE/GRMPy_VLIZ/blob/e6b244a9809c8fe798002398fa5b13ad5cc8d076/tests/tests.yaml"/>
			<property name="create-issue" value="true"/>
		</properties>
		<testcase name="http_availability [https://marineinfo.org/en/doc/publication/97613]" classname="marineinfo-publication-resource-availability" time="0.1918637752532959">
			<system-out>response_time_s: 0.192
status_code: 301
redirects_to: https://marineinfo.org/en/doc/publication/97613
OK: HTTP endpoint reachable (redirects to HTTPS)
</system-out>
		</testcase>
		<testcase name="https_availability [https://marineinfo.org/en/doc/publication/97613]" classname="marineinfo-publication-resource-availability" time="0.9401853084564209">
			<system-out>response_time_s: 0.940
status_code: 200
OK: HTTPS available, status 200 in 0.940s
</system-out>
		</testcase>
		<testcase name="dns_resolution [https://marineinfo.org/doc/publication/97613]" classname="marineinfo-publication-resource-availability" time="0.00470423698425293">
			<system-out>Resolving hostname: marineinfo.org
resolved_ip: 193.191.134.34
</system-out>
		</testcase>
		<testcase name="http_availability [https://marineinfo.org/doc/publication/97613]" classname="marineinfo-publication-resource-availability" time="0.18677377700805664">
			<system-out>response_time_s: 0.187
status_code: 301
redirects_to: https://marineinfo.org/doc/publication/97613
OK: HTTP endpoint reachable (redirects to HTTPS)
</system-out>
		</testcase>
		<testcase name="https_availability [https://marineinfo.org/doc/publication/97613]" classname="marineinfo-publication-resource-availability" time="0.29607534408569336">
			<system-out>response_time_s: 0.296
status_code: 302
redirects_to: http://marineinfo.org/en/doc/publication/97613
OK: HTTPS endpoint reachable (redirects to HTTP)
</system-out>
		</testcase>
		<testcase name="dns_resolution [https://marineinfo.org/id/publication/97613]" classname="marineinfo-publication-resource-availability" time="0.0032434463500976562">
			<system-out>Resolving hostname: marineinfo.org
resolved_ip: 193.191.134.34
</system-out>
		</testcase>
		<testcase name="http_availability [https://marineinfo.org/id/publication/97613]" classname="marineinfo-publication-resource-availability" time="0.2712419033050537">
			<system-out>response_time_s: 0.271
status_code: 301
redirects_to: https://marineinfo.org/id/publication/97613
OK: HTTP endpoint reachable (redirects to HTTPS)
</system-out>
		</testcase>
		<testcase name="https_availability [https://marineinfo.org/id/publication/97613]" classname="marineinfo-publication-resource-availability" time="0.5800395011901855">
			<system-out>response_time_s: 0.580
status_code: 200
OK: HTTPS available, status 200 in 0.580s
</system-out>
		</testcase>
	</testsuite>
	<testsuite name="marineinfo-institute-resource-availability" timestamp="2026-06-10T10:11:53.487140+00:00" tests="9" errors="0" failures="0" skipped="0" time="3.8766674995422363">
		<testcase name="dns_resolution [https://marineinfo.org/doc/institute/36]" classname="marineinfo-institute-resource-availability" time="0.0031249523162841797">
			<system-out>Resolving hostname: marineinfo.org
resolved_ip: 193.191.134.34
</system-out>
		</testcase>
		<properties>
			<property name="verify_ssl" value="True"/>
			<property name="urls" value="https://marineinfo.org/doc/institute/36, https://marineinfo.org/en/doc/institute/36, https://marineinfo.org/id/institute/36"/>
			<property name="hostnames" value="marineinfo.org"/>
			<property name="timeout" value="10"/>
			<property name="max-redirects" value="3"/>
			<property name="check-http-availability" value="true"/>
			<property name="check-https-availability" value="true"/>
			<property name="verify-ssl" value="true"/>
			<property name="provenance" value="https://github.com/vlizBE/GRMPy_VLIZ/blob/e6b244a9809c8fe798002398fa5b13ad5cc8d076/tests/tests.yaml"/>
			<property name="create-issue" value="true"/>
		</properties>
		<testcase name="http_availability [https://marineinfo.org/doc/institute/36]" classname="marineinfo-institute-resource-availability" time="0.18387770652770996">
			<system-out>response_time_s: 0.184
status_code: 301
redirects_to: https://marineinfo.org/doc/institute/36
OK: HTTP endpoint reachable (redirects to HTTPS)
</system-out>
		</testcase>
		<testcase name="https_availability [https://marineinfo.org/doc/institute/36]" classname="marineinfo-institute-resource-availability" time="0.2896280288696289">
			<system-out>response_time_s: 0.290
status_code: 302
redirects_to: http://marineinfo.org/en/doc/institute/36
OK: HTTPS endpoint reachable (redirects to HTTP)
</system-out>
		</testcase>
		<testcase name="dns_resolution [https://marineinfo.org/en/doc/institute/36]" classname="marineinfo-institute-resource-availability" time="0.002240896224975586">
			<system-out>Resolving hostname: marineinfo.org
resolved_ip: 193.191.134.34
</system-out>
		</testcase>
		<testcase name="http_availability [https://marineinfo.org/en/doc/institute/36]" classname="marineinfo-institute-resource-availability" time="0.18188881874084473">
			<system-out>response_time_s: 0.182
status_code: 301
redirects_to: https://marineinfo.org/en/doc/institute/36
OK: HTTP endpoint reachable (redirects to HTTPS)
</system-out>
		</testcase>
		<testcase name="https_availability [https://marineinfo.org/en/doc/institute/36]" classname="marineinfo-institute-resource-availability" time="1.6075499057769775">
			<system-out>response_time_s: 1.608
status_code: 200
OK: HTTPS available, status 200 in 1.608s
</system-out>
		</testcase>
		<testcase name="dns_resolution [https://marineinfo.org/id/institute/36]" classname="marineinfo-institute-resource-availability" time="0.0051174163818359375">
			<system-out>Resolving hostname: marineinfo.org
resolved_ip: 193.191.134.34
</system-out>
		</testcase>
		<testcase name="http_availability [https://marineinfo.org/id/institute/36]" classname="marineinfo-institute-resource-availability" time="0.18697595596313477">
			<system-out>response_time_s: 0.187
status_code: 301
redirects_to: https://marineinfo.org/id/institute/36
OK: HTTP endpoint reachable (redirects to HTTPS)
</system-out>
		</testcase>
		<testcase name="https_availability [https://marineinfo.org/id/institute/36]" classname="marineinfo-institute-resource-availability" time="1.4162638187408447">
			<system-out>response_time_s: 1.416
status_code: 200
OK: HTTPS available, status 200 in 1.416s
</system-out>
		</testcase>
	</testsuite>
	<testsuite name="marineinfo-project-resource-availability" timestamp="2026-06-10T10:11:55.946620+00:00" tests="9" errors="0" failures="0" skipped="0" time="1.9070961475372314">
		<testcase name="dns_resolution [https://marineinfo.org/en/doc/project/5528]" classname="marineinfo-project-resource-availability" time="0.0025153160095214844">
			<system-out>Resolving hostname: marineinfo.org
resolved_ip: 193.191.134.34
</system-out>
		</testcase>
		<properties>
			<property name="verify_ssl" value="True"/>
			<property name="urls" value="https://marineinfo.org/en/doc/project/5528, https://marineinfo.org/id/project/5528, https://marineinfo.org/doc/project/5528"/>
			<property name="hostnames" value="marineinfo.org"/>
			<property name="timeout" value="10"/>
			<property name="max-redirects" value="3"/>
			<property name="check-http-availability" value="true"/>
			<property name="check-https-availability" value="true"/>
			<property name="verify-ssl" value="true"/>
			<property name="provenance" value="https://github.com/vlizBE/GRMPy_VLIZ/blob/e6b244a9809c8fe798002398fa5b13ad5cc8d076/tests/tests.yaml"/>
			<property name="create-issue" value="true"/>
		</properties>
		<testcase name="http_availability [https://marineinfo.org/en/doc/project/5528]" classname="marineinfo-project-resource-availability" time="0.19476771354675293">
			<system-out>response_time_s: 0.195
status_code: 301
redirects_to: https://marineinfo.org/en/doc/project/5528
OK: HTTP endpoint reachable (redirects to HTTPS)
</system-out>
		</testcase>
		<testcase name="https_availability [https://marineinfo.org/en/doc/project/5528]" classname="marineinfo-project-resource-availability" time="0.6322283744812012">
			<system-out>response_time_s: 0.632
status_code: 200
OK: HTTPS available, status 200 in 0.632s
</system-out>
		</testcase>
		<testcase name="dns_resolution [https://marineinfo.org/id/project/5528]" classname="marineinfo-project-resource-availability" time="0.0024123191833496094">
			<system-out>Resolving hostname: marineinfo.org
resolved_ip: 193.191.134.34
</system-out>
		</testcase>
		<testcase name="http_availability [https://marineinfo.org/id/project/5528]" classname="marineinfo-project-resource-availability" time="0.1951615810394287">
			<system-out>response_time_s: 0.195
status_code: 301
redirects_to: https://marineinfo.org/id/project/5528
OK: HTTP endpoint reachable (redirects to HTTPS)
</system-out>
		</testcase>
		<testcase name="https_availability [https://marineinfo.org/id/project/5528]" classname="marineinfo-project-resource-availability" time="0.3983335494995117">
			<system-out>response_time_s: 0.398
status_code: 200
OK: HTTPS available, status 200 in 0.398s
</system-out>
		</testcase>
		<testcase name="dns_resolution [https://marineinfo.org/doc/project/5528]" classname="marineinfo-project-resource-availability" time="0.0019774436950683594">
			<system-out>Resolving hostname: marineinfo.org
resolved_ip: 193.191.134.34
</system-out>
		</testcase>
		<testcase name="http_availability [https://marineinfo.org/doc/project/5528]" classname="marineinfo-project-resource-availability" time="0.18364405632019043">
			<system-out>response_time_s: 0.184
status_code: 301
redirects_to: https://marineinfo.org/doc/project/5528
OK: HTTP endpoint reachable (redirects to HTTPS)
</system-out>
		</testcase>
		<testcase name="https_availability [https://marineinfo.org/doc/project/5528]" classname="marineinfo-project-resource-availability" time="0.29605579376220703">
			<system-out>response_time_s: 0.296
status_code: 302
redirects_to: http://marineinfo.org/en/doc/project/5528
OK: HTTPS endpoint reachable (redirects to HTTP)
</system-out>
		</testcase>
	</testsuite>
	<testsuite name="marineinfo-event-resource-availability" timestamp="2026-06-10T10:11:58.295424+00:00" tests="9" errors="0" failures="0" skipped="0" time="1.8187572956085205">
		<testcase name="dns_resolution [https://marineinfo.org/en/doc/event/3127]" classname="marineinfo-event-resource-availability" time="0.002466440200805664">
			<system-out>Resolving hostname: marineinfo.org
resolved_ip: 193.191.134.34
</system-out>
		</testcase>
		<properties>
			<property name="verify_ssl" value="True"/>
			<property name="urls" value="https://marineinfo.org/en/doc/event/3127, https://marineinfo.org/id/event/3127, https://marineinfo.org/doc/event/3127"/>
			<property name="hostnames" value="marineinfo.org"/>
			<property name="timeout" value="10"/>
			<property name="max-redirects" value="3"/>
			<property name="check-http-availability" value="true"/>
			<property name="check-https-availability" value="true"/>
			<property name="verify-ssl" value="true"/>
			<property name="provenance" value="https://github.com/vlizBE/GRMPy_VLIZ/blob/e6b244a9809c8fe798002398fa5b13ad5cc8d076/tests/tests.yaml"/>
			<property name="create-issue" value="true"/>
		</properties>
		<testcase name="http_availability [https://marineinfo.org/en/doc/event/3127]" classname="marineinfo-event-resource-availability" time="0.18529152870178223">
			<system-out>response_time_s: 0.185
status_code: 301
redirects_to: https://marineinfo.org/en/doc/event/3127
OK: HTTP endpoint reachable (redirects to HTTPS)
</system-out>
		</testcase>
		<testcase name="https_availability [https://marineinfo.org/en/doc/event/3127]" classname="marineinfo-event-resource-availability" time="0.5781292915344238">
			<system-out>response_time_s: 0.578
status_code: 200
OK: HTTPS available, status 200 in 0.578s
</system-out>
		</testcase>
		<testcase name="dns_resolution [https://marineinfo.org/id/event/3127]" classname="marineinfo-event-resource-availability" time="0.006089925765991211">
			<system-out>Resolving hostname: marineinfo.org
resolved_ip: 193.191.134.34
</system-out>
		</testcase>
		<testcase name="http_availability [https://marineinfo.org/id/event/3127]" classname="marineinfo-event-resource-availability" time="0.18385839462280273">
			<system-out>response_time_s: 0.184
status_code: 301
redirects_to: https://marineinfo.org/id/event/3127
OK: HTTP endpoint reachable (redirects to HTTPS)
</system-out>
		</testcase>
		<testcase name="https_availability [https://marineinfo.org/id/event/3127]" classname="marineinfo-event-resource-availability" time="0.3864247798919678">
			<system-out>response_time_s: 0.386
status_code: 200
OK: HTTPS available, status 200 in 0.386s
</system-out>
		</testcase>
		<testcase name="dns_resolution [https://marineinfo.org/doc/event/3127]" classname="marineinfo-event-resource-availability" time="0.002432107925415039">
			<system-out>Resolving hostname: marineinfo.org
resolved_ip: 193.191.134.34
</system-out>
		</testcase>
		<testcase name="http_availability [https://marineinfo.org/doc/event/3127]" classname="marineinfo-event-resource-availability" time="0.1838376522064209">
			<system-out>response_time_s: 0.184
status_code: 301
redirects_to: https://marineinfo.org/doc/event/3127
OK: HTTP endpoint reachable (redirects to HTTPS)
</system-out>
		</testcase>
		<testcase name="https_availability [https://marineinfo.org/doc/event/3127]" classname="marineinfo-event-resource-availability" time="0.29022717475891113">
			<system-out>response_time_s: 0.290
status_code: 302
redirects_to: http://marineinfo.org/en/doc/event/3127
OK: HTTPS endpoint reachable (redirects to HTTP)
</system-out>
		</testcase>
	</testsuite>
	<testsuite name="marineinfo-dataset-resource-availability" timestamp="2026-06-10T10:12:00.907960+00:00" tests="9" errors="0" failures="0" skipped="0" time="2.001948356628418">
		<testcase name="dns_resolution [https://marineinfo.org/en/doc/dataset/3221]" classname="marineinfo-dataset-resource-availability" time="0.0031423568725585938">
			<system-out>Resolving hostname: marineinfo.org
resolved_ip: 193.191.134.34
</system-out>
		</testcase>
		<properties>
			<property name="verify_ssl" value="True"/>
			<property name="urls" value="https://marineinfo.org/en/doc/dataset/3221, https://marineinfo.org/id/dataset/3221, https://marineinfo.org/doc/dataset/3221"/>
			<property name="hostnames" value="marineinfo.org"/>
			<property name="timeout" value="10"/>
			<property name="max-redirects" value="3"/>
			<property name="check-http-availability" value="true"/>
			<property name="check-https-availability" value="true"/>
			<property name="verify-ssl" value="true"/>
			<property name="provenance" value="https://github.com/vlizBE/GRMPy_VLIZ/blob/e6b244a9809c8fe798002398fa5b13ad5cc8d076/tests/tests.yaml"/>
			<property name="create-issue" value="true"/>
		</properties>
		<testcase name="http_availability [https://marineinfo.org/en/doc/dataset/3221]" classname="marineinfo-dataset-resource-availability" time="0.19671154022216797">
			<system-out>response_time_s: 0.197
status_code: 301
redirects_to: https://marineinfo.org/en/doc/dataset/3221
OK: HTTP endpoint reachable (redirects to HTTPS)
</system-out>
		</testcase>
		<testcase name="https_availability [https://marineinfo.org/en/doc/dataset/3221]" classname="marineinfo-dataset-resource-availability" time="0.678661584854126">
			<system-out>response_time_s: 0.679
status_code: 200
OK: HTTPS available, status 200 in 0.679s
</system-out>
		</testcase>
		<testcase name="dns_resolution [https://marineinfo.org/id/dataset/3221]" classname="marineinfo-dataset-resource-availability" time="0.0032372474670410156">
			<system-out>Resolving hostname: marineinfo.org
resolved_ip: 193.191.134.34
</system-out>
		</testcase>
		<testcase name="http_availability [https://marineinfo.org/id/dataset/3221]" classname="marineinfo-dataset-resource-availability" time="0.1895596981048584">
			<system-out>response_time_s: 0.190
status_code: 301
redirects_to: https://marineinfo.org/id/dataset/3221
OK: HTTP endpoint reachable (redirects to HTTPS)
</system-out>
		</testcase>
		<testcase name="https_availability [https://marineinfo.org/id/dataset/3221]" classname="marineinfo-dataset-resource-availability" time="0.43427491188049316">
			<system-out>response_time_s: 0.434
status_code: 200
OK: HTTPS available, status 200 in 0.434s
</system-out>
		</testcase>
		<testcase name="dns_resolution [https://marineinfo.org/doc/dataset/3221]" classname="marineinfo-dataset-resource-availability" time="0.0029761791229248047">
			<system-out>Resolving hostname: marineinfo.org
resolved_ip: 193.191.134.34
</system-out>
		</testcase>
		<testcase name="http_availability [https://marineinfo.org/doc/dataset/3221]" classname="marineinfo-dataset-resource-availability" time="0.1871790885925293">
			<system-out>response_time_s: 0.187
status_code: 301
redirects_to: https://marineinfo.org/doc/dataset/3221
OK: HTTP endpoint reachable (redirects to HTTPS)
</system-out>
		</testcase>
		<testcase name="https_availability [https://marineinfo.org/doc/dataset/3221]" classname="marineinfo-dataset-resource-availability" time="0.30620574951171875">
			<system-out>response_time_s: 0.306
status_code: 302
redirects_to: http://marineinfo.org/en/doc/dataset/3221
OK: HTTPS endpoint reachable (redirects to HTTP)
</system-out>
		</testcase>
	</testsuite>
	<testsuite name="marineinfo-cors-compliance-basic-person" timestamp="2026-06-10T10:12:03.704483+00:00" tests="3" errors="0" failures="3" skipped="0" time="1.5139713287353516">
		<testcase name="access_control_allow_origin [https://marineinfo.org/en/doc/person/46372] [lenient]" classname="marineinfo-cors-compliance-basic-person" time="0.3743150234222412">
			<failure message="Header 'access-control-allow-origin' is missing">Header absent in response from https://marineinfo.org/en/doc/person/46372</failure>
			<system-out>OPTIONS https://marineinfo.org/en/doc/person/46372 with Origin: https://vliz.be
access-control-allow-origin: ''
</system-out>
		</testcase>
		<testcase name="access_control_allow_origin [https://marineinfo.org/id/person/46372] [lenient]" classname="marineinfo-cors-compliance-basic-person" time="0.3270535469055176">
			<failure message="Header 'access-control-allow-origin' is missing">Header absent in response from https://marineinfo.org/id/person/46372</failure>
			<system-out>OPTIONS https://marineinfo.org/id/person/46372 with Origin: https://vliz.be
access-control-allow-origin: ''
</system-out>
		</testcase>
		<testcase name="access_control_allow_origin [https://marineinfo.org/doc/person/46372] [lenient]" classname="marineinfo-cors-compliance-basic-person" time="0.8126027584075928">
			<failure message="Header 'access-control-allow-origin' is missing">Header absent in response from https://marineinfo.org/en/doc/person/46372</failure>
			<system-out>OPTIONS https://marineinfo.org/doc/person/46372 with Origin: https://vliz.be
Followed 2 redirect(s) to https://marineinfo.org/en/doc/person/46372
access-control-allow-origin: ''
</system-out>
		</testcase>
		<properties>
			<property name="urls" value="https://marineinfo.org/en/doc/person/46372, https://marineinfo.org/id/person/46372, https://marineinfo.org/doc/person/46372"/>
			<property name="hostnames" value="marineinfo.org"/>
			<property name="timeout" value="30"/>
			<property name="https-redirect" value="false"/>
			<property name="probe-origin" value="https://vliz.be"/>
			<property name="provenance" value="https://github.com/vlizBE/GRMPy_VLIZ/blob/e6b244a9809c8fe798002398fa5b13ad5cc8d076/tests/tests.yaml"/>
			<property name="create-issue" value="false"/>
		</properties>
	</testsuite>
	<testsuite name="marineinfo-cors-compliance-basic-publication" timestamp="2026-06-10T10:12:05.783266+00:00" tests="3" errors="0" failures="3" skipped="0" time="1.523575782775879">
		<testcase name="access_control_allow_origin [https://marineinfo.org/en/doc/publication/97613] [lenient]" classname="marineinfo-cors-compliance-basic-publication" time="0.36741042137145996">
			<failure message="Header 'access-control-allow-origin' is missing">Header absent in response from https://marineinfo.org/en/doc/publication/97613</failure>
			<system-out>OPTIONS https://marineinfo.org/en/doc/publication/97613 with Origin: https://vliz.be
access-control-allow-origin: ''
</system-out>
		</testcase>
		<testcase name="access_control_allow_origin [https://marineinfo.org/doc/publication/97613] [lenient]" classname="marineinfo-cors-compliance-basic-publication" time="0.8297324180603027">
			<failure message="Header 'access-control-allow-origin' is missing">Header absent in response from https://marineinfo.org/en/doc/publication/97613</failure>
			<system-out>OPTIONS https://marineinfo.org/doc/publication/97613 with Origin: https://vliz.be
Followed 2 redirect(s) to https://marineinfo.org/en/doc/publication/97613
access-control-allow-origin: ''
</system-out>
		</testcase>
		<testcase name="access_control_allow_origin [https://marineinfo.org/id/publication/97613] [lenient]" classname="marineinfo-cors-compliance-basic-publication" time="0.3264329433441162">
			<failure message="Header 'access-control-allow-origin' is missing">Header absent in response from https://marineinfo.org/id/publication/97613</failure>
			<system-out>OPTIONS https://marineinfo.org/id/publication/97613 with Origin: https://vliz.be
access-control-allow-origin: ''
</system-out>
		</testcase>
		<properties>
			<property name="urls" value="https://marineinfo.org/en/doc/publication/97613, https://marineinfo.org/doc/publication/97613, https://marineinfo.org/id/publication/97613"/>
			<property name="hostnames" value="marineinfo.org"/>
			<property name="timeout" value="30"/>
			<property name="https-redirect" value="false"/>
			<property name="probe-origin" value="https://vliz.be"/>
			<property name="provenance" value="https://github.com/vlizBE/GRMPy_VLIZ/blob/e6b244a9809c8fe798002398fa5b13ad5cc8d076/tests/tests.yaml"/>
			<property name="create-issue" value="false"/>
		</properties>
	</testsuite>
	<testsuite name="marineinfo-cors-compliance-basic-institute" timestamp="2026-06-10T10:12:07.868615+00:00" tests="3" errors="0" failures="3" skipped="0" time="1.548797369003296">
		<testcase name="access_control_allow_origin [https://marineinfo.org/doc/institute/36] [lenient]" classname="marineinfo-cors-compliance-basic-institute" time="0.820185661315918">
			<failure message="Header 'access-control-allow-origin' is missing">Header absent in response from https://marineinfo.org/en/doc/institute/36</failure>
			<system-out>OPTIONS https://marineinfo.org/doc/institute/36 with Origin: https://vliz.be
Followed 2 redirect(s) to https://marineinfo.org/en/doc/institute/36
access-control-allow-origin: ''
</system-out>
		</testcase>
		<testcase name="access_control_allow_origin [https://marineinfo.org/en/doc/institute/36] [lenient]" classname="marineinfo-cors-compliance-basic-institute" time="0.35774850845336914">
			<failure message="Header 'access-control-allow-origin' is missing">Header absent in response from https://marineinfo.org/en/doc/institute/36</failure>
			<system-out>OPTIONS https://marineinfo.org/en/doc/institute/36 with Origin: https://vliz.be
access-control-allow-origin: ''
</system-out>
		</testcase>
		<testcase name="access_control_allow_origin [https://marineinfo.org/id/institute/36] [lenient]" classname="marineinfo-cors-compliance-basic-institute" time="0.3708631992340088">
			<failure message="Header 'access-control-allow-origin' is missing">Header absent in response from https://marineinfo.org/id/institute/36</failure>
			<system-out>OPTIONS https://marineinfo.org/id/institute/36 with Origin: https://vliz.be
access-control-allow-origin: ''
</system-out>
		</testcase>
		<properties>
			<property name="urls" value="https://marineinfo.org/doc/institute/36, https://marineinfo.org/en/doc/institute/36, https://marineinfo.org/id/institute/36"/>
			<property name="hostnames" value="marineinfo.org"/>
			<property name="timeout" value="30"/>
			<property name="https-redirect" value="false"/>
			<property name="probe-origin" value="https://vliz.be"/>
			<property name="provenance" value="https://github.com/vlizBE/GRMPy_VLIZ/blob/e6b244a9809c8fe798002398fa5b13ad5cc8d076/tests/tests.yaml"/>
			<property name="create-issue" value="false"/>
		</properties>
	</testsuite>
	<testsuite name="marineinfo-cors-compliance-basic-project" timestamp="2026-06-10T10:12:09.942857+00:00" tests="3" errors="0" failures="3" skipped="0" time="1.48874831199646">
		<testcase name="access_control_allow_origin [https://marineinfo.org/en/doc/project/5528] [lenient]" classname="marineinfo-cors-compliance-basic-project" time="0.3534426689147949">
			<failure message="Header 'access-control-allow-origin' is missing">Header absent in response from https://marineinfo.org/en/doc/project/5528</failure>
			<system-out>OPTIONS https://marineinfo.org/en/doc/project/5528 with Origin: https://vliz.be
access-control-allow-origin: ''
</system-out>
		</testcase>
		<testcase name="access_control_allow_origin [https://marineinfo.org/id/project/5528] [lenient]" classname="marineinfo-cors-compliance-basic-project" time="0.3237876892089844">
			<failure message="Header 'access-control-allow-origin' is missing">Header absent in response from https://marineinfo.org/id/project/5528</failure>
			<system-out>OPTIONS https://marineinfo.org/id/project/5528 with Origin: https://vliz.be
access-control-allow-origin: ''
</system-out>
		</testcase>
		<testcase name="access_control_allow_origin [https://marineinfo.org/doc/project/5528] [lenient]" classname="marineinfo-cors-compliance-basic-project" time="0.8115179538726807">
			<failure message="Header 'access-control-allow-origin' is missing">Header absent in response from https://marineinfo.org/en/doc/project/5528</failure>
			<system-out>OPTIONS https://marineinfo.org/doc/project/5528 with Origin: https://vliz.be
Followed 2 redirect(s) to https://marineinfo.org/en/doc/project/5528
access-control-allow-origin: ''
</system-out>
		</testcase>
		<properties>
			<property name="urls" value="https://marineinfo.org/en/doc/project/5528, https://marineinfo.org/id/project/5528, https://marineinfo.org/doc/project/5528"/>
			<property name="hostnames" value="marineinfo.org"/>
			<property name="timeout" value="30"/>
			<property name="https-redirect" value="false"/>
			<property name="probe-origin" value="https://vliz.be"/>
			<property name="provenance" value="https://github.com/vlizBE/GRMPy_VLIZ/blob/e6b244a9809c8fe798002398fa5b13ad5cc8d076/tests/tests.yaml"/>
			<property name="create-issue" value="false"/>
		</properties>
	</testsuite>
	<testsuite name="marineinfo-cors-compliance-basic-event" timestamp="2026-06-10T10:12:11.996486+00:00" tests="3" errors="0" failures="3" skipped="0" time="1.5265700817108154">
		<testcase name="access_control_allow_origin [https://marineinfo.org/en/doc/event/3127] [lenient]" classname="marineinfo-cors-compliance-basic-event" time="0.3505682945251465">
			<failure message="Header 'access-control-allow-origin' is missing">Header absent in response from https://marineinfo.org/en/doc/event/3127</failure>
			<system-out>OPTIONS https://marineinfo.org/en/doc/event/3127 with Origin: https://vliz.be
access-control-allow-origin: ''
</system-out>
		</testcase>
		<testcase name="access_control_allow_origin [https://marineinfo.org/doc/event/3127] [lenient]" classname="marineinfo-cors-compliance-basic-event" time="0.8512122631072998">
			<failure message="Header 'access-control-allow-origin' is missing">Header absent in response from https://marineinfo.org/en/doc/event/3127</failure>
			<system-out>OPTIONS https://marineinfo.org/doc/event/3127 with Origin: https://vliz.be
Followed 2 redirect(s) to https://marineinfo.org/en/doc/event/3127
access-control-allow-origin: ''
</system-out>
		</testcase>
		<testcase name="access_control_allow_origin [https://marineinfo.org/id/event/3127] [lenient]" classname="marineinfo-cors-compliance-basic-event" time="0.32478952407836914">
			<failure message="Header 'access-control-allow-origin' is missing">Header absent in response from https://marineinfo.org/id/event/3127</failure>
			<system-out>OPTIONS https://marineinfo.org/id/event/3127 with Origin: https://vliz.be
access-control-allow-origin: ''
</system-out>
		</testcase>
		<properties>
			<property name="urls" value="https://marineinfo.org/en/doc/event/3127, https://marineinfo.org/doc/event/3127, https://marineinfo.org/id/event/3127"/>
			<property name="hostnames" value="marineinfo.org"/>
			<property name="timeout" value="30"/>
			<property name="https-redirect" value="false"/>
			<property name="probe-origin" value="https://vliz.be"/>
			<property name="provenance" value="https://github.com/vlizBE/GRMPy_VLIZ/blob/e6b244a9809c8fe798002398fa5b13ad5cc8d076/tests/tests.yaml"/>
			<property name="create-issue" value="false"/>
		</properties>
	</testsuite>
	<testsuite name="marineinfo-cors-compliance-basic-dataset" timestamp="2026-06-10T10:12:14.191255+00:00" tests="3" errors="0" failures="3" skipped="0" time="1.636397361755371">
		<testcase name="access_control_allow_origin [https://marineinfo.org/en/doc/dataset/3221] [lenient]" classname="marineinfo-cors-compliance-basic-dataset" time="0.42055654525756836">
			<failure message="Header 'access-control-allow-origin' is missing">Header absent in response from https://marineinfo.org/en/doc/dataset/3221</failure>
			<system-out>OPTIONS https://marineinfo.org/en/doc/dataset/3221 with Origin: https://vliz.be
access-control-allow-origin: ''
</system-out>
		</testcase>
		<testcase name="access_control_allow_origin [https://marineinfo.org/doc/dataset/3221] [lenient]" classname="marineinfo-cors-compliance-basic-dataset" time="0.8800215721130371">
			<failure message="Header 'access-control-allow-origin' is missing">Header absent in response from https://marineinfo.org/en/doc/dataset/3221</failure>
			<system-out>OPTIONS https://marineinfo.org/doc/dataset/3221 with Origin: https://vliz.be
Followed 2 redirect(s) to https://marineinfo.org/en/doc/dataset/3221
access-control-allow-origin: ''
</system-out>
		</testcase>
		<testcase name="access_control_allow_origin [https://marineinfo.org/id/dataset/3221] [lenient]" classname="marineinfo-cors-compliance-basic-dataset" time="0.3358192443847656">
			<failure message="Header 'access-control-allow-origin' is missing">Header absent in response from https://marineinfo.org/id/dataset/3221</failure>
			<system-out>OPTIONS https://marineinfo.org/id/dataset/3221 with Origin: https://vliz.be
access-control-allow-origin: ''
</system-out>
		</testcase>
		<properties>
			<property name="urls" value="https://marineinfo.org/en/doc/dataset/3221, https://marineinfo.org/doc/dataset/3221, https://marineinfo.org/id/dataset/3221"/>
			<property name="hostnames" value="marineinfo.org"/>
			<property name="timeout" value="30"/>
			<property name="https-redirect" value="false"/>
			<property name="probe-origin" value="https://vliz.be"/>
			<property name="provenance" value="https://github.com/vlizBE/GRMPy_VLIZ/blob/e6b244a9809c8fe798002398fa5b13ad5cc8d076/tests/tests.yaml"/>
			<property name="create-issue" value="false"/>
		</properties>
	</testsuite>
</testsuites>
